<!DOCTYPE html>
<html lang="en">
<head>
    <meta charset="utf-8">
    <meta http-equiv="X-UA-Compatible" content="IE=edge">
    <meta name="viewport" content="width=device-width, initial-scale=1">

    <title>Kaitai Struct: test results - 2016-10-16 12:28:00 UTC</title>

    <link rel="stylesheet" href="https://maxcdn.bootstrapcdn.com/bootstrap/3.3.6/css/bootstrap.min.css">

    <script src="https://ajax.googleapis.com/ajax/libs/jquery/1.12.4/jquery.min.js"></script>

    <!-- HTML5 shim and Respond.js for IE8 support of HTML5 elements and media queries -->
    <!--[if lt IE 9]>
      <script src="https://oss.maxcdn.com/html5shiv/3.7.2/html5shiv.min.js"></script>
      <script src="https://oss.maxcdn.com/respond/1.4.2/respond.min.js"></script>
    <![endif]-->

    <style>
        .passed {
            background: #dff0d8;
        }
        .failed {
            background: #f2dede;
            cursor: pointer;
        }
        .format-build-failed, .spec-build-failed {
            background: #f2cece;
            cursor: pointer;
        }
        .no-run, .no-spec {
            background: #f2bebe;
        }
        th.section {
            text-align: center;
            font-size: 200%;
        }
        .add-info {
            position: absolute;
            display: none;
            background: #F0F0F0;
            border: 1px solid #A0A0A0;
        }
    </style>
</head>
<body>
    <div class="container">
    <h1>Kaitai Struct: build and test results, 2016-10-16 12:28:00 UTC</h1>

    <table class="table">
    <tr>
        <th>Test</th>

        <th>_expr</th>

        <th>cpp_stl</th>

        <th>csharp</th>

        <th>graphviz</th>

        <th>java</th>

        <th>javascript</th>

        <th>perl</th>

        <th>php</th>

        <th>python</th>

        <th>python2</th>

        <th>python3</th>

        <th>ruby</th>

    </tr>
    <tr>
        <th colspan="13" class="section">
            Expressions
        </th>
    </tr>

    <tr>
        <th>% passed</th>

        <td>100%</td>

        <td>97%</td>

        <td>100%</td>

        <td>57%</td>

        <td>100%</td>

        <td>100%</td>

        <td>87%</td>

        <td>91%</td>

        <td>100%</td>

        <td>0%</td>

        <td>0%</td>

        <td>100%</td>

    </tr>


    <tr>
        <td>&quot;12345&quot;.to_i</td>

        <td class="passed">passed

        </td>

        <td class="passed">passed

        </td>

        <td class="passed">passed

        </td>

        <td class="no-spec">no spec

          <div class="add-info">

              <div class="message">no expected result</div>

              <pre class="trace">
      org.scalatest.exceptions.TestFailedException: no expected result
      at org.scalatest.Assertions$class.newAssertionFailedException(Assertions.scala:495)
      at org.scalatest.FunSuite.newAssertionFailedException(FunSuite.scala:1555)
      at org.scalatest.Assertions$class.fail(Assertions.scala:1328)
      at org.scalatest.FunSuite.fail(FunSuite.scala:1555)
      at io.kaitai.struct.translators.TranslatorSpec$$anonfun$2$$anonfun$apply$3$$anonfun$apply$2.apply$mcV$sp(TranslatorSpec.scala:327)
      at io.kaitai.struct.translators.TranslatorSpec$$anonfun$2$$anonfun$apply$3$$anonfun$apply$2.apply(TranslatorSpec.scala:319)
      at io.kaitai.struct.translators.TranslatorSpec$$anonfun$2$$anonfun$apply$3$$anonfun$apply$2.apply(TranslatorSpec.scala:319)
      at org.scalatest.Transformer$$anonfun$apply$1.apply$mcV$sp(Transformer.scala:22)
      at org.scalatest.OutcomeOf$class.outcomeOf(OutcomeOf.scala:85)
      at org.scalatest.OutcomeOf$.outcomeOf(OutcomeOf.scala:104)
      at org.scalatest.Transformer.apply(Transformer.scala:22)
      at org.scalatest.Transformer.apply(Transformer.scala:20)
      at org.scalatest.FunSuiteLike$$anon$1.apply(FunSuiteLike.scala:166)
      at org.scalatest.Suite$class.withFixture(Suite.scala:1122)
      at org.scalatest.FunSuite.withFixture(FunSuite.scala:1555)
      at org.scalatest.FunSuiteLike$class.invokeWithFixture$1(FunSuiteLike.scala:163)
      at org.scalatest.FunSuiteLike$$anonfun$runTest$1.apply(FunSuiteLike.scala:175)
      at org.scalatest.FunSuiteLike$$anonfun$runTest$1.apply(FunSuiteLike.scala:175)
      at org.scalatest.SuperEngine.runTestImpl(Engine.scala:306)
      at org.scalatest.FunSuiteLike$class.runTest(FunSuiteLike.scala:175)
      at org.scalatest.FunSuite.runTest(FunSuite.scala:1555)
      at org.scalatest.FunSuiteLike$$anonfun$runTests$1.apply(FunSuiteLike.scala:208)
      at org.scalatest.FunSuiteLike$$anonfun$runTests$1.apply(FunSuiteLike.scala:208)
      at org.scalatest.SuperEngine$$anonfun$traverseSubNodes$1$1.apply(Engine.scala:413)
      at org.scalatest.SuperEngine$$anonfun$traverseSubNodes$1$1.apply(Engine.scala:401)
      at scala.collection.immutable.List.foreach(List.scala:381)
      at org.scalatest.SuperEngine.traverseSubNodes$1(Engine.scala:401)
      at org.scalatest.SuperEngine.org$scalatest$SuperEngine$$runTestsInBranch(Engine.scala:396)
      at org.scalatest.SuperEngine.runTestsImpl(Engine.scala:483)
      at org.scalatest.FunSuiteLike$class.runTests(FunSuiteLike.scala:208)
      at org.scalatest.FunSuite.runTests(FunSuite.scala:1555)
      at org.scalatest.Suite$class.run(Suite.scala:1424)
      at org.scalatest.FunSuite.org$scalatest$FunSuiteLike$$super$run(FunSuite.scala:1555)
      at org.scalatest.FunSuiteLike$$anonfun$run$1.apply(FunSuiteLike.scala:212)
      at org.scalatest.FunSuiteLike$$anonfun$run$1.apply(FunSuiteLike.scala:212)
      at org.scalatest.SuperEngine.runImpl(Engine.scala:545)
      at org.scalatest.FunSuiteLike$class.run(FunSuiteLike.scala:212)
      at org.scalatest.FunSuite.run(FunSuite.scala:1555)
      at org.scalatest.tools.Framework.org$scalatest$tools$Framework$$runSuite(Framework.scala:357)
      at org.scalatest.tools.Framework$ScalaTestTask.execute(Framework.scala:502)
      at sbt.TestRunner.runTest$1(TestFramework.scala:76)
      at sbt.TestRunner.run(TestFramework.scala:85)
      at sbt.TestFramework$$anon$2$$anonfun$$init$$1$$anonfun$apply$8.apply(TestFramework.scala:202)
      at sbt.TestFramework$$anon$2$$anonfun$$init$$1$$anonfun$apply$8.apply(TestFramework.scala:202)
      at sbt.TestFramework$.sbt$TestFramework$$withContextLoader(TestFramework.scala:185)
      at sbt.TestFramework$$anon$2$$anonfun$$init$$1.apply(TestFramework.scala:202)
      at sbt.TestFramework$$anon$2$$anonfun$$init$$1.apply(TestFramework.scala:202)
      at sbt.TestFunction.apply(TestFramework.scala:207)
      at sbt.Tests$$anonfun$9.apply(Tests.scala:216)
      at sbt.Tests$$anonfun$9.apply(Tests.scala:216)
      at sbt.std.Transform$$anon$3$$anonfun$apply$2.apply(System.scala:44)
      at sbt.std.Transform$$anon$3$$anonfun$apply$2.apply(System.scala:44)
      at sbt.std.Transform$$anon$4.work(System.scala:63)
      at sbt.Execute$$anonfun$submit$1$$anonfun$apply$1.apply(Execute.scala:226)
      at sbt.Execute$$anonfun$submit$1$$anonfun$apply$1.apply(Execute.scala:226)
      at sbt.ErrorHandling$.wideConvert(ErrorHandling.scala:17)
      at sbt.Execute.work(Execute.scala:235)
      at sbt.Execute$$anonfun$submit$1.apply(Execute.scala:226)
      at sbt.Execute$$anonfun$submit$1.apply(Execute.scala:226)
      at sbt.ConcurrentRestrictions$$anon$4$$anonfun$1.apply(ConcurrentRestrictions.scala:159)
      at sbt.CompletionService$$anon$2.call(CompletionService.scala:28)
      at java.util.concurrent.FutureTask.run(FutureTask.java:266)
      at java.util.concurrent.Executors$RunnableAdapter.call(Executors.java:511)
      at java.util.concurrent.FutureTask.run(FutureTask.java:266)
      at java.util.concurrent.ThreadPoolExecutor.runWorker(ThreadPoolExecutor.java:1142)
      at java.util.concurrent.ThreadPoolExecutor$Worker.run(ThreadPoolExecutor.java:617)
      at java.lang.Thread.run(Thread.java:745)
</pre>

          </div>

        </td>

        <td class="passed">passed

        </td>

        <td class="passed">passed

        </td>

        <td class="passed">passed

        </td>

        <td class="passed">passed

        </td>

        <td class="passed">passed

        </td>

        <td class="no-run">didn't run</td>

        <td class="no-run">didn't run</td>

        <td class="passed">passed

        </td>

    </tr>

    <tr>
        <td>&quot;1234fe&quot;.to_i(16)</td>

        <td class="passed">passed

        </td>

        <td class="passed">passed

        </td>

        <td class="passed">passed

        </td>

        <td class="no-spec">no spec

          <div class="add-info">

              <div class="message">no expected result</div>

              <pre class="trace">
      org.scalatest.exceptions.TestFailedException: no expected result
      at org.scalatest.Assertions$class.newAssertionFailedException(Assertions.scala:495)
      at org.scalatest.FunSuite.newAssertionFailedException(FunSuite.scala:1555)
      at org.scalatest.Assertions$class.fail(Assertions.scala:1328)
      at org.scalatest.FunSuite.fail(FunSuite.scala:1555)
      at io.kaitai.struct.translators.TranslatorSpec$$anonfun$2$$anonfun$apply$3$$anonfun$apply$2.apply$mcV$sp(TranslatorSpec.scala:327)
      at io.kaitai.struct.translators.TranslatorSpec$$anonfun$2$$anonfun$apply$3$$anonfun$apply$2.apply(TranslatorSpec.scala:319)
      at io.kaitai.struct.translators.TranslatorSpec$$anonfun$2$$anonfun$apply$3$$anonfun$apply$2.apply(TranslatorSpec.scala:319)
      at org.scalatest.Transformer$$anonfun$apply$1.apply$mcV$sp(Transformer.scala:22)
      at org.scalatest.OutcomeOf$class.outcomeOf(OutcomeOf.scala:85)
      at org.scalatest.OutcomeOf$.outcomeOf(OutcomeOf.scala:104)
      at org.scalatest.Transformer.apply(Transformer.scala:22)
      at org.scalatest.Transformer.apply(Transformer.scala:20)
      at org.scalatest.FunSuiteLike$$anon$1.apply(FunSuiteLike.scala:166)
      at org.scalatest.Suite$class.withFixture(Suite.scala:1122)
      at org.scalatest.FunSuite.withFixture(FunSuite.scala:1555)
      at org.scalatest.FunSuiteLike$class.invokeWithFixture$1(FunSuiteLike.scala:163)
      at org.scalatest.FunSuiteLike$$anonfun$runTest$1.apply(FunSuiteLike.scala:175)
      at org.scalatest.FunSuiteLike$$anonfun$runTest$1.apply(FunSuiteLike.scala:175)
      at org.scalatest.SuperEngine.runTestImpl(Engine.scala:306)
      at org.scalatest.FunSuiteLike$class.runTest(FunSuiteLike.scala:175)
      at org.scalatest.FunSuite.runTest(FunSuite.scala:1555)
      at org.scalatest.FunSuiteLike$$anonfun$runTests$1.apply(FunSuiteLike.scala:208)
      at org.scalatest.FunSuiteLike$$anonfun$runTests$1.apply(FunSuiteLike.scala:208)
      at org.scalatest.SuperEngine$$anonfun$traverseSubNodes$1$1.apply(Engine.scala:413)
      at org.scalatest.SuperEngine$$anonfun$traverseSubNodes$1$1.apply(Engine.scala:401)
      at scala.collection.immutable.List.foreach(List.scala:381)
      at org.scalatest.SuperEngine.traverseSubNodes$1(Engine.scala:401)
      at org.scalatest.SuperEngine.org$scalatest$SuperEngine$$runTestsInBranch(Engine.scala:396)
      at org.scalatest.SuperEngine.runTestsImpl(Engine.scala:483)
      at org.scalatest.FunSuiteLike$class.runTests(FunSuiteLike.scala:208)
      at org.scalatest.FunSuite.runTests(FunSuite.scala:1555)
      at org.scalatest.Suite$class.run(Suite.scala:1424)
      at org.scalatest.FunSuite.org$scalatest$FunSuiteLike$$super$run(FunSuite.scala:1555)
      at org.scalatest.FunSuiteLike$$anonfun$run$1.apply(FunSuiteLike.scala:212)
      at org.scalatest.FunSuiteLike$$anonfun$run$1.apply(FunSuiteLike.scala:212)
      at org.scalatest.SuperEngine.runImpl(Engine.scala:545)
      at org.scalatest.FunSuiteLike$class.run(FunSuiteLike.scala:212)
      at org.scalatest.FunSuite.run(FunSuite.scala:1555)
      at org.scalatest.tools.Framework.org$scalatest$tools$Framework$$runSuite(Framework.scala:357)
      at org.scalatest.tools.Framework$ScalaTestTask.execute(Framework.scala:502)
      at sbt.TestRunner.runTest$1(TestFramework.scala:76)
      at sbt.TestRunner.run(TestFramework.scala:85)
      at sbt.TestFramework$$anon$2$$anonfun$$init$$1$$anonfun$apply$8.apply(TestFramework.scala:202)
      at sbt.TestFramework$$anon$2$$anonfun$$init$$1$$anonfun$apply$8.apply(TestFramework.scala:202)
      at sbt.TestFramework$.sbt$TestFramework$$withContextLoader(TestFramework.scala:185)
      at sbt.TestFramework$$anon$2$$anonfun$$init$$1.apply(TestFramework.scala:202)
      at sbt.TestFramework$$anon$2$$anonfun$$init$$1.apply(TestFramework.scala:202)
      at sbt.TestFunction.apply(TestFramework.scala:207)
      at sbt.Tests$$anonfun$9.apply(Tests.scala:216)
      at sbt.Tests$$anonfun$9.apply(Tests.scala:216)
      at sbt.std.Transform$$anon$3$$anonfun$apply$2.apply(System.scala:44)
      at sbt.std.Transform$$anon$3$$anonfun$apply$2.apply(System.scala:44)
      at sbt.std.Transform$$anon$4.work(System.scala:63)
      at sbt.Execute$$anonfun$submit$1$$anonfun$apply$1.apply(Execute.scala:226)
      at sbt.Execute$$anonfun$submit$1$$anonfun$apply$1.apply(Execute.scala:226)
      at sbt.ErrorHandling$.wideConvert(ErrorHandling.scala:17)
      at sbt.Execute.work(Execute.scala:235)
      at sbt.Execute$$anonfun$submit$1.apply(Execute.scala:226)
      at sbt.Execute$$anonfun$submit$1.apply(Execute.scala:226)
      at sbt.ConcurrentRestrictions$$anon$4$$anonfun$1.apply(ConcurrentRestrictions.scala:159)
      at sbt.CompletionService$$anon$2.call(CompletionService.scala:28)
      at java.util.concurrent.FutureTask.run(FutureTask.java:266)
      at java.util.concurrent.Executors$RunnableAdapter.call(Executors.java:511)
      at java.util.concurrent.FutureTask.run(FutureTask.java:266)
      at java.util.concurrent.ThreadPoolExecutor.runWorker(ThreadPoolExecutor.java:1142)
      at java.util.concurrent.ThreadPoolExecutor$Worker.run(ThreadPoolExecutor.java:617)
      at java.lang.Thread.run(Thread.java:745)
</pre>

          </div>

        </td>

        <td class="passed">passed

        </td>

        <td class="passed">passed

        </td>

        <td class="passed">passed

        </td>

        <td class="passed">passed

        </td>

        <td class="passed">passed

        </td>

        <td class="no-run">didn't run</td>

        <td class="no-run">didn't run</td>

        <td class="passed">passed

        </td>

    </tr>

    <tr>
        <td>&quot;str&quot;</td>

        <td class="passed">passed

        </td>

        <td class="passed">passed

        </td>

        <td class="passed">passed

        </td>

        <td class="no-spec">no spec

          <div class="add-info">

              <div class="message">no expected result</div>

              <pre class="trace">
      org.scalatest.exceptions.TestFailedException: no expected result
      at org.scalatest.Assertions$class.newAssertionFailedException(Assertions.scala:495)
      at org.scalatest.FunSuite.newAssertionFailedException(FunSuite.scala:1555)
      at org.scalatest.Assertions$class.fail(Assertions.scala:1328)
      at org.scalatest.FunSuite.fail(FunSuite.scala:1555)
      at io.kaitai.struct.translators.TranslatorSpec$$anonfun$2$$anonfun$apply$3$$anonfun$apply$2.apply$mcV$sp(TranslatorSpec.scala:327)
      at io.kaitai.struct.translators.TranslatorSpec$$anonfun$2$$anonfun$apply$3$$anonfun$apply$2.apply(TranslatorSpec.scala:319)
      at io.kaitai.struct.translators.TranslatorSpec$$anonfun$2$$anonfun$apply$3$$anonfun$apply$2.apply(TranslatorSpec.scala:319)
      at org.scalatest.Transformer$$anonfun$apply$1.apply$mcV$sp(Transformer.scala:22)
      at org.scalatest.OutcomeOf$class.outcomeOf(OutcomeOf.scala:85)
      at org.scalatest.OutcomeOf$.outcomeOf(OutcomeOf.scala:104)
      at org.scalatest.Transformer.apply(Transformer.scala:22)
      at org.scalatest.Transformer.apply(Transformer.scala:20)
      at org.scalatest.FunSuiteLike$$anon$1.apply(FunSuiteLike.scala:166)
      at org.scalatest.Suite$class.withFixture(Suite.scala:1122)
      at org.scalatest.FunSuite.withFixture(FunSuite.scala:1555)
      at org.scalatest.FunSuiteLike$class.invokeWithFixture$1(FunSuiteLike.scala:163)
      at org.scalatest.FunSuiteLike$$anonfun$runTest$1.apply(FunSuiteLike.scala:175)
      at org.scalatest.FunSuiteLike$$anonfun$runTest$1.apply(FunSuiteLike.scala:175)
      at org.scalatest.SuperEngine.runTestImpl(Engine.scala:306)
      at org.scalatest.FunSuiteLike$class.runTest(FunSuiteLike.scala:175)
      at org.scalatest.FunSuite.runTest(FunSuite.scala:1555)
      at org.scalatest.FunSuiteLike$$anonfun$runTests$1.apply(FunSuiteLike.scala:208)
      at org.scalatest.FunSuiteLike$$anonfun$runTests$1.apply(FunSuiteLike.scala:208)
      at org.scalatest.SuperEngine$$anonfun$traverseSubNodes$1$1.apply(Engine.scala:413)
      at org.scalatest.SuperEngine$$anonfun$traverseSubNodes$1$1.apply(Engine.scala:401)
      at scala.collection.immutable.List.foreach(List.scala:381)
      at org.scalatest.SuperEngine.traverseSubNodes$1(Engine.scala:401)
      at org.scalatest.SuperEngine.org$scalatest$SuperEngine$$runTestsInBranch(Engine.scala:396)
      at org.scalatest.SuperEngine.runTestsImpl(Engine.scala:483)
      at org.scalatest.FunSuiteLike$class.runTests(FunSuiteLike.scala:208)
      at org.scalatest.FunSuite.runTests(FunSuite.scala:1555)
      at org.scalatest.Suite$class.run(Suite.scala:1424)
      at org.scalatest.FunSuite.org$scalatest$FunSuiteLike$$super$run(FunSuite.scala:1555)
      at org.scalatest.FunSuiteLike$$anonfun$run$1.apply(FunSuiteLike.scala:212)
      at org.scalatest.FunSuiteLike$$anonfun$run$1.apply(FunSuiteLike.scala:212)
      at org.scalatest.SuperEngine.runImpl(Engine.scala:545)
      at org.scalatest.FunSuiteLike$class.run(FunSuiteLike.scala:212)
      at org.scalatest.FunSuite.run(FunSuite.scala:1555)
      at org.scalatest.tools.Framework.org$scalatest$tools$Framework$$runSuite(Framework.scala:357)
      at org.scalatest.tools.Framework$ScalaTestTask.execute(Framework.scala:502)
      at sbt.TestRunner.runTest$1(TestFramework.scala:76)
      at sbt.TestRunner.run(TestFramework.scala:85)
      at sbt.TestFramework$$anon$2$$anonfun$$init$$1$$anonfun$apply$8.apply(TestFramework.scala:202)
      at sbt.TestFramework$$anon$2$$anonfun$$init$$1$$anonfun$apply$8.apply(TestFramework.scala:202)
      at sbt.TestFramework$.sbt$TestFramework$$withContextLoader(TestFramework.scala:185)
      at sbt.TestFramework$$anon$2$$anonfun$$init$$1.apply(TestFramework.scala:202)
      at sbt.TestFramework$$anon$2$$anonfun$$init$$1.apply(TestFramework.scala:202)
      at sbt.TestFunction.apply(TestFramework.scala:207)
      at sbt.Tests$$anonfun$9.apply(Tests.scala:216)
      at sbt.Tests$$anonfun$9.apply(Tests.scala:216)
      at sbt.std.Transform$$anon$3$$anonfun$apply$2.apply(System.scala:44)
      at sbt.std.Transform$$anon$3$$anonfun$apply$2.apply(System.scala:44)
      at sbt.std.Transform$$anon$4.work(System.scala:63)
      at sbt.Execute$$anonfun$submit$1$$anonfun$apply$1.apply(Execute.scala:226)
      at sbt.Execute$$anonfun$submit$1$$anonfun$apply$1.apply(Execute.scala:226)
      at sbt.ErrorHandling$.wideConvert(ErrorHandling.scala:17)
      at sbt.Execute.work(Execute.scala:235)
      at sbt.Execute$$anonfun$submit$1.apply(Execute.scala:226)
      at sbt.Execute$$anonfun$submit$1.apply(Execute.scala:226)
      at sbt.ConcurrentRestrictions$$anon$4$$anonfun$1.apply(ConcurrentRestrictions.scala:159)
      at sbt.CompletionService$$anon$2.call(CompletionService.scala:28)
      at java.util.concurrent.FutureTask.run(FutureTask.java:266)
      at java.util.concurrent.Executors$RunnableAdapter.call(Executors.java:511)
      at java.util.concurrent.FutureTask.run(FutureTask.java:266)
      at java.util.concurrent.ThreadPoolExecutor.runWorker(ThreadPoolExecutor.java:1142)
      at java.util.concurrent.ThreadPoolExecutor$Worker.run(ThreadPoolExecutor.java:617)
      at java.lang.Thread.run(Thread.java:745)
</pre>

          </div>

        </td>

        <td class="passed">passed

        </td>

        <td class="passed">passed

        </td>

        <td class="passed">passed

        </td>

        <td class="passed">passed

        </td>

        <td class="passed">passed

        </td>

        <td class="no-run">didn't run</td>

        <td class="no-run">didn't run</td>

        <td class="passed">passed

        </td>

    </tr>

    <tr>
        <td>&quot;str&quot;.length</td>

        <td class="passed">passed

        </td>

        <td class="passed">passed

        </td>

        <td class="passed">passed

        </td>

        <td class="no-spec">no spec

          <div class="add-info">

              <div class="message">no expected result</div>

              <pre class="trace">
      org.scalatest.exceptions.TestFailedException: no expected result
      at org.scalatest.Assertions$class.newAssertionFailedException(Assertions.scala:495)
      at org.scalatest.FunSuite.newAssertionFailedException(FunSuite.scala:1555)
      at org.scalatest.Assertions$class.fail(Assertions.scala:1328)
      at org.scalatest.FunSuite.fail(FunSuite.scala:1555)
      at io.kaitai.struct.translators.TranslatorSpec$$anonfun$2$$anonfun$apply$3$$anonfun$apply$2.apply$mcV$sp(TranslatorSpec.scala:327)
      at io.kaitai.struct.translators.TranslatorSpec$$anonfun$2$$anonfun$apply$3$$anonfun$apply$2.apply(TranslatorSpec.scala:319)
      at io.kaitai.struct.translators.TranslatorSpec$$anonfun$2$$anonfun$apply$3$$anonfun$apply$2.apply(TranslatorSpec.scala:319)
      at org.scalatest.Transformer$$anonfun$apply$1.apply$mcV$sp(Transformer.scala:22)
      at org.scalatest.OutcomeOf$class.outcomeOf(OutcomeOf.scala:85)
      at org.scalatest.OutcomeOf$.outcomeOf(OutcomeOf.scala:104)
      at org.scalatest.Transformer.apply(Transformer.scala:22)
      at org.scalatest.Transformer.apply(Transformer.scala:20)
      at org.scalatest.FunSuiteLike$$anon$1.apply(FunSuiteLike.scala:166)
      at org.scalatest.Suite$class.withFixture(Suite.scala:1122)
      at org.scalatest.FunSuite.withFixture(FunSuite.scala:1555)
      at org.scalatest.FunSuiteLike$class.invokeWithFixture$1(FunSuiteLike.scala:163)
      at org.scalatest.FunSuiteLike$$anonfun$runTest$1.apply(FunSuiteLike.scala:175)
      at org.scalatest.FunSuiteLike$$anonfun$runTest$1.apply(FunSuiteLike.scala:175)
      at org.scalatest.SuperEngine.runTestImpl(Engine.scala:306)
      at org.scalatest.FunSuiteLike$class.runTest(FunSuiteLike.scala:175)
      at org.scalatest.FunSuite.runTest(FunSuite.scala:1555)
      at org.scalatest.FunSuiteLike$$anonfun$runTests$1.apply(FunSuiteLike.scala:208)
      at org.scalatest.FunSuiteLike$$anonfun$runTests$1.apply(FunSuiteLike.scala:208)
      at org.scalatest.SuperEngine$$anonfun$traverseSubNodes$1$1.apply(Engine.scala:413)
      at org.scalatest.SuperEngine$$anonfun$traverseSubNodes$1$1.apply(Engine.scala:401)
      at scala.collection.immutable.List.foreach(List.scala:381)
      at org.scalatest.SuperEngine.traverseSubNodes$1(Engine.scala:401)
      at org.scalatest.SuperEngine.org$scalatest$SuperEngine$$runTestsInBranch(Engine.scala:396)
      at org.scalatest.SuperEngine.runTestsImpl(Engine.scala:483)
      at org.scalatest.FunSuiteLike$class.runTests(FunSuiteLike.scala:208)
      at org.scalatest.FunSuite.runTests(FunSuite.scala:1555)
      at org.scalatest.Suite$class.run(Suite.scala:1424)
      at org.scalatest.FunSuite.org$scalatest$FunSuiteLike$$super$run(FunSuite.scala:1555)
      at org.scalatest.FunSuiteLike$$anonfun$run$1.apply(FunSuiteLike.scala:212)
      at org.scalatest.FunSuiteLike$$anonfun$run$1.apply(FunSuiteLike.scala:212)
      at org.scalatest.SuperEngine.runImpl(Engine.scala:545)
      at org.scalatest.FunSuiteLike$class.run(FunSuiteLike.scala:212)
      at org.scalatest.FunSuite.run(FunSuite.scala:1555)
      at org.scalatest.tools.Framework.org$scalatest$tools$Framework$$runSuite(Framework.scala:357)
      at org.scalatest.tools.Framework$ScalaTestTask.execute(Framework.scala:502)
      at sbt.TestRunner.runTest$1(TestFramework.scala:76)
      at sbt.TestRunner.run(TestFramework.scala:85)
      at sbt.TestFramework$$anon$2$$anonfun$$init$$1$$anonfun$apply$8.apply(TestFramework.scala:202)
      at sbt.TestFramework$$anon$2$$anonfun$$init$$1$$anonfun$apply$8.apply(TestFramework.scala:202)
      at sbt.TestFramework$.sbt$TestFramework$$withContextLoader(TestFramework.scala:185)
      at sbt.TestFramework$$anon$2$$anonfun$$init$$1.apply(TestFramework.scala:202)
      at sbt.TestFramework$$anon$2$$anonfun$$init$$1.apply(TestFramework.scala:202)
      at sbt.TestFunction.apply(TestFramework.scala:207)
      at sbt.Tests$$anonfun$9.apply(Tests.scala:216)
      at sbt.Tests$$anonfun$9.apply(Tests.scala:216)
      at sbt.std.Transform$$anon$3$$anonfun$apply$2.apply(System.scala:44)
      at sbt.std.Transform$$anon$3$$anonfun$apply$2.apply(System.scala:44)
      at sbt.std.Transform$$anon$4.work(System.scala:63)
      at sbt.Execute$$anonfun$submit$1$$anonfun$apply$1.apply(Execute.scala:226)
      at sbt.Execute$$anonfun$submit$1$$anonfun$apply$1.apply(Execute.scala:226)
      at sbt.ErrorHandling$.wideConvert(ErrorHandling.scala:17)
      at sbt.Execute.work(Execute.scala:235)
      at sbt.Execute$$anonfun$submit$1.apply(Execute.scala:226)
      at sbt.Execute$$anonfun$submit$1.apply(Execute.scala:226)
      at sbt.ConcurrentRestrictions$$anon$4$$anonfun$1.apply(ConcurrentRestrictions.scala:159)
      at sbt.CompletionService$$anon$2.call(CompletionService.scala:28)
      at java.util.concurrent.FutureTask.run(FutureTask.java:266)
      at java.util.concurrent.Executors$RunnableAdapter.call(Executors.java:511)
      at java.util.concurrent.FutureTask.run(FutureTask.java:266)
      at java.util.concurrent.ThreadPoolExecutor.runWorker(ThreadPoolExecutor.java:1142)
      at java.util.concurrent.ThreadPoolExecutor$Worker.run(ThreadPoolExecutor.java:617)
      at java.lang.Thread.run(Thread.java:745)
</pre>

          </div>

        </td>

        <td class="passed">passed

        </td>

        <td class="passed">passed

        </td>

        <td class="passed">passed

        </td>

        <td class="passed">passed

        </td>

        <td class="passed">passed

        </td>

        <td class="no-run">didn't run</td>

        <td class="no-run">didn't run</td>

        <td class="passed">passed

        </td>

    </tr>

    <tr>
        <td>&quot;str1&quot; != &quot;str2&quot;</td>

        <td class="passed">passed

        </td>

        <td class="passed">passed

        </td>

        <td class="passed">passed

        </td>

        <td class="passed">passed

        </td>

        <td class="passed">passed

        </td>

        <td class="passed">passed

        </td>

        <td class="passed">passed

        </td>

        <td class="passed">passed

        </td>

        <td class="passed">passed

        </td>

        <td class="no-run">didn't run</td>

        <td class="no-run">didn't run</td>

        <td class="passed">passed

        </td>

    </tr>

    <tr>
        <td>&quot;str1&quot; + &quot;str2&quot;</td>

        <td class="passed">passed

        </td>

        <td class="passed">passed

        </td>

        <td class="passed">passed

        </td>

        <td class="passed">passed

        </td>

        <td class="passed">passed

        </td>

        <td class="passed">passed

        </td>

        <td class="passed">passed

        </td>

        <td class="passed">passed

        </td>

        <td class="passed">passed

        </td>

        <td class="no-run">didn't run</td>

        <td class="no-run">didn't run</td>

        <td class="passed">passed

        </td>

    </tr>

    <tr>
        <td>&quot;str1&quot; &lt; &quot;str2&quot;</td>

        <td class="passed">passed

        </td>

        <td class="passed">passed

        </td>

        <td class="passed">passed

        </td>

        <td class="passed">passed

        </td>

        <td class="passed">passed

        </td>

        <td class="passed">passed

        </td>

        <td class="passed">passed

        </td>

        <td class="passed">passed

        </td>

        <td class="passed">passed

        </td>

        <td class="no-run">didn't run</td>

        <td class="no-run">didn't run</td>

        <td class="passed">passed

        </td>

    </tr>

    <tr>
        <td>&quot;str1&quot; == &quot;str2&quot;</td>

        <td class="passed">passed

        </td>

        <td class="passed">passed

        </td>

        <td class="passed">passed

        </td>

        <td class="passed">passed

        </td>

        <td class="passed">passed

        </td>

        <td class="passed">passed

        </td>

        <td class="passed">passed

        </td>

        <td class="passed">passed

        </td>

        <td class="passed">passed

        </td>

        <td class="no-run">didn't run</td>

        <td class="no-run">didn't run</td>

        <td class="passed">passed

        </td>

    </tr>

    <tr>
        <td>(1 + 2) / (7 * 8)</td>

        <td class="passed">passed

        </td>

        <td class="passed">passed

        </td>

        <td class="passed">passed

        </td>

        <td class="passed">passed

        </td>

        <td class="passed">passed

        </td>

        <td class="passed">passed

        </td>

        <td class="passed">passed

        </td>

        <td class="passed">passed

        </td>

        <td class="passed">passed

        </td>

        <td class="no-run">didn't run</td>

        <td class="no-run">didn't run</td>

        <td class="passed">passed

        </td>

    </tr>

    <tr>
        <td>(1 + 2) / (7 * 8.1)</td>

        <td class="passed">passed

        </td>

        <td class="passed">passed

        </td>

        <td class="passed">passed

        </td>

        <td class="passed">passed

        </td>

        <td class="passed">passed

        </td>

        <td class="passed">passed

        </td>

        <td class="passed">passed

        </td>

        <td class="passed">passed

        </td>

        <td class="passed">passed

        </td>

        <td class="no-run">didn't run</td>

        <td class="no-run">didn't run</td>

        <td class="passed">passed

        </td>

    </tr>

    <tr>
        <td>-123.456</td>

        <td class="passed">passed

        </td>

        <td class="passed">passed

        </td>

        <td class="passed">passed

        </td>

        <td class="passed">passed

        </td>

        <td class="passed">passed

        </td>

        <td class="passed">passed

        </td>

        <td class="passed">passed

        </td>

        <td class="passed">passed

        </td>

        <td class="passed">passed

        </td>

        <td class="no-run">didn't run</td>

        <td class="no-run">didn't run</td>

        <td class="passed">passed

        </td>

    </tr>

    <tr>
        <td>-456</td>

        <td class="passed">passed

        </td>

        <td class="passed">passed

        </td>

        <td class="passed">passed

        </td>

        <td class="passed">passed

        </td>

        <td class="passed">passed

        </td>

        <td class="passed">passed

        </td>

        <td class="passed">passed

        </td>

        <td class="passed">passed

        </td>

        <td class="passed">passed

        </td>

        <td class="no-run">didn't run</td>

        <td class="no-run">didn't run</td>

        <td class="passed">passed

        </td>

    </tr>

    <tr>
        <td>0x1234</td>

        <td class="passed">passed

        </td>

        <td class="passed">passed

        </td>

        <td class="passed">passed

        </td>

        <td class="passed">passed

        </td>

        <td class="passed">passed

        </td>

        <td class="passed">passed

        </td>

        <td class="passed">passed

        </td>

        <td class="passed">passed

        </td>

        <td class="passed">passed

        </td>

        <td class="no-run">didn't run</td>

        <td class="no-run">didn't run</td>

        <td class="passed">passed

        </td>

    </tr>

    <tr>
        <td>1 + 2</td>

        <td class="passed">passed

        </td>

        <td class="passed">passed

        </td>

        <td class="passed">passed

        </td>

        <td class="passed">passed

        </td>

        <td class="passed">passed

        </td>

        <td class="passed">passed

        </td>

        <td class="passed">passed

        </td>

        <td class="passed">passed

        </td>

        <td class="passed">passed

        </td>

        <td class="no-run">didn't run</td>

        <td class="no-run">didn't run</td>

        <td class="passed">passed

        </td>

    </tr>

    <tr>
        <td>1 + 2 + 5</td>

        <td class="passed">passed

        </td>

        <td class="passed">passed

        </td>

        <td class="passed">passed

        </td>

        <td class="passed">passed

        </td>

        <td class="passed">passed

        </td>

        <td class="passed">passed

        </td>

        <td class="passed">passed

        </td>

        <td class="passed">passed

        </td>

        <td class="passed">passed

        </td>

        <td class="no-run">didn't run</td>

        <td class="no-run">didn't run</td>

        <td class="passed">passed

        </td>

    </tr>

    <tr>
        <td>1 + 3.4</td>

        <td class="passed">passed

        </td>

        <td class="passed">passed

        </td>

        <td class="passed">passed

        </td>

        <td class="passed">passed

        </td>

        <td class="passed">passed

        </td>

        <td class="passed">passed

        </td>

        <td class="passed">passed

        </td>

        <td class="passed">passed

        </td>

        <td class="passed">passed

        </td>

        <td class="no-run">didn't run</td>

        <td class="no-run">didn't run</td>

        <td class="passed">passed

        </td>

    </tr>

    <tr>
        <td>1 &lt; 2</td>

        <td class="passed">passed

        </td>

        <td class="passed">passed

        </td>

        <td class="passed">passed

        </td>

        <td class="passed">passed

        </td>

        <td class="passed">passed

        </td>

        <td class="passed">passed

        </td>

        <td class="passed">passed

        </td>

        <td class="passed">passed

        </td>

        <td class="passed">passed

        </td>

        <td class="no-run">didn't run</td>

        <td class="no-run">didn't run</td>

        <td class="passed">passed

        </td>

    </tr>

    <tr>
        <td>1 == 2</td>

        <td class="passed">passed

        </td>

        <td class="passed">passed

        </td>

        <td class="passed">passed

        </td>

        <td class="passed">passed

        </td>

        <td class="passed">passed

        </td>

        <td class="passed">passed

        </td>

        <td class="passed">passed

        </td>

        <td class="passed">passed

        </td>

        <td class="passed">passed

        </td>

        <td class="no-run">didn't run</td>

        <td class="no-run">didn't run</td>

        <td class="passed">passed

        </td>

    </tr>

    <tr>
        <td>1.0</td>

        <td class="passed">passed

        </td>

        <td class="passed">passed

        </td>

        <td class="passed">passed

        </td>

        <td class="passed">passed

        </td>

        <td class="passed">passed

        </td>

        <td class="passed">passed

        </td>

        <td class="passed">passed

        </td>

        <td class="passed">passed

        </td>

        <td class="passed">passed

        </td>

        <td class="no-run">didn't run</td>

        <td class="no-run">didn't run</td>

        <td class="passed">passed

        </td>

    </tr>

    <tr>
        <td>1.0 &lt; 2</td>

        <td class="passed">passed

        </td>

        <td class="passed">passed

        </td>

        <td class="passed">passed

        </td>

        <td class="passed">passed

        </td>

        <td class="passed">passed

        </td>

        <td class="passed">passed

        </td>

        <td class="passed">passed

        </td>

        <td class="passed">passed

        </td>

        <td class="passed">passed

        </td>

        <td class="no-run">didn't run</td>

        <td class="no-run">didn't run</td>

        <td class="passed">passed

        </td>

    </tr>

    <tr>
        <td>1.2 + 3</td>

        <td class="passed">passed

        </td>

        <td class="passed">passed

        </td>

        <td class="passed">passed

        </td>

        <td class="passed">passed

        </td>

        <td class="passed">passed

        </td>

        <td class="passed">passed

        </td>

        <td class="passed">passed

        </td>

        <td class="passed">passed

        </td>

        <td class="passed">passed

        </td>

        <td class="no-run">didn't run</td>

        <td class="no-run">didn't run</td>

        <td class="passed">passed

        </td>

    </tr>

    <tr>
        <td>1.2 + 3.4</td>

        <td class="passed">passed

        </td>

        <td class="passed">passed

        </td>

        <td class="passed">passed

        </td>

        <td class="passed">passed

        </td>

        <td class="passed">passed

        </td>

        <td class="passed">passed

        </td>

        <td class="passed">passed

        </td>

        <td class="passed">passed

        </td>

        <td class="passed">passed

        </td>

        <td class="no-run">didn't run</td>

        <td class="no-run">didn't run</td>

        <td class="passed">passed

        </td>

    </tr>

    <tr>
        <td>123</td>

        <td class="passed">passed

        </td>

        <td class="passed">passed

        </td>

        <td class="passed">passed

        </td>

        <td class="passed">passed

        </td>

        <td class="passed">passed

        </td>

        <td class="passed">passed

        </td>

        <td class="passed">passed

        </td>

        <td class="passed">passed

        </td>

        <td class="passed">passed

        </td>

        <td class="no-run">didn't run</td>

        <td class="no-run">didn't run</td>

        <td class="passed">passed

        </td>

    </tr>

    <tr>
        <td>123.456</td>

        <td class="passed">passed

        </td>

        <td class="passed">passed

        </td>

        <td class="passed">passed

        </td>

        <td class="passed">passed

        </td>

        <td class="passed">passed

        </td>

        <td class="passed">passed

        </td>

        <td class="passed">passed

        </td>

        <td class="passed">passed

        </td>

        <td class="passed">passed

        </td>

        <td class="no-run">didn't run</td>

        <td class="no-run">didn't run</td>

        <td class="passed">passed

        </td>

    </tr>

    <tr>
        <td>1234</td>

        <td class="passed">passed

        </td>

        <td class="passed">passed

        </td>

        <td class="passed">passed

        </td>

        <td class="passed">passed

        </td>

        <td class="passed">passed

        </td>

        <td class="passed">passed

        </td>

        <td class="passed">passed

        </td>

        <td class="passed">passed

        </td>

        <td class="passed">passed

        </td>

        <td class="no-run">didn't run</td>

        <td class="no-run">didn't run</td>

        <td class="passed">passed

        </td>

    </tr>

    <tr>
        <td>2 &lt; 3 ? &quot;foo&quot; : &quot;bar&quot;</td>

        <td class="passed">passed

        </td>

        <td class="passed">passed

        </td>

        <td class="passed">passed

        </td>

        <td class="no-spec">no spec

          <div class="add-info">

              <div class="message">no expected result</div>

              <pre class="trace">
      org.scalatest.exceptions.TestFailedException: no expected result
      at org.scalatest.Assertions$class.newAssertionFailedException(Assertions.scala:495)
      at org.scalatest.FunSuite.newAssertionFailedException(FunSuite.scala:1555)
      at org.scalatest.Assertions$class.fail(Assertions.scala:1328)
      at org.scalatest.FunSuite.fail(FunSuite.scala:1555)
      at io.kaitai.struct.translators.TranslatorSpec$$anonfun$2$$anonfun$apply$3$$anonfun$apply$2.apply$mcV$sp(TranslatorSpec.scala:327)
      at io.kaitai.struct.translators.TranslatorSpec$$anonfun$2$$anonfun$apply$3$$anonfun$apply$2.apply(TranslatorSpec.scala:319)
      at io.kaitai.struct.translators.TranslatorSpec$$anonfun$2$$anonfun$apply$3$$anonfun$apply$2.apply(TranslatorSpec.scala:319)
      at org.scalatest.Transformer$$anonfun$apply$1.apply$mcV$sp(Transformer.scala:22)
      at org.scalatest.OutcomeOf$class.outcomeOf(OutcomeOf.scala:85)
      at org.scalatest.OutcomeOf$.outcomeOf(OutcomeOf.scala:104)
      at org.scalatest.Transformer.apply(Transformer.scala:22)
      at org.scalatest.Transformer.apply(Transformer.scala:20)
      at org.scalatest.FunSuiteLike$$anon$1.apply(FunSuiteLike.scala:166)
      at org.scalatest.Suite$class.withFixture(Suite.scala:1122)
      at org.scalatest.FunSuite.withFixture(FunSuite.scala:1555)
      at org.scalatest.FunSuiteLike$class.invokeWithFixture$1(FunSuiteLike.scala:163)
      at org.scalatest.FunSuiteLike$$anonfun$runTest$1.apply(FunSuiteLike.scala:175)
      at org.scalatest.FunSuiteLike$$anonfun$runTest$1.apply(FunSuiteLike.scala:175)
      at org.scalatest.SuperEngine.runTestImpl(Engine.scala:306)
      at org.scalatest.FunSuiteLike$class.runTest(FunSuiteLike.scala:175)
      at org.scalatest.FunSuite.runTest(FunSuite.scala:1555)
      at org.scalatest.FunSuiteLike$$anonfun$runTests$1.apply(FunSuiteLike.scala:208)
      at org.scalatest.FunSuiteLike$$anonfun$runTests$1.apply(FunSuiteLike.scala:208)
      at org.scalatest.SuperEngine$$anonfun$traverseSubNodes$1$1.apply(Engine.scala:413)
      at org.scalatest.SuperEngine$$anonfun$traverseSubNodes$1$1.apply(Engine.scala:401)
      at scala.collection.immutable.List.foreach(List.scala:381)
      at org.scalatest.SuperEngine.traverseSubNodes$1(Engine.scala:401)
      at org.scalatest.SuperEngine.org$scalatest$SuperEngine$$runTestsInBranch(Engine.scala:396)
      at org.scalatest.SuperEngine.runTestsImpl(Engine.scala:483)
      at org.scalatest.FunSuiteLike$class.runTests(FunSuiteLike.scala:208)
      at org.scalatest.FunSuite.runTests(FunSuite.scala:1555)
      at org.scalatest.Suite$class.run(Suite.scala:1424)
      at org.scalatest.FunSuite.org$scalatest$FunSuiteLike$$super$run(FunSuite.scala:1555)
      at org.scalatest.FunSuiteLike$$anonfun$run$1.apply(FunSuiteLike.scala:212)
      at org.scalatest.FunSuiteLike$$anonfun$run$1.apply(FunSuiteLike.scala:212)
      at org.scalatest.SuperEngine.runImpl(Engine.scala:545)
      at org.scalatest.FunSuiteLike$class.run(FunSuiteLike.scala:212)
      at org.scalatest.FunSuite.run(FunSuite.scala:1555)
      at org.scalatest.tools.Framework.org$scalatest$tools$Framework$$runSuite(Framework.scala:357)
      at org.scalatest.tools.Framework$ScalaTestTask.execute(Framework.scala:502)
      at sbt.TestRunner.runTest$1(TestFramework.scala:76)
      at sbt.TestRunner.run(TestFramework.scala:85)
      at sbt.TestFramework$$anon$2$$anonfun$$init$$1$$anonfun$apply$8.apply(TestFramework.scala:202)
      at sbt.TestFramework$$anon$2$$anonfun$$init$$1$$anonfun$apply$8.apply(TestFramework.scala:202)
      at sbt.TestFramework$.sbt$TestFramework$$withContextLoader(TestFramework.scala:185)
      at sbt.TestFramework$$anon$2$$anonfun$$init$$1.apply(TestFramework.scala:202)
      at sbt.TestFramework$$anon$2$$anonfun$$init$$1.apply(TestFramework.scala:202)
      at sbt.TestFunction.apply(TestFramework.scala:207)
      at sbt.Tests$$anonfun$9.apply(Tests.scala:216)
      at sbt.Tests$$anonfun$9.apply(Tests.scala:216)
      at sbt.std.Transform$$anon$3$$anonfun$apply$2.apply(System.scala:44)
      at sbt.std.Transform$$anon$3$$anonfun$apply$2.apply(System.scala:44)
      at sbt.std.Transform$$anon$4.work(System.scala:63)
      at sbt.Execute$$anonfun$submit$1$$anonfun$apply$1.apply(Execute.scala:226)
      at sbt.Execute$$anonfun$submit$1$$anonfun$apply$1.apply(Execute.scala:226)
      at sbt.ErrorHandling$.wideConvert(ErrorHandling.scala:17)
      at sbt.Execute.work(Execute.scala:235)
      at sbt.Execute$$anonfun$submit$1.apply(Execute.scala:226)
      at sbt.Execute$$anonfun$submit$1.apply(Execute.scala:226)
      at sbt.ConcurrentRestrictions$$anon$4$$anonfun$1.apply(ConcurrentRestrictions.scala:159)
      at sbt.CompletionService$$anon$2.call(CompletionService.scala:28)
      at java.util.concurrent.FutureTask.run(FutureTask.java:266)
      at java.util.concurrent.Executors$RunnableAdapter.call(Executors.java:511)
      at java.util.concurrent.FutureTask.run(FutureTask.java:266)
      at java.util.concurrent.ThreadPoolExecutor.runWorker(ThreadPoolExecutor.java:1142)
      at java.util.concurrent.ThreadPoolExecutor$Worker.run(ThreadPoolExecutor.java:617)
      at java.lang.Thread.run(Thread.java:745)
</pre>

          </div>

        </td>

        <td class="passed">passed

        </td>

        <td class="passed">passed

        </td>

        <td class="passed">passed

        </td>

        <td class="passed">passed

        </td>

        <td class="passed">passed

        </td>

        <td class="no-run">didn't run</td>

        <td class="no-run">didn't run</td>

        <td class="passed">passed

        </td>

    </tr>

    <tr>
        <td>223</td>

        <td class="passed">passed

        </td>

        <td class="passed">passed

        </td>

        <td class="passed">passed

        </td>

        <td class="passed">passed

        </td>

        <td class="passed">passed

        </td>

        <td class="passed">passed

        </td>

        <td class="passed">passed

        </td>

        <td class="passed">passed

        </td>

        <td class="passed">passed

        </td>

        <td class="no-run">didn't run</td>

        <td class="no-run">didn't run</td>

        <td class="passed">passed

        </td>

    </tr>

    <tr>
        <td>3 / 2</td>

        <td class="passed">passed

        </td>

        <td class="passed">passed

        </td>

        <td class="passed">passed

        </td>

        <td class="passed">passed

        </td>

        <td class="passed">passed

        </td>

        <td class="passed">passed

        </td>

        <td class="passed">passed

        </td>

        <td class="passed">passed

        </td>

        <td class="passed">passed

        </td>

        <td class="no-run">didn't run</td>

        <td class="no-run">didn't run</td>

        <td class="passed">passed

        </td>

    </tr>

    <tr>
        <td>3 / 2.0</td>

        <td class="passed">passed

        </td>

        <td class="passed">passed

        </td>

        <td class="passed">passed

        </td>

        <td class="passed">passed

        </td>

        <td class="passed">passed

        </td>

        <td class="passed">passed

        </td>

        <td class="passed">passed

        </td>

        <td class="passed">passed

        </td>

        <td class="passed">passed

        </td>

        <td class="no-run">didn't run</td>

        <td class="no-run">didn't run</td>

        <td class="passed">passed

        </td>

    </tr>

    <tr>
        <td>999</td>

        <td class="passed">passed

        </td>

        <td class="passed">passed

        </td>

        <td class="passed">passed

        </td>

        <td class="passed">passed

        </td>

        <td class="passed">passed

        </td>

        <td class="passed">passed

        </td>

        <td class="passed">passed

        </td>

        <td class="passed">passed

        </td>

        <td class="passed">passed

        </td>

        <td class="no-run">didn't run</td>

        <td class="no-run">didn't run</td>

        <td class="passed">passed

        </td>

    </tr>

    <tr>
        <td>[0, 1, 100500]</td>

        <td class="passed">passed

        </td>

        <td class="no-spec">no spec

          <div class="add-info">

              <div class="message">no expected result</div>

              <pre class="trace">
      org.scalatest.exceptions.TestFailedException: no expected result
      at org.scalatest.Assertions$class.newAssertionFailedException(Assertions.scala:495)
      at org.scalatest.FunSuite.newAssertionFailedException(FunSuite.scala:1555)
      at org.scalatest.Assertions$class.fail(Assertions.scala:1328)
      at org.scalatest.FunSuite.fail(FunSuite.scala:1555)
      at io.kaitai.struct.translators.TranslatorSpec$$anonfun$2$$anonfun$apply$3$$anonfun$apply$2.apply$mcV$sp(TranslatorSpec.scala:327)
      at io.kaitai.struct.translators.TranslatorSpec$$anonfun$2$$anonfun$apply$3$$anonfun$apply$2.apply(TranslatorSpec.scala:319)
      at io.kaitai.struct.translators.TranslatorSpec$$anonfun$2$$anonfun$apply$3$$anonfun$apply$2.apply(TranslatorSpec.scala:319)
      at org.scalatest.Transformer$$anonfun$apply$1.apply$mcV$sp(Transformer.scala:22)
      at org.scalatest.OutcomeOf$class.outcomeOf(OutcomeOf.scala:85)
      at org.scalatest.OutcomeOf$.outcomeOf(OutcomeOf.scala:104)
      at org.scalatest.Transformer.apply(Transformer.scala:22)
      at org.scalatest.Transformer.apply(Transformer.scala:20)
      at org.scalatest.FunSuiteLike$$anon$1.apply(FunSuiteLike.scala:166)
      at org.scalatest.Suite$class.withFixture(Suite.scala:1122)
      at org.scalatest.FunSuite.withFixture(FunSuite.scala:1555)
      at org.scalatest.FunSuiteLike$class.invokeWithFixture$1(FunSuiteLike.scala:163)
      at org.scalatest.FunSuiteLike$$anonfun$runTest$1.apply(FunSuiteLike.scala:175)
      at org.scalatest.FunSuiteLike$$anonfun$runTest$1.apply(FunSuiteLike.scala:175)
      at org.scalatest.SuperEngine.runTestImpl(Engine.scala:306)
      at org.scalatest.FunSuiteLike$class.runTest(FunSuiteLike.scala:175)
      at org.scalatest.FunSuite.runTest(FunSuite.scala:1555)
      at org.scalatest.FunSuiteLike$$anonfun$runTests$1.apply(FunSuiteLike.scala:208)
      at org.scalatest.FunSuiteLike$$anonfun$runTests$1.apply(FunSuiteLike.scala:208)
      at org.scalatest.SuperEngine$$anonfun$traverseSubNodes$1$1.apply(Engine.scala:413)
      at org.scalatest.SuperEngine$$anonfun$traverseSubNodes$1$1.apply(Engine.scala:401)
      at scala.collection.immutable.List.foreach(List.scala:381)
      at org.scalatest.SuperEngine.traverseSubNodes$1(Engine.scala:401)
      at org.scalatest.SuperEngine.org$scalatest$SuperEngine$$runTestsInBranch(Engine.scala:396)
      at org.scalatest.SuperEngine.runTestsImpl(Engine.scala:483)
      at org.scalatest.FunSuiteLike$class.runTests(FunSuiteLike.scala:208)
      at org.scalatest.FunSuite.runTests(FunSuite.scala:1555)
      at org.scalatest.Suite$class.run(Suite.scala:1424)
      at org.scalatest.FunSuite.org$scalatest$FunSuiteLike$$super$run(FunSuite.scala:1555)
      at org.scalatest.FunSuiteLike$$anonfun$run$1.apply(FunSuiteLike.scala:212)
      at org.scalatest.FunSuiteLike$$anonfun$run$1.apply(FunSuiteLike.scala:212)
      at org.scalatest.SuperEngine.runImpl(Engine.scala:545)
      at org.scalatest.FunSuiteLike$class.run(FunSuiteLike.scala:212)
      at org.scalatest.FunSuite.run(FunSuite.scala:1555)
      at org.scalatest.tools.Framework.org$scalatest$tools$Framework$$runSuite(Framework.scala:357)
      at org.scalatest.tools.Framework$ScalaTestTask.execute(Framework.scala:502)
      at sbt.TestRunner.runTest$1(TestFramework.scala:76)
      at sbt.TestRunner.run(TestFramework.scala:85)
      at sbt.TestFramework$$anon$2$$anonfun$$init$$1$$anonfun$apply$8.apply(TestFramework.scala:202)
      at sbt.TestFramework$$anon$2$$anonfun$$init$$1$$anonfun$apply$8.apply(TestFramework.scala:202)
      at sbt.TestFramework$.sbt$TestFramework$$withContextLoader(TestFramework.scala:185)
      at sbt.TestFramework$$anon$2$$anonfun$$init$$1.apply(TestFramework.scala:202)
      at sbt.TestFramework$$anon$2$$anonfun$$init$$1.apply(TestFramework.scala:202)
      at sbt.TestFunction.apply(TestFramework.scala:207)
      at sbt.Tests$$anonfun$9.apply(Tests.scala:216)
      at sbt.Tests$$anonfun$9.apply(Tests.scala:216)
      at sbt.std.Transform$$anon$3$$anonfun$apply$2.apply(System.scala:44)
      at sbt.std.Transform$$anon$3$$anonfun$apply$2.apply(System.scala:44)
      at sbt.std.Transform$$anon$4.work(System.scala:63)
      at sbt.Execute$$anonfun$submit$1$$anonfun$apply$1.apply(Execute.scala:226)
      at sbt.Execute$$anonfun$submit$1$$anonfun$apply$1.apply(Execute.scala:226)
      at sbt.ErrorHandling$.wideConvert(ErrorHandling.scala:17)
      at sbt.Execute.work(Execute.scala:235)
      at sbt.Execute$$anonfun$submit$1.apply(Execute.scala:226)
      at sbt.Execute$$anonfun$submit$1.apply(Execute.scala:226)
      at sbt.ConcurrentRestrictions$$anon$4$$anonfun$1.apply(ConcurrentRestrictions.scala:159)
      at sbt.CompletionService$$anon$2.call(CompletionService.scala:28)
      at java.util.concurrent.FutureTask.run(FutureTask.java:266)
      at java.util.concurrent.Executors$RunnableAdapter.call(Executors.java:511)
      at java.util.concurrent.FutureTask.run(FutureTask.java:266)
      at java.util.concurrent.ThreadPoolExecutor.runWorker(ThreadPoolExecutor.java:1142)
      at java.util.concurrent.ThreadPoolExecutor$Worker.run(ThreadPoolExecutor.java:617)
      at java.lang.Thread.run(Thread.java:745)
</pre>

          </div>

        </td>

        <td class="passed">passed

        </td>

        <td class="no-spec">no spec

          <div class="add-info">

              <div class="message">no expected result</div>

              <pre class="trace">
      org.scalatest.exceptions.TestFailedException: no expected result
      at org.scalatest.Assertions$class.newAssertionFailedException(Assertions.scala:495)
      at org.scalatest.FunSuite.newAssertionFailedException(FunSuite.scala:1555)
      at org.scalatest.Assertions$class.fail(Assertions.scala:1328)
      at org.scalatest.FunSuite.fail(FunSuite.scala:1555)
      at io.kaitai.struct.translators.TranslatorSpec$$anonfun$2$$anonfun$apply$3$$anonfun$apply$2.apply$mcV$sp(TranslatorSpec.scala:327)
      at io.kaitai.struct.translators.TranslatorSpec$$anonfun$2$$anonfun$apply$3$$anonfun$apply$2.apply(TranslatorSpec.scala:319)
      at io.kaitai.struct.translators.TranslatorSpec$$anonfun$2$$anonfun$apply$3$$anonfun$apply$2.apply(TranslatorSpec.scala:319)
      at org.scalatest.Transformer$$anonfun$apply$1.apply$mcV$sp(Transformer.scala:22)
      at org.scalatest.OutcomeOf$class.outcomeOf(OutcomeOf.scala:85)
      at org.scalatest.OutcomeOf$.outcomeOf(OutcomeOf.scala:104)
      at org.scalatest.Transformer.apply(Transformer.scala:22)
      at org.scalatest.Transformer.apply(Transformer.scala:20)
      at org.scalatest.FunSuiteLike$$anon$1.apply(FunSuiteLike.scala:166)
      at org.scalatest.Suite$class.withFixture(Suite.scala:1122)
      at org.scalatest.FunSuite.withFixture(FunSuite.scala:1555)
      at org.scalatest.FunSuiteLike$class.invokeWithFixture$1(FunSuiteLike.scala:163)
      at org.scalatest.FunSuiteLike$$anonfun$runTest$1.apply(FunSuiteLike.scala:175)
      at org.scalatest.FunSuiteLike$$anonfun$runTest$1.apply(FunSuiteLike.scala:175)
      at org.scalatest.SuperEngine.runTestImpl(Engine.scala:306)
      at org.scalatest.FunSuiteLike$class.runTest(FunSuiteLike.scala:175)
      at org.scalatest.FunSuite.runTest(FunSuite.scala:1555)
      at org.scalatest.FunSuiteLike$$anonfun$runTests$1.apply(FunSuiteLike.scala:208)
      at org.scalatest.FunSuiteLike$$anonfun$runTests$1.apply(FunSuiteLike.scala:208)
      at org.scalatest.SuperEngine$$anonfun$traverseSubNodes$1$1.apply(Engine.scala:413)
      at org.scalatest.SuperEngine$$anonfun$traverseSubNodes$1$1.apply(Engine.scala:401)
      at scala.collection.immutable.List.foreach(List.scala:381)
      at org.scalatest.SuperEngine.traverseSubNodes$1(Engine.scala:401)
      at org.scalatest.SuperEngine.org$scalatest$SuperEngine$$runTestsInBranch(Engine.scala:396)
      at org.scalatest.SuperEngine.runTestsImpl(Engine.scala:483)
      at org.scalatest.FunSuiteLike$class.runTests(FunSuiteLike.scala:208)
      at org.scalatest.FunSuite.runTests(FunSuite.scala:1555)
      at org.scalatest.Suite$class.run(Suite.scala:1424)
      at org.scalatest.FunSuite.org$scalatest$FunSuiteLike$$super$run(FunSuite.scala:1555)
      at org.scalatest.FunSuiteLike$$anonfun$run$1.apply(FunSuiteLike.scala:212)
      at org.scalatest.FunSuiteLike$$anonfun$run$1.apply(FunSuiteLike.scala:212)
      at org.scalatest.SuperEngine.runImpl(Engine.scala:545)
      at org.scalatest.FunSuiteLike$class.run(FunSuiteLike.scala:212)
      at org.scalatest.FunSuite.run(FunSuite.scala:1555)
      at org.scalatest.tools.Framework.org$scalatest$tools$Framework$$runSuite(Framework.scala:357)
      at org.scalatest.tools.Framework$ScalaTestTask.execute(Framework.scala:502)
      at sbt.TestRunner.runTest$1(TestFramework.scala:76)
      at sbt.TestRunner.run(TestFramework.scala:85)
      at sbt.TestFramework$$anon$2$$anonfun$$init$$1$$anonfun$apply$8.apply(TestFramework.scala:202)
      at sbt.TestFramework$$anon$2$$anonfun$$init$$1$$anonfun$apply$8.apply(TestFramework.scala:202)
      at sbt.TestFramework$.sbt$TestFramework$$withContextLoader(TestFramework.scala:185)
      at sbt.TestFramework$$anon$2$$anonfun$$init$$1.apply(TestFramework.scala:202)
      at sbt.TestFramework$$anon$2$$anonfun$$init$$1.apply(TestFramework.scala:202)
      at sbt.TestFunction.apply(TestFramework.scala:207)
      at sbt.Tests$$anonfun$9.apply(Tests.scala:216)
      at sbt.Tests$$anonfun$9.apply(Tests.scala:216)
      at sbt.std.Transform$$anon$3$$anonfun$apply$2.apply(System.scala:44)
      at sbt.std.Transform$$anon$3$$anonfun$apply$2.apply(System.scala:44)
      at sbt.std.Transform$$anon$4.work(System.scala:63)
      at sbt.Execute$$anonfun$submit$1$$anonfun$apply$1.apply(Execute.scala:226)
      at sbt.Execute$$anonfun$submit$1$$anonfun$apply$1.apply(Execute.scala:226)
      at sbt.ErrorHandling$.wideConvert(ErrorHandling.scala:17)
      at sbt.Execute.work(Execute.scala:235)
      at sbt.Execute$$anonfun$submit$1.apply(Execute.scala:226)
      at sbt.Execute$$anonfun$submit$1.apply(Execute.scala:226)
      at sbt.ConcurrentRestrictions$$anon$4$$anonfun$1.apply(ConcurrentRestrictions.scala:159)
      at sbt.CompletionService$$anon$2.call(CompletionService.scala:28)
      at java.util.concurrent.FutureTask.run(FutureTask.java:266)
      at java.util.concurrent.Executors$RunnableAdapter.call(Executors.java:511)
      at java.util.concurrent.FutureTask.run(FutureTask.java:266)
      at java.util.concurrent.ThreadPoolExecutor.runWorker(ThreadPoolExecutor.java:1142)
      at java.util.concurrent.ThreadPoolExecutor$Worker.run(ThreadPoolExecutor.java:617)
      at java.lang.Thread.run(Thread.java:745)
</pre>

          </div>

        </td>

        <td class="passed">passed

        </td>

        <td class="passed">passed

        </td>

        <td class="passed">passed

        </td>

        <td class="passed">passed

        </td>

        <td class="passed">passed

        </td>

        <td class="no-run">didn't run</td>

        <td class="no-run">didn't run</td>

        <td class="passed">passed

        </td>

    </tr>

    <tr>
        <td>[255, 0, 255]</td>

        <td class="passed">passed

        </td>

        <td class="passed">passed

        </td>

        <td class="passed">passed

        </td>

        <td class="no-spec">no spec

          <div class="add-info">

              <div class="message">no expected result</div>

              <pre class="trace">
      org.scalatest.exceptions.TestFailedException: no expected result
      at org.scalatest.Assertions$class.newAssertionFailedException(Assertions.scala:495)
      at org.scalatest.FunSuite.newAssertionFailedException(FunSuite.scala:1555)
      at org.scalatest.Assertions$class.fail(Assertions.scala:1328)
      at org.scalatest.FunSuite.fail(FunSuite.scala:1555)
      at io.kaitai.struct.translators.TranslatorSpec$$anonfun$2$$anonfun$apply$3$$anonfun$apply$2.apply$mcV$sp(TranslatorSpec.scala:327)
      at io.kaitai.struct.translators.TranslatorSpec$$anonfun$2$$anonfun$apply$3$$anonfun$apply$2.apply(TranslatorSpec.scala:319)
      at io.kaitai.struct.translators.TranslatorSpec$$anonfun$2$$anonfun$apply$3$$anonfun$apply$2.apply(TranslatorSpec.scala:319)
      at org.scalatest.Transformer$$anonfun$apply$1.apply$mcV$sp(Transformer.scala:22)
      at org.scalatest.OutcomeOf$class.outcomeOf(OutcomeOf.scala:85)
      at org.scalatest.OutcomeOf$.outcomeOf(OutcomeOf.scala:104)
      at org.scalatest.Transformer.apply(Transformer.scala:22)
      at org.scalatest.Transformer.apply(Transformer.scala:20)
      at org.scalatest.FunSuiteLike$$anon$1.apply(FunSuiteLike.scala:166)
      at org.scalatest.Suite$class.withFixture(Suite.scala:1122)
      at org.scalatest.FunSuite.withFixture(FunSuite.scala:1555)
      at org.scalatest.FunSuiteLike$class.invokeWithFixture$1(FunSuiteLike.scala:163)
      at org.scalatest.FunSuiteLike$$anonfun$runTest$1.apply(FunSuiteLike.scala:175)
      at org.scalatest.FunSuiteLike$$anonfun$runTest$1.apply(FunSuiteLike.scala:175)
      at org.scalatest.SuperEngine.runTestImpl(Engine.scala:306)
      at org.scalatest.FunSuiteLike$class.runTest(FunSuiteLike.scala:175)
      at org.scalatest.FunSuite.runTest(FunSuite.scala:1555)
      at org.scalatest.FunSuiteLike$$anonfun$runTests$1.apply(FunSuiteLike.scala:208)
      at org.scalatest.FunSuiteLike$$anonfun$runTests$1.apply(FunSuiteLike.scala:208)
      at org.scalatest.SuperEngine$$anonfun$traverseSubNodes$1$1.apply(Engine.scala:413)
      at org.scalatest.SuperEngine$$anonfun$traverseSubNodes$1$1.apply(Engine.scala:401)
      at scala.collection.immutable.List.foreach(List.scala:381)
      at org.scalatest.SuperEngine.traverseSubNodes$1(Engine.scala:401)
      at org.scalatest.SuperEngine.org$scalatest$SuperEngine$$runTestsInBranch(Engine.scala:396)
      at org.scalatest.SuperEngine.runTestsImpl(Engine.scala:483)
      at org.scalatest.FunSuiteLike$class.runTests(FunSuiteLike.scala:208)
      at org.scalatest.FunSuite.runTests(FunSuite.scala:1555)
      at org.scalatest.Suite$class.run(Suite.scala:1424)
      at org.scalatest.FunSuite.org$scalatest$FunSuiteLike$$super$run(FunSuite.scala:1555)
      at org.scalatest.FunSuiteLike$$anonfun$run$1.apply(FunSuiteLike.scala:212)
      at org.scalatest.FunSuiteLike$$anonfun$run$1.apply(FunSuiteLike.scala:212)
      at org.scalatest.SuperEngine.runImpl(Engine.scala:545)
      at org.scalatest.FunSuiteLike$class.run(FunSuiteLike.scala:212)
      at org.scalatest.FunSuite.run(FunSuite.scala:1555)
      at org.scalatest.tools.Framework.org$scalatest$tools$Framework$$runSuite(Framework.scala:357)
      at org.scalatest.tools.Framework$ScalaTestTask.execute(Framework.scala:502)
      at sbt.TestRunner.runTest$1(TestFramework.scala:76)
      at sbt.TestRunner.run(TestFramework.scala:85)
      at sbt.TestFramework$$anon$2$$anonfun$$init$$1$$anonfun$apply$8.apply(TestFramework.scala:202)
      at sbt.TestFramework$$anon$2$$anonfun$$init$$1$$anonfun$apply$8.apply(TestFramework.scala:202)
      at sbt.TestFramework$.sbt$TestFramework$$withContextLoader(TestFramework.scala:185)
      at sbt.TestFramework$$anon$2$$anonfun$$init$$1.apply(TestFramework.scala:202)
      at sbt.TestFramework$$anon$2$$anonfun$$init$$1.apply(TestFramework.scala:202)
      at sbt.TestFunction.apply(TestFramework.scala:207)
      at sbt.Tests$$anonfun$9.apply(Tests.scala:216)
      at sbt.Tests$$anonfun$9.apply(Tests.scala:216)
      at sbt.std.Transform$$anon$3$$anonfun$apply$2.apply(System.scala:44)
      at sbt.std.Transform$$anon$3$$anonfun$apply$2.apply(System.scala:44)
      at sbt.std.Transform$$anon$4.work(System.scala:63)
      at sbt.Execute$$anonfun$submit$1$$anonfun$apply$1.apply(Execute.scala:226)
      at sbt.Execute$$anonfun$submit$1$$anonfun$apply$1.apply(Execute.scala:226)
      at sbt.ErrorHandling$.wideConvert(ErrorHandling.scala:17)
      at sbt.Execute.work(Execute.scala:235)
      at sbt.Execute$$anonfun$submit$1.apply(Execute.scala:226)
      at sbt.Execute$$anonfun$submit$1.apply(Execute.scala:226)
      at sbt.ConcurrentRestrictions$$anon$4$$anonfun$1.apply(ConcurrentRestrictions.scala:159)
      at sbt.CompletionService$$anon$2.call(CompletionService.scala:28)
      at java.util.concurrent.FutureTask.run(FutureTask.java:266)
      at java.util.concurrent.Executors$RunnableAdapter.call(Executors.java:511)
      at java.util.concurrent.FutureTask.run(FutureTask.java:266)
      at java.util.concurrent.ThreadPoolExecutor.runWorker(ThreadPoolExecutor.java:1142)
      at java.util.concurrent.ThreadPoolExecutor$Worker.run(ThreadPoolExecutor.java:617)
      at java.lang.Thread.run(Thread.java:745)
</pre>

          </div>

        </td>

        <td class="passed">passed

        </td>

        <td class="passed">passed

        </td>

        <td class="no-spec">no spec

          <div class="add-info">

              <div class="message">no expected result</div>

              <pre class="trace">
      org.scalatest.exceptions.TestFailedException: no expected result
      at org.scalatest.Assertions$class.newAssertionFailedException(Assertions.scala:495)
      at org.scalatest.FunSuite.newAssertionFailedException(FunSuite.scala:1555)
      at org.scalatest.Assertions$class.fail(Assertions.scala:1328)
      at org.scalatest.FunSuite.fail(FunSuite.scala:1555)
      at io.kaitai.struct.translators.TranslatorSpec$$anonfun$2$$anonfun$apply$3$$anonfun$apply$2.apply$mcV$sp(TranslatorSpec.scala:327)
      at io.kaitai.struct.translators.TranslatorSpec$$anonfun$2$$anonfun$apply$3$$anonfun$apply$2.apply(TranslatorSpec.scala:319)
      at io.kaitai.struct.translators.TranslatorSpec$$anonfun$2$$anonfun$apply$3$$anonfun$apply$2.apply(TranslatorSpec.scala:319)
      at org.scalatest.Transformer$$anonfun$apply$1.apply$mcV$sp(Transformer.scala:22)
      at org.scalatest.OutcomeOf$class.outcomeOf(OutcomeOf.scala:85)
      at org.scalatest.OutcomeOf$.outcomeOf(OutcomeOf.scala:104)
      at org.scalatest.Transformer.apply(Transformer.scala:22)
      at org.scalatest.Transformer.apply(Transformer.scala:20)
      at org.scalatest.FunSuiteLike$$anon$1.apply(FunSuiteLike.scala:166)
      at org.scalatest.Suite$class.withFixture(Suite.scala:1122)
      at org.scalatest.FunSuite.withFixture(FunSuite.scala:1555)
      at org.scalatest.FunSuiteLike$class.invokeWithFixture$1(FunSuiteLike.scala:163)
      at org.scalatest.FunSuiteLike$$anonfun$runTest$1.apply(FunSuiteLike.scala:175)
      at org.scalatest.FunSuiteLike$$anonfun$runTest$1.apply(FunSuiteLike.scala:175)
      at org.scalatest.SuperEngine.runTestImpl(Engine.scala:306)
      at org.scalatest.FunSuiteLike$class.runTest(FunSuiteLike.scala:175)
      at org.scalatest.FunSuite.runTest(FunSuite.scala:1555)
      at org.scalatest.FunSuiteLike$$anonfun$runTests$1.apply(FunSuiteLike.scala:208)
      at org.scalatest.FunSuiteLike$$anonfun$runTests$1.apply(FunSuiteLike.scala:208)
      at org.scalatest.SuperEngine$$anonfun$traverseSubNodes$1$1.apply(Engine.scala:413)
      at org.scalatest.SuperEngine$$anonfun$traverseSubNodes$1$1.apply(Engine.scala:401)
      at scala.collection.immutable.List.foreach(List.scala:381)
      at org.scalatest.SuperEngine.traverseSubNodes$1(Engine.scala:401)
      at org.scalatest.SuperEngine.org$scalatest$SuperEngine$$runTestsInBranch(Engine.scala:396)
      at org.scalatest.SuperEngine.runTestsImpl(Engine.scala:483)
      at org.scalatest.FunSuiteLike$class.runTests(FunSuiteLike.scala:208)
      at org.scalatest.FunSuite.runTests(FunSuite.scala:1555)
      at org.scalatest.Suite$class.run(Suite.scala:1424)
      at org.scalatest.FunSuite.org$scalatest$FunSuiteLike$$super$run(FunSuite.scala:1555)
      at org.scalatest.FunSuiteLike$$anonfun$run$1.apply(FunSuiteLike.scala:212)
      at org.scalatest.FunSuiteLike$$anonfun$run$1.apply(FunSuiteLike.scala:212)
      at org.scalatest.SuperEngine.runImpl(Engine.scala:545)
      at org.scalatest.FunSuiteLike$class.run(FunSuiteLike.scala:212)
      at org.scalatest.FunSuite.run(FunSuite.scala:1555)
      at org.scalatest.tools.Framework.org$scalatest$tools$Framework$$runSuite(Framework.scala:357)
      at org.scalatest.tools.Framework$ScalaTestTask.execute(Framework.scala:502)
      at sbt.TestRunner.runTest$1(TestFramework.scala:76)
      at sbt.TestRunner.run(TestFramework.scala:85)
      at sbt.TestFramework$$anon$2$$anonfun$$init$$1$$anonfun$apply$8.apply(TestFramework.scala:202)
      at sbt.TestFramework$$anon$2$$anonfun$$init$$1$$anonfun$apply$8.apply(TestFramework.scala:202)
      at sbt.TestFramework$.sbt$TestFramework$$withContextLoader(TestFramework.scala:185)
      at sbt.TestFramework$$anon$2$$anonfun$$init$$1.apply(TestFramework.scala:202)
      at sbt.TestFramework$$anon$2$$anonfun$$init$$1.apply(TestFramework.scala:202)
      at sbt.TestFunction.apply(TestFramework.scala:207)
      at sbt.Tests$$anonfun$9.apply(Tests.scala:216)
      at sbt.Tests$$anonfun$9.apply(Tests.scala:216)
      at sbt.std.Transform$$anon$3$$anonfun$apply$2.apply(System.scala:44)
      at sbt.std.Transform$$anon$3$$anonfun$apply$2.apply(System.scala:44)
      at sbt.std.Transform$$anon$4.work(System.scala:63)
      at sbt.Execute$$anonfun$submit$1$$anonfun$apply$1.apply(Execute.scala:226)
      at sbt.Execute$$anonfun$submit$1$$anonfun$apply$1.apply(Execute.scala:226)
      at sbt.ErrorHandling$.wideConvert(ErrorHandling.scala:17)
      at sbt.Execute.work(Execute.scala:235)
      at sbt.Execute$$anonfun$submit$1.apply(Execute.scala:226)
      at sbt.Execute$$anonfun$submit$1.apply(Execute.scala:226)
      at sbt.ConcurrentRestrictions$$anon$4$$anonfun$1.apply(ConcurrentRestrictions.scala:159)
      at sbt.CompletionService$$anon$2.call(CompletionService.scala:28)
      at java.util.concurrent.FutureTask.run(FutureTask.java:266)
      at java.util.concurrent.Executors$RunnableAdapter.call(Executors.java:511)
      at java.util.concurrent.FutureTask.run(FutureTask.java:266)
      at java.util.concurrent.ThreadPoolExecutor.runWorker(ThreadPoolExecutor.java:1142)
      at java.util.concurrent.ThreadPoolExecutor$Worker.run(ThreadPoolExecutor.java:617)
      at java.lang.Thread.run(Thread.java:745)
</pre>

          </div>

        </td>

        <td class="passed">passed

        </td>

        <td class="passed">passed

        </td>

        <td class="no-run">didn't run</td>

        <td class="no-run">didn't run</td>

        <td class="passed">passed

        </td>

    </tr>

    <tr>
        <td>[34, 0, 10, 64, 65, 66, 92]</td>

        <td class="passed">passed

        </td>

        <td class="passed">passed

        </td>

        <td class="passed">passed

        </td>

        <td class="no-spec">no spec

          <div class="add-info">

              <div class="message">no expected result</div>

              <pre class="trace">
      org.scalatest.exceptions.TestFailedException: no expected result
      at org.scalatest.Assertions$class.newAssertionFailedException(Assertions.scala:495)
      at org.scalatest.FunSuite.newAssertionFailedException(FunSuite.scala:1555)
      at org.scalatest.Assertions$class.fail(Assertions.scala:1328)
      at org.scalatest.FunSuite.fail(FunSuite.scala:1555)
      at io.kaitai.struct.translators.TranslatorSpec$$anonfun$2$$anonfun$apply$3$$anonfun$apply$2.apply$mcV$sp(TranslatorSpec.scala:327)
      at io.kaitai.struct.translators.TranslatorSpec$$anonfun$2$$anonfun$apply$3$$anonfun$apply$2.apply(TranslatorSpec.scala:319)
      at io.kaitai.struct.translators.TranslatorSpec$$anonfun$2$$anonfun$apply$3$$anonfun$apply$2.apply(TranslatorSpec.scala:319)
      at org.scalatest.Transformer$$anonfun$apply$1.apply$mcV$sp(Transformer.scala:22)
      at org.scalatest.OutcomeOf$class.outcomeOf(OutcomeOf.scala:85)
      at org.scalatest.OutcomeOf$.outcomeOf(OutcomeOf.scala:104)
      at org.scalatest.Transformer.apply(Transformer.scala:22)
      at org.scalatest.Transformer.apply(Transformer.scala:20)
      at org.scalatest.FunSuiteLike$$anon$1.apply(FunSuiteLike.scala:166)
      at org.scalatest.Suite$class.withFixture(Suite.scala:1122)
      at org.scalatest.FunSuite.withFixture(FunSuite.scala:1555)
      at org.scalatest.FunSuiteLike$class.invokeWithFixture$1(FunSuiteLike.scala:163)
      at org.scalatest.FunSuiteLike$$anonfun$runTest$1.apply(FunSuiteLike.scala:175)
      at org.scalatest.FunSuiteLike$$anonfun$runTest$1.apply(FunSuiteLike.scala:175)
      at org.scalatest.SuperEngine.runTestImpl(Engine.scala:306)
      at org.scalatest.FunSuiteLike$class.runTest(FunSuiteLike.scala:175)
      at org.scalatest.FunSuite.runTest(FunSuite.scala:1555)
      at org.scalatest.FunSuiteLike$$anonfun$runTests$1.apply(FunSuiteLike.scala:208)
      at org.scalatest.FunSuiteLike$$anonfun$runTests$1.apply(FunSuiteLike.scala:208)
      at org.scalatest.SuperEngine$$anonfun$traverseSubNodes$1$1.apply(Engine.scala:413)
      at org.scalatest.SuperEngine$$anonfun$traverseSubNodes$1$1.apply(Engine.scala:401)
      at scala.collection.immutable.List.foreach(List.scala:381)
      at org.scalatest.SuperEngine.traverseSubNodes$1(Engine.scala:401)
      at org.scalatest.SuperEngine.org$scalatest$SuperEngine$$runTestsInBranch(Engine.scala:396)
      at org.scalatest.SuperEngine.runTestsImpl(Engine.scala:483)
      at org.scalatest.FunSuiteLike$class.runTests(FunSuiteLike.scala:208)
      at org.scalatest.FunSuite.runTests(FunSuite.scala:1555)
      at org.scalatest.Suite$class.run(Suite.scala:1424)
      at org.scalatest.FunSuite.org$scalatest$FunSuiteLike$$super$run(FunSuite.scala:1555)
      at org.scalatest.FunSuiteLike$$anonfun$run$1.apply(FunSuiteLike.scala:212)
      at org.scalatest.FunSuiteLike$$anonfun$run$1.apply(FunSuiteLike.scala:212)
      at org.scalatest.SuperEngine.runImpl(Engine.scala:545)
      at org.scalatest.FunSuiteLike$class.run(FunSuiteLike.scala:212)
      at org.scalatest.FunSuite.run(FunSuite.scala:1555)
      at org.scalatest.tools.Framework.org$scalatest$tools$Framework$$runSuite(Framework.scala:357)
      at org.scalatest.tools.Framework$ScalaTestTask.execute(Framework.scala:502)
      at sbt.TestRunner.runTest$1(TestFramework.scala:76)
      at sbt.TestRunner.run(TestFramework.scala:85)
      at sbt.TestFramework$$anon$2$$anonfun$$init$$1$$anonfun$apply$8.apply(TestFramework.scala:202)
      at sbt.TestFramework$$anon$2$$anonfun$$init$$1$$anonfun$apply$8.apply(TestFramework.scala:202)
      at sbt.TestFramework$.sbt$TestFramework$$withContextLoader(TestFramework.scala:185)
      at sbt.TestFramework$$anon$2$$anonfun$$init$$1.apply(TestFramework.scala:202)
      at sbt.TestFramework$$anon$2$$anonfun$$init$$1.apply(TestFramework.scala:202)
      at sbt.TestFunction.apply(TestFramework.scala:207)
      at sbt.Tests$$anonfun$9.apply(Tests.scala:216)
      at sbt.Tests$$anonfun$9.apply(Tests.scala:216)
      at sbt.std.Transform$$anon$3$$anonfun$apply$2.apply(System.scala:44)
      at sbt.std.Transform$$anon$3$$anonfun$apply$2.apply(System.scala:44)
      at sbt.std.Transform$$anon$4.work(System.scala:63)
      at sbt.Execute$$anonfun$submit$1$$anonfun$apply$1.apply(Execute.scala:226)
      at sbt.Execute$$anonfun$submit$1$$anonfun$apply$1.apply(Execute.scala:226)
      at sbt.ErrorHandling$.wideConvert(ErrorHandling.scala:17)
      at sbt.Execute.work(Execute.scala:235)
      at sbt.Execute$$anonfun$submit$1.apply(Execute.scala:226)
      at sbt.Execute$$anonfun$submit$1.apply(Execute.scala:226)
      at sbt.ConcurrentRestrictions$$anon$4$$anonfun$1.apply(ConcurrentRestrictions.scala:159)
      at sbt.CompletionService$$anon$2.call(CompletionService.scala:28)
      at java.util.concurrent.FutureTask.run(FutureTask.java:266)
      at java.util.concurrent.Executors$RunnableAdapter.call(Executors.java:511)
      at java.util.concurrent.FutureTask.run(FutureTask.java:266)
      at java.util.concurrent.ThreadPoolExecutor.runWorker(ThreadPoolExecutor.java:1142)
      at java.util.concurrent.ThreadPoolExecutor$Worker.run(ThreadPoolExecutor.java:617)
      at java.lang.Thread.run(Thread.java:745)
</pre>

          </div>

        </td>

        <td class="passed">passed

        </td>

        <td class="passed">passed

        </td>

        <td class="no-spec">no spec

          <div class="add-info">

              <div class="message">no expected result</div>

              <pre class="trace">
      org.scalatest.exceptions.TestFailedException: no expected result
      at org.scalatest.Assertions$class.newAssertionFailedException(Assertions.scala:495)
      at org.scalatest.FunSuite.newAssertionFailedException(FunSuite.scala:1555)
      at org.scalatest.Assertions$class.fail(Assertions.scala:1328)
      at org.scalatest.FunSuite.fail(FunSuite.scala:1555)
      at io.kaitai.struct.translators.TranslatorSpec$$anonfun$2$$anonfun$apply$3$$anonfun$apply$2.apply$mcV$sp(TranslatorSpec.scala:327)
      at io.kaitai.struct.translators.TranslatorSpec$$anonfun$2$$anonfun$apply$3$$anonfun$apply$2.apply(TranslatorSpec.scala:319)
      at io.kaitai.struct.translators.TranslatorSpec$$anonfun$2$$anonfun$apply$3$$anonfun$apply$2.apply(TranslatorSpec.scala:319)
      at org.scalatest.Transformer$$anonfun$apply$1.apply$mcV$sp(Transformer.scala:22)
      at org.scalatest.OutcomeOf$class.outcomeOf(OutcomeOf.scala:85)
      at org.scalatest.OutcomeOf$.outcomeOf(OutcomeOf.scala:104)
      at org.scalatest.Transformer.apply(Transformer.scala:22)
      at org.scalatest.Transformer.apply(Transformer.scala:20)
      at org.scalatest.FunSuiteLike$$anon$1.apply(FunSuiteLike.scala:166)
      at org.scalatest.Suite$class.withFixture(Suite.scala:1122)
      at org.scalatest.FunSuite.withFixture(FunSuite.scala:1555)
      at org.scalatest.FunSuiteLike$class.invokeWithFixture$1(FunSuiteLike.scala:163)
      at org.scalatest.FunSuiteLike$$anonfun$runTest$1.apply(FunSuiteLike.scala:175)
      at org.scalatest.FunSuiteLike$$anonfun$runTest$1.apply(FunSuiteLike.scala:175)
      at org.scalatest.SuperEngine.runTestImpl(Engine.scala:306)
      at org.scalatest.FunSuiteLike$class.runTest(FunSuiteLike.scala:175)
      at org.scalatest.FunSuite.runTest(FunSuite.scala:1555)
      at org.scalatest.FunSuiteLike$$anonfun$runTests$1.apply(FunSuiteLike.scala:208)
      at org.scalatest.FunSuiteLike$$anonfun$runTests$1.apply(FunSuiteLike.scala:208)
      at org.scalatest.SuperEngine$$anonfun$traverseSubNodes$1$1.apply(Engine.scala:413)
      at org.scalatest.SuperEngine$$anonfun$traverseSubNodes$1$1.apply(Engine.scala:401)
      at scala.collection.immutable.List.foreach(List.scala:381)
      at org.scalatest.SuperEngine.traverseSubNodes$1(Engine.scala:401)
      at org.scalatest.SuperEngine.org$scalatest$SuperEngine$$runTestsInBranch(Engine.scala:396)
      at org.scalatest.SuperEngine.runTestsImpl(Engine.scala:483)
      at org.scalatest.FunSuiteLike$class.runTests(FunSuiteLike.scala:208)
      at org.scalatest.FunSuite.runTests(FunSuite.scala:1555)
      at org.scalatest.Suite$class.run(Suite.scala:1424)
      at org.scalatest.FunSuite.org$scalatest$FunSuiteLike$$super$run(FunSuite.scala:1555)
      at org.scalatest.FunSuiteLike$$anonfun$run$1.apply(FunSuiteLike.scala:212)
      at org.scalatest.FunSuiteLike$$anonfun$run$1.apply(FunSuiteLike.scala:212)
      at org.scalatest.SuperEngine.runImpl(Engine.scala:545)
      at org.scalatest.FunSuiteLike$class.run(FunSuiteLike.scala:212)
      at org.scalatest.FunSuite.run(FunSuite.scala:1555)
      at org.scalatest.tools.Framework.org$scalatest$tools$Framework$$runSuite(Framework.scala:357)
      at org.scalatest.tools.Framework$ScalaTestTask.execute(Framework.scala:502)
      at sbt.TestRunner.runTest$1(TestFramework.scala:76)
      at sbt.TestRunner.run(TestFramework.scala:85)
      at sbt.TestFramework$$anon$2$$anonfun$$init$$1$$anonfun$apply$8.apply(TestFramework.scala:202)
      at sbt.TestFramework$$anon$2$$anonfun$$init$$1$$anonfun$apply$8.apply(TestFramework.scala:202)
      at sbt.TestFramework$.sbt$TestFramework$$withContextLoader(TestFramework.scala:185)
      at sbt.TestFramework$$anon$2$$anonfun$$init$$1.apply(TestFramework.scala:202)
      at sbt.TestFramework$$anon$2$$anonfun$$init$$1.apply(TestFramework.scala:202)
      at sbt.TestFunction.apply(TestFramework.scala:207)
      at sbt.Tests$$anonfun$9.apply(Tests.scala:216)
      at sbt.Tests$$anonfun$9.apply(Tests.scala:216)
      at sbt.std.Transform$$anon$3$$anonfun$apply$2.apply(System.scala:44)
      at sbt.std.Transform$$anon$3$$anonfun$apply$2.apply(System.scala:44)
      at sbt.std.Transform$$anon$4.work(System.scala:63)
      at sbt.Execute$$anonfun$submit$1$$anonfun$apply$1.apply(Execute.scala:226)
      at sbt.Execute$$anonfun$submit$1$$anonfun$apply$1.apply(Execute.scala:226)
      at sbt.ErrorHandling$.wideConvert(ErrorHandling.scala:17)
      at sbt.Execute.work(Execute.scala:235)
      at sbt.Execute$$anonfun$submit$1.apply(Execute.scala:226)
      at sbt.Execute$$anonfun$submit$1.apply(Execute.scala:226)
      at sbt.ConcurrentRestrictions$$anon$4$$anonfun$1.apply(ConcurrentRestrictions.scala:159)
      at sbt.CompletionService$$anon$2.call(CompletionService.scala:28)
      at java.util.concurrent.FutureTask.run(FutureTask.java:266)
      at java.util.concurrent.Executors$RunnableAdapter.call(Executors.java:511)
      at java.util.concurrent.FutureTask.run(FutureTask.java:266)
      at java.util.concurrent.ThreadPoolExecutor.runWorker(ThreadPoolExecutor.java:1142)
      at java.util.concurrent.ThreadPoolExecutor$Worker.run(ThreadPoolExecutor.java:617)
      at java.lang.Thread.run(Thread.java:745)
</pre>

          </div>

        </td>

        <td class="passed">passed

        </td>

        <td class="passed">passed

        </td>

        <td class="no-run">didn't run</td>

        <td class="no-run">didn't run</td>

        <td class="passed">passed

        </td>

    </tr>

    <tr>
        <td>_root.foo</td>

        <td class="passed">passed

        </td>

        <td class="passed">passed

        </td>

        <td class="passed">passed

        </td>

        <td class="no-spec">no spec

          <div class="add-info">

              <div class="message">no expected result</div>

              <pre class="trace">
      org.scalatest.exceptions.TestFailedException: no expected result
      at org.scalatest.Assertions$class.newAssertionFailedException(Assertions.scala:495)
      at org.scalatest.FunSuite.newAssertionFailedException(FunSuite.scala:1555)
      at org.scalatest.Assertions$class.fail(Assertions.scala:1328)
      at org.scalatest.FunSuite.fail(FunSuite.scala:1555)
      at io.kaitai.struct.translators.TranslatorSpec$$anonfun$2$$anonfun$apply$3$$anonfun$apply$2.apply$mcV$sp(TranslatorSpec.scala:327)
      at io.kaitai.struct.translators.TranslatorSpec$$anonfun$2$$anonfun$apply$3$$anonfun$apply$2.apply(TranslatorSpec.scala:319)
      at io.kaitai.struct.translators.TranslatorSpec$$anonfun$2$$anonfun$apply$3$$anonfun$apply$2.apply(TranslatorSpec.scala:319)
      at org.scalatest.Transformer$$anonfun$apply$1.apply$mcV$sp(Transformer.scala:22)
      at org.scalatest.OutcomeOf$class.outcomeOf(OutcomeOf.scala:85)
      at org.scalatest.OutcomeOf$.outcomeOf(OutcomeOf.scala:104)
      at org.scalatest.Transformer.apply(Transformer.scala:22)
      at org.scalatest.Transformer.apply(Transformer.scala:20)
      at org.scalatest.FunSuiteLike$$anon$1.apply(FunSuiteLike.scala:166)
      at org.scalatest.Suite$class.withFixture(Suite.scala:1122)
      at org.scalatest.FunSuite.withFixture(FunSuite.scala:1555)
      at org.scalatest.FunSuiteLike$class.invokeWithFixture$1(FunSuiteLike.scala:163)
      at org.scalatest.FunSuiteLike$$anonfun$runTest$1.apply(FunSuiteLike.scala:175)
      at org.scalatest.FunSuiteLike$$anonfun$runTest$1.apply(FunSuiteLike.scala:175)
      at org.scalatest.SuperEngine.runTestImpl(Engine.scala:306)
      at org.scalatest.FunSuiteLike$class.runTest(FunSuiteLike.scala:175)
      at org.scalatest.FunSuite.runTest(FunSuite.scala:1555)
      at org.scalatest.FunSuiteLike$$anonfun$runTests$1.apply(FunSuiteLike.scala:208)
      at org.scalatest.FunSuiteLike$$anonfun$runTests$1.apply(FunSuiteLike.scala:208)
      at org.scalatest.SuperEngine$$anonfun$traverseSubNodes$1$1.apply(Engine.scala:413)
      at org.scalatest.SuperEngine$$anonfun$traverseSubNodes$1$1.apply(Engine.scala:401)
      at scala.collection.immutable.List.foreach(List.scala:381)
      at org.scalatest.SuperEngine.traverseSubNodes$1(Engine.scala:401)
      at org.scalatest.SuperEngine.org$scalatest$SuperEngine$$runTestsInBranch(Engine.scala:396)
      at org.scalatest.SuperEngine.runTestsImpl(Engine.scala:483)
      at org.scalatest.FunSuiteLike$class.runTests(FunSuiteLike.scala:208)
      at org.scalatest.FunSuite.runTests(FunSuite.scala:1555)
      at org.scalatest.Suite$class.run(Suite.scala:1424)
      at org.scalatest.FunSuite.org$scalatest$FunSuiteLike$$super$run(FunSuite.scala:1555)
      at org.scalatest.FunSuiteLike$$anonfun$run$1.apply(FunSuiteLike.scala:212)
      at org.scalatest.FunSuiteLike$$anonfun$run$1.apply(FunSuiteLike.scala:212)
      at org.scalatest.SuperEngine.runImpl(Engine.scala:545)
      at org.scalatest.FunSuiteLike$class.run(FunSuiteLike.scala:212)
      at org.scalatest.FunSuite.run(FunSuite.scala:1555)
      at org.scalatest.tools.Framework.org$scalatest$tools$Framework$$runSuite(Framework.scala:357)
      at org.scalatest.tools.Framework$ScalaTestTask.execute(Framework.scala:502)
      at sbt.TestRunner.runTest$1(TestFramework.scala:76)
      at sbt.TestRunner.run(TestFramework.scala:85)
      at sbt.TestFramework$$anon$2$$anonfun$$init$$1$$anonfun$apply$8.apply(TestFramework.scala:202)
      at sbt.TestFramework$$anon$2$$anonfun$$init$$1$$anonfun$apply$8.apply(TestFramework.scala:202)
      at sbt.TestFramework$.sbt$TestFramework$$withContextLoader(TestFramework.scala:185)
      at sbt.TestFramework$$anon$2$$anonfun$$init$$1.apply(TestFramework.scala:202)
      at sbt.TestFramework$$anon$2$$anonfun$$init$$1.apply(TestFramework.scala:202)
      at sbt.TestFunction.apply(TestFramework.scala:207)
      at sbt.Tests$$anonfun$9.apply(Tests.scala:216)
      at sbt.Tests$$anonfun$9.apply(Tests.scala:216)
      at sbt.std.Transform$$anon$3$$anonfun$apply$2.apply(System.scala:44)
      at sbt.std.Transform$$anon$3$$anonfun$apply$2.apply(System.scala:44)
      at sbt.std.Transform$$anon$4.work(System.scala:63)
      at sbt.Execute$$anonfun$submit$1$$anonfun$apply$1.apply(Execute.scala:226)
      at sbt.Execute$$anonfun$submit$1$$anonfun$apply$1.apply(Execute.scala:226)
      at sbt.ErrorHandling$.wideConvert(ErrorHandling.scala:17)
      at sbt.Execute.work(Execute.scala:235)
      at sbt.Execute$$anonfun$submit$1.apply(Execute.scala:226)
      at sbt.Execute$$anonfun$submit$1.apply(Execute.scala:226)
      at sbt.ConcurrentRestrictions$$anon$4$$anonfun$1.apply(ConcurrentRestrictions.scala:159)
      at sbt.CompletionService$$anon$2.call(CompletionService.scala:28)
      at java.util.concurrent.FutureTask.run(FutureTask.java:266)
      at java.util.concurrent.Executors$RunnableAdapter.call(Executors.java:511)
      at java.util.concurrent.FutureTask.run(FutureTask.java:266)
      at java.util.concurrent.ThreadPoolExecutor.runWorker(ThreadPoolExecutor.java:1142)
      at java.util.concurrent.ThreadPoolExecutor$Worker.run(ThreadPoolExecutor.java:617)
      at java.lang.Thread.run(Thread.java:745)
</pre>

          </div>

        </td>

        <td class="passed">passed

        </td>

        <td class="passed">passed

        </td>

        <td class="passed">passed

        </td>

        <td class="passed">passed

        </td>

        <td class="passed">passed

        </td>

        <td class="no-run">didn't run</td>

        <td class="no-run">didn't run</td>

        <td class="passed">passed

        </td>

    </tr>

    <tr>
        <td>a != 2 and a != 5</td>

        <td class="passed">passed

        </td>

        <td class="passed">passed

        </td>

        <td class="passed">passed

        </td>

        <td class="no-spec">no spec

          <div class="add-info">

              <div class="message">no expected result</div>

              <pre class="trace">
      org.scalatest.exceptions.TestFailedException: no expected result
      at org.scalatest.Assertions$class.newAssertionFailedException(Assertions.scala:495)
      at org.scalatest.FunSuite.newAssertionFailedException(FunSuite.scala:1555)
      at org.scalatest.Assertions$class.fail(Assertions.scala:1328)
      at org.scalatest.FunSuite.fail(FunSuite.scala:1555)
      at io.kaitai.struct.translators.TranslatorSpec$$anonfun$2$$anonfun$apply$3$$anonfun$apply$2.apply$mcV$sp(TranslatorSpec.scala:327)
      at io.kaitai.struct.translators.TranslatorSpec$$anonfun$2$$anonfun$apply$3$$anonfun$apply$2.apply(TranslatorSpec.scala:319)
      at io.kaitai.struct.translators.TranslatorSpec$$anonfun$2$$anonfun$apply$3$$anonfun$apply$2.apply(TranslatorSpec.scala:319)
      at org.scalatest.Transformer$$anonfun$apply$1.apply$mcV$sp(Transformer.scala:22)
      at org.scalatest.OutcomeOf$class.outcomeOf(OutcomeOf.scala:85)
      at org.scalatest.OutcomeOf$.outcomeOf(OutcomeOf.scala:104)
      at org.scalatest.Transformer.apply(Transformer.scala:22)
      at org.scalatest.Transformer.apply(Transformer.scala:20)
      at org.scalatest.FunSuiteLike$$anon$1.apply(FunSuiteLike.scala:166)
      at org.scalatest.Suite$class.withFixture(Suite.scala:1122)
      at org.scalatest.FunSuite.withFixture(FunSuite.scala:1555)
      at org.scalatest.FunSuiteLike$class.invokeWithFixture$1(FunSuiteLike.scala:163)
      at org.scalatest.FunSuiteLike$$anonfun$runTest$1.apply(FunSuiteLike.scala:175)
      at org.scalatest.FunSuiteLike$$anonfun$runTest$1.apply(FunSuiteLike.scala:175)
      at org.scalatest.SuperEngine.runTestImpl(Engine.scala:306)
      at org.scalatest.FunSuiteLike$class.runTest(FunSuiteLike.scala:175)
      at org.scalatest.FunSuite.runTest(FunSuite.scala:1555)
      at org.scalatest.FunSuiteLike$$anonfun$runTests$1.apply(FunSuiteLike.scala:208)
      at org.scalatest.FunSuiteLike$$anonfun$runTests$1.apply(FunSuiteLike.scala:208)
      at org.scalatest.SuperEngine$$anonfun$traverseSubNodes$1$1.apply(Engine.scala:413)
      at org.scalatest.SuperEngine$$anonfun$traverseSubNodes$1$1.apply(Engine.scala:401)
      at scala.collection.immutable.List.foreach(List.scala:381)
      at org.scalatest.SuperEngine.traverseSubNodes$1(Engine.scala:401)
      at org.scalatest.SuperEngine.org$scalatest$SuperEngine$$runTestsInBranch(Engine.scala:396)
      at org.scalatest.SuperEngine.runTestsImpl(Engine.scala:483)
      at org.scalatest.FunSuiteLike$class.runTests(FunSuiteLike.scala:208)
      at org.scalatest.FunSuite.runTests(FunSuite.scala:1555)
      at org.scalatest.Suite$class.run(Suite.scala:1424)
      at org.scalatest.FunSuite.org$scalatest$FunSuiteLike$$super$run(FunSuite.scala:1555)
      at org.scalatest.FunSuiteLike$$anonfun$run$1.apply(FunSuiteLike.scala:212)
      at org.scalatest.FunSuiteLike$$anonfun$run$1.apply(FunSuiteLike.scala:212)
      at org.scalatest.SuperEngine.runImpl(Engine.scala:545)
      at org.scalatest.FunSuiteLike$class.run(FunSuiteLike.scala:212)
      at org.scalatest.FunSuite.run(FunSuite.scala:1555)
      at org.scalatest.tools.Framework.org$scalatest$tools$Framework$$runSuite(Framework.scala:357)
      at org.scalatest.tools.Framework$ScalaTestTask.execute(Framework.scala:502)
      at sbt.TestRunner.runTest$1(TestFramework.scala:76)
      at sbt.TestRunner.run(TestFramework.scala:85)
      at sbt.TestFramework$$anon$2$$anonfun$$init$$1$$anonfun$apply$8.apply(TestFramework.scala:202)
      at sbt.TestFramework$$anon$2$$anonfun$$init$$1$$anonfun$apply$8.apply(TestFramework.scala:202)
      at sbt.TestFramework$.sbt$TestFramework$$withContextLoader(TestFramework.scala:185)
      at sbt.TestFramework$$anon$2$$anonfun$$init$$1.apply(TestFramework.scala:202)
      at sbt.TestFramework$$anon$2$$anonfun$$init$$1.apply(TestFramework.scala:202)
      at sbt.TestFunction.apply(TestFramework.scala:207)
      at sbt.Tests$$anonfun$9.apply(Tests.scala:216)
      at sbt.Tests$$anonfun$9.apply(Tests.scala:216)
      at sbt.std.Transform$$anon$3$$anonfun$apply$2.apply(System.scala:44)
      at sbt.std.Transform$$anon$3$$anonfun$apply$2.apply(System.scala:44)
      at sbt.std.Transform$$anon$4.work(System.scala:63)
      at sbt.Execute$$anonfun$submit$1$$anonfun$apply$1.apply(Execute.scala:226)
      at sbt.Execute$$anonfun$submit$1$$anonfun$apply$1.apply(Execute.scala:226)
      at sbt.ErrorHandling$.wideConvert(ErrorHandling.scala:17)
      at sbt.Execute.work(Execute.scala:235)
      at sbt.Execute$$anonfun$submit$1.apply(Execute.scala:226)
      at sbt.Execute$$anonfun$submit$1.apply(Execute.scala:226)
      at sbt.ConcurrentRestrictions$$anon$4$$anonfun$1.apply(ConcurrentRestrictions.scala:159)
      at sbt.CompletionService$$anon$2.call(CompletionService.scala:28)
      at java.util.concurrent.FutureTask.run(FutureTask.java:266)
      at java.util.concurrent.Executors$RunnableAdapter.call(Executors.java:511)
      at java.util.concurrent.FutureTask.run(FutureTask.java:266)
      at java.util.concurrent.ThreadPoolExecutor.runWorker(ThreadPoolExecutor.java:1142)
      at java.util.concurrent.ThreadPoolExecutor$Worker.run(ThreadPoolExecutor.java:617)
      at java.lang.Thread.run(Thread.java:745)
</pre>

          </div>

        </td>

        <td class="passed">passed

        </td>

        <td class="passed">passed

        </td>

        <td class="passed">passed

        </td>

        <td class="passed">passed

        </td>

        <td class="passed">passed

        </td>

        <td class="no-run">didn't run</td>

        <td class="no-run">didn't run</td>

        <td class="passed">passed

        </td>

    </tr>

    <tr>
        <td>a.first</td>

        <td class="passed">passed

        </td>

        <td class="passed">passed

        </td>

        <td class="passed">passed

        </td>

        <td class="no-spec">no spec

          <div class="add-info">

              <div class="message">no expected result</div>

              <pre class="trace">
      org.scalatest.exceptions.TestFailedException: no expected result
      at org.scalatest.Assertions$class.newAssertionFailedException(Assertions.scala:495)
      at org.scalatest.FunSuite.newAssertionFailedException(FunSuite.scala:1555)
      at org.scalatest.Assertions$class.fail(Assertions.scala:1328)
      at org.scalatest.FunSuite.fail(FunSuite.scala:1555)
      at io.kaitai.struct.translators.TranslatorSpec$$anonfun$2$$anonfun$apply$3$$anonfun$apply$2.apply$mcV$sp(TranslatorSpec.scala:327)
      at io.kaitai.struct.translators.TranslatorSpec$$anonfun$2$$anonfun$apply$3$$anonfun$apply$2.apply(TranslatorSpec.scala:319)
      at io.kaitai.struct.translators.TranslatorSpec$$anonfun$2$$anonfun$apply$3$$anonfun$apply$2.apply(TranslatorSpec.scala:319)
      at org.scalatest.Transformer$$anonfun$apply$1.apply$mcV$sp(Transformer.scala:22)
      at org.scalatest.OutcomeOf$class.outcomeOf(OutcomeOf.scala:85)
      at org.scalatest.OutcomeOf$.outcomeOf(OutcomeOf.scala:104)
      at org.scalatest.Transformer.apply(Transformer.scala:22)
      at org.scalatest.Transformer.apply(Transformer.scala:20)
      at org.scalatest.FunSuiteLike$$anon$1.apply(FunSuiteLike.scala:166)
      at org.scalatest.Suite$class.withFixture(Suite.scala:1122)
      at org.scalatest.FunSuite.withFixture(FunSuite.scala:1555)
      at org.scalatest.FunSuiteLike$class.invokeWithFixture$1(FunSuiteLike.scala:163)
      at org.scalatest.FunSuiteLike$$anonfun$runTest$1.apply(FunSuiteLike.scala:175)
      at org.scalatest.FunSuiteLike$$anonfun$runTest$1.apply(FunSuiteLike.scala:175)
      at org.scalatest.SuperEngine.runTestImpl(Engine.scala:306)
      at org.scalatest.FunSuiteLike$class.runTest(FunSuiteLike.scala:175)
      at org.scalatest.FunSuite.runTest(FunSuite.scala:1555)
      at org.scalatest.FunSuiteLike$$anonfun$runTests$1.apply(FunSuiteLike.scala:208)
      at org.scalatest.FunSuiteLike$$anonfun$runTests$1.apply(FunSuiteLike.scala:208)
      at org.scalatest.SuperEngine$$anonfun$traverseSubNodes$1$1.apply(Engine.scala:413)
      at org.scalatest.SuperEngine$$anonfun$traverseSubNodes$1$1.apply(Engine.scala:401)
      at scala.collection.immutable.List.foreach(List.scala:381)
      at org.scalatest.SuperEngine.traverseSubNodes$1(Engine.scala:401)
      at org.scalatest.SuperEngine.org$scalatest$SuperEngine$$runTestsInBranch(Engine.scala:396)
      at org.scalatest.SuperEngine.runTestsImpl(Engine.scala:483)
      at org.scalatest.FunSuiteLike$class.runTests(FunSuiteLike.scala:208)
      at org.scalatest.FunSuite.runTests(FunSuite.scala:1555)
      at org.scalatest.Suite$class.run(Suite.scala:1424)
      at org.scalatest.FunSuite.org$scalatest$FunSuiteLike$$super$run(FunSuite.scala:1555)
      at org.scalatest.FunSuiteLike$$anonfun$run$1.apply(FunSuiteLike.scala:212)
      at org.scalatest.FunSuiteLike$$anonfun$run$1.apply(FunSuiteLike.scala:212)
      at org.scalatest.SuperEngine.runImpl(Engine.scala:545)
      at org.scalatest.FunSuiteLike$class.run(FunSuiteLike.scala:212)
      at org.scalatest.FunSuite.run(FunSuite.scala:1555)
      at org.scalatest.tools.Framework.org$scalatest$tools$Framework$$runSuite(Framework.scala:357)
      at org.scalatest.tools.Framework$ScalaTestTask.execute(Framework.scala:502)
      at sbt.TestRunner.runTest$1(TestFramework.scala:76)
      at sbt.TestRunner.run(TestFramework.scala:85)
      at sbt.TestFramework$$anon$2$$anonfun$$init$$1$$anonfun$apply$8.apply(TestFramework.scala:202)
      at sbt.TestFramework$$anon$2$$anonfun$$init$$1$$anonfun$apply$8.apply(TestFramework.scala:202)
      at sbt.TestFramework$.sbt$TestFramework$$withContextLoader(TestFramework.scala:185)
      at sbt.TestFramework$$anon$2$$anonfun$$init$$1.apply(TestFramework.scala:202)
      at sbt.TestFramework$$anon$2$$anonfun$$init$$1.apply(TestFramework.scala:202)
      at sbt.TestFunction.apply(TestFramework.scala:207)
      at sbt.Tests$$anonfun$9.apply(Tests.scala:216)
      at sbt.Tests$$anonfun$9.apply(Tests.scala:216)
      at sbt.std.Transform$$anon$3$$anonfun$apply$2.apply(System.scala:44)
      at sbt.std.Transform$$anon$3$$anonfun$apply$2.apply(System.scala:44)
      at sbt.std.Transform$$anon$4.work(System.scala:63)
      at sbt.Execute$$anonfun$submit$1$$anonfun$apply$1.apply(Execute.scala:226)
      at sbt.Execute$$anonfun$submit$1$$anonfun$apply$1.apply(Execute.scala:226)
      at sbt.ErrorHandling$.wideConvert(ErrorHandling.scala:17)
      at sbt.Execute.work(Execute.scala:235)
      at sbt.Execute$$anonfun$submit$1.apply(Execute.scala:226)
      at sbt.Execute$$anonfun$submit$1.apply(Execute.scala:226)
      at sbt.ConcurrentRestrictions$$anon$4$$anonfun$1.apply(ConcurrentRestrictions.scala:159)
      at sbt.CompletionService$$anon$2.call(CompletionService.scala:28)
      at java.util.concurrent.FutureTask.run(FutureTask.java:266)
      at java.util.concurrent.Executors$RunnableAdapter.call(Executors.java:511)
      at java.util.concurrent.FutureTask.run(FutureTask.java:266)
      at java.util.concurrent.ThreadPoolExecutor.runWorker(ThreadPoolExecutor.java:1142)
      at java.util.concurrent.ThreadPoolExecutor$Worker.run(ThreadPoolExecutor.java:617)
      at java.lang.Thread.run(Thread.java:745)
</pre>

          </div>

        </td>

        <td class="passed">passed

        </td>

        <td class="passed">passed

        </td>

        <td class="no-spec">no spec

          <div class="add-info">

              <div class="message">no expected result</div>

              <pre class="trace">
      org.scalatest.exceptions.TestFailedException: no expected result
      at org.scalatest.Assertions$class.newAssertionFailedException(Assertions.scala:495)
      at org.scalatest.FunSuite.newAssertionFailedException(FunSuite.scala:1555)
      at org.scalatest.Assertions$class.fail(Assertions.scala:1328)
      at org.scalatest.FunSuite.fail(FunSuite.scala:1555)
      at io.kaitai.struct.translators.TranslatorSpec$$anonfun$2$$anonfun$apply$3$$anonfun$apply$2.apply$mcV$sp(TranslatorSpec.scala:327)
      at io.kaitai.struct.translators.TranslatorSpec$$anonfun$2$$anonfun$apply$3$$anonfun$apply$2.apply(TranslatorSpec.scala:319)
      at io.kaitai.struct.translators.TranslatorSpec$$anonfun$2$$anonfun$apply$3$$anonfun$apply$2.apply(TranslatorSpec.scala:319)
      at org.scalatest.Transformer$$anonfun$apply$1.apply$mcV$sp(Transformer.scala:22)
      at org.scalatest.OutcomeOf$class.outcomeOf(OutcomeOf.scala:85)
      at org.scalatest.OutcomeOf$.outcomeOf(OutcomeOf.scala:104)
      at org.scalatest.Transformer.apply(Transformer.scala:22)
      at org.scalatest.Transformer.apply(Transformer.scala:20)
      at org.scalatest.FunSuiteLike$$anon$1.apply(FunSuiteLike.scala:166)
      at org.scalatest.Suite$class.withFixture(Suite.scala:1122)
      at org.scalatest.FunSuite.withFixture(FunSuite.scala:1555)
      at org.scalatest.FunSuiteLike$class.invokeWithFixture$1(FunSuiteLike.scala:163)
      at org.scalatest.FunSuiteLike$$anonfun$runTest$1.apply(FunSuiteLike.scala:175)
      at org.scalatest.FunSuiteLike$$anonfun$runTest$1.apply(FunSuiteLike.scala:175)
      at org.scalatest.SuperEngine.runTestImpl(Engine.scala:306)
      at org.scalatest.FunSuiteLike$class.runTest(FunSuiteLike.scala:175)
      at org.scalatest.FunSuite.runTest(FunSuite.scala:1555)
      at org.scalatest.FunSuiteLike$$anonfun$runTests$1.apply(FunSuiteLike.scala:208)
      at org.scalatest.FunSuiteLike$$anonfun$runTests$1.apply(FunSuiteLike.scala:208)
      at org.scalatest.SuperEngine$$anonfun$traverseSubNodes$1$1.apply(Engine.scala:413)
      at org.scalatest.SuperEngine$$anonfun$traverseSubNodes$1$1.apply(Engine.scala:401)
      at scala.collection.immutable.List.foreach(List.scala:381)
      at org.scalatest.SuperEngine.traverseSubNodes$1(Engine.scala:401)
      at org.scalatest.SuperEngine.org$scalatest$SuperEngine$$runTestsInBranch(Engine.scala:396)
      at org.scalatest.SuperEngine.runTestsImpl(Engine.scala:483)
      at org.scalatest.FunSuiteLike$class.runTests(FunSuiteLike.scala:208)
      at org.scalatest.FunSuite.runTests(FunSuite.scala:1555)
      at org.scalatest.Suite$class.run(Suite.scala:1424)
      at org.scalatest.FunSuite.org$scalatest$FunSuiteLike$$super$run(FunSuite.scala:1555)
      at org.scalatest.FunSuiteLike$$anonfun$run$1.apply(FunSuiteLike.scala:212)
      at org.scalatest.FunSuiteLike$$anonfun$run$1.apply(FunSuiteLike.scala:212)
      at org.scalatest.SuperEngine.runImpl(Engine.scala:545)
      at org.scalatest.FunSuiteLike$class.run(FunSuiteLike.scala:212)
      at org.scalatest.FunSuite.run(FunSuite.scala:1555)
      at org.scalatest.tools.Framework.org$scalatest$tools$Framework$$runSuite(Framework.scala:357)
      at org.scalatest.tools.Framework$ScalaTestTask.execute(Framework.scala:502)
      at sbt.TestRunner.runTest$1(TestFramework.scala:76)
      at sbt.TestRunner.run(TestFramework.scala:85)
      at sbt.TestFramework$$anon$2$$anonfun$$init$$1$$anonfun$apply$8.apply(TestFramework.scala:202)
      at sbt.TestFramework$$anon$2$$anonfun$$init$$1$$anonfun$apply$8.apply(TestFramework.scala:202)
      at sbt.TestFramework$.sbt$TestFramework$$withContextLoader(TestFramework.scala:185)
      at sbt.TestFramework$$anon$2$$anonfun$$init$$1.apply(TestFramework.scala:202)
      at sbt.TestFramework$$anon$2$$anonfun$$init$$1.apply(TestFramework.scala:202)
      at sbt.TestFunction.apply(TestFramework.scala:207)
      at sbt.Tests$$anonfun$9.apply(Tests.scala:216)
      at sbt.Tests$$anonfun$9.apply(Tests.scala:216)
      at sbt.std.Transform$$anon$3$$anonfun$apply$2.apply(System.scala:44)
      at sbt.std.Transform$$anon$3$$anonfun$apply$2.apply(System.scala:44)
      at sbt.std.Transform$$anon$4.work(System.scala:63)
      at sbt.Execute$$anonfun$submit$1$$anonfun$apply$1.apply(Execute.scala:226)
      at sbt.Execute$$anonfun$submit$1$$anonfun$apply$1.apply(Execute.scala:226)
      at sbt.ErrorHandling$.wideConvert(ErrorHandling.scala:17)
      at sbt.Execute.work(Execute.scala:235)
      at sbt.Execute$$anonfun$submit$1.apply(Execute.scala:226)
      at sbt.Execute$$anonfun$submit$1.apply(Execute.scala:226)
      at sbt.ConcurrentRestrictions$$anon$4$$anonfun$1.apply(ConcurrentRestrictions.scala:159)
      at sbt.CompletionService$$anon$2.call(CompletionService.scala:28)
      at java.util.concurrent.FutureTask.run(FutureTask.java:266)
      at java.util.concurrent.Executors$RunnableAdapter.call(Executors.java:511)
      at java.util.concurrent.FutureTask.run(FutureTask.java:266)
      at java.util.concurrent.ThreadPoolExecutor.runWorker(ThreadPoolExecutor.java:1142)
      at java.util.concurrent.ThreadPoolExecutor$Worker.run(ThreadPoolExecutor.java:617)
      at java.lang.Thread.run(Thread.java:745)
</pre>

          </div>

        </td>

        <td class="no-spec">no spec

          <div class="add-info">

              <div class="message">no expected result</div>

              <pre class="trace">
      org.scalatest.exceptions.TestFailedException: no expected result
      at org.scalatest.Assertions$class.newAssertionFailedException(Assertions.scala:495)
      at org.scalatest.FunSuite.newAssertionFailedException(FunSuite.scala:1555)
      at org.scalatest.Assertions$class.fail(Assertions.scala:1328)
      at org.scalatest.FunSuite.fail(FunSuite.scala:1555)
      at io.kaitai.struct.translators.TranslatorSpec$$anonfun$2$$anonfun$apply$3$$anonfun$apply$2.apply$mcV$sp(TranslatorSpec.scala:327)
      at io.kaitai.struct.translators.TranslatorSpec$$anonfun$2$$anonfun$apply$3$$anonfun$apply$2.apply(TranslatorSpec.scala:319)
      at io.kaitai.struct.translators.TranslatorSpec$$anonfun$2$$anonfun$apply$3$$anonfun$apply$2.apply(TranslatorSpec.scala:319)
      at org.scalatest.Transformer$$anonfun$apply$1.apply$mcV$sp(Transformer.scala:22)
      at org.scalatest.OutcomeOf$class.outcomeOf(OutcomeOf.scala:85)
      at org.scalatest.OutcomeOf$.outcomeOf(OutcomeOf.scala:104)
      at org.scalatest.Transformer.apply(Transformer.scala:22)
      at org.scalatest.Transformer.apply(Transformer.scala:20)
      at org.scalatest.FunSuiteLike$$anon$1.apply(FunSuiteLike.scala:166)
      at org.scalatest.Suite$class.withFixture(Suite.scala:1122)
      at org.scalatest.FunSuite.withFixture(FunSuite.scala:1555)
      at org.scalatest.FunSuiteLike$class.invokeWithFixture$1(FunSuiteLike.scala:163)
      at org.scalatest.FunSuiteLike$$anonfun$runTest$1.apply(FunSuiteLike.scala:175)
      at org.scalatest.FunSuiteLike$$anonfun$runTest$1.apply(FunSuiteLike.scala:175)
      at org.scalatest.SuperEngine.runTestImpl(Engine.scala:306)
      at org.scalatest.FunSuiteLike$class.runTest(FunSuiteLike.scala:175)
      at org.scalatest.FunSuite.runTest(FunSuite.scala:1555)
      at org.scalatest.FunSuiteLike$$anonfun$runTests$1.apply(FunSuiteLike.scala:208)
      at org.scalatest.FunSuiteLike$$anonfun$runTests$1.apply(FunSuiteLike.scala:208)
      at org.scalatest.SuperEngine$$anonfun$traverseSubNodes$1$1.apply(Engine.scala:413)
      at org.scalatest.SuperEngine$$anonfun$traverseSubNodes$1$1.apply(Engine.scala:401)
      at scala.collection.immutable.List.foreach(List.scala:381)
      at org.scalatest.SuperEngine.traverseSubNodes$1(Engine.scala:401)
      at org.scalatest.SuperEngine.org$scalatest$SuperEngine$$runTestsInBranch(Engine.scala:396)
      at org.scalatest.SuperEngine.runTestsImpl(Engine.scala:483)
      at org.scalatest.FunSuiteLike$class.runTests(FunSuiteLike.scala:208)
      at org.scalatest.FunSuite.runTests(FunSuite.scala:1555)
      at org.scalatest.Suite$class.run(Suite.scala:1424)
      at org.scalatest.FunSuite.org$scalatest$FunSuiteLike$$super$run(FunSuite.scala:1555)
      at org.scalatest.FunSuiteLike$$anonfun$run$1.apply(FunSuiteLike.scala:212)
      at org.scalatest.FunSuiteLike$$anonfun$run$1.apply(FunSuiteLike.scala:212)
      at org.scalatest.SuperEngine.runImpl(Engine.scala:545)
      at org.scalatest.FunSuiteLike$class.run(FunSuiteLike.scala:212)
      at org.scalatest.FunSuite.run(FunSuite.scala:1555)
      at org.scalatest.tools.Framework.org$scalatest$tools$Framework$$runSuite(Framework.scala:357)
      at org.scalatest.tools.Framework$ScalaTestTask.execute(Framework.scala:502)
      at sbt.TestRunner.runTest$1(TestFramework.scala:76)
      at sbt.TestRunner.run(TestFramework.scala:85)
      at sbt.TestFramework$$anon$2$$anonfun$$init$$1$$anonfun$apply$8.apply(TestFramework.scala:202)
      at sbt.TestFramework$$anon$2$$anonfun$$init$$1$$anonfun$apply$8.apply(TestFramework.scala:202)
      at sbt.TestFramework$.sbt$TestFramework$$withContextLoader(TestFramework.scala:185)
      at sbt.TestFramework$$anon$2$$anonfun$$init$$1.apply(TestFramework.scala:202)
      at sbt.TestFramework$$anon$2$$anonfun$$init$$1.apply(TestFramework.scala:202)
      at sbt.TestFunction.apply(TestFramework.scala:207)
      at sbt.Tests$$anonfun$9.apply(Tests.scala:216)
      at sbt.Tests$$anonfun$9.apply(Tests.scala:216)
      at sbt.std.Transform$$anon$3$$anonfun$apply$2.apply(System.scala:44)
      at sbt.std.Transform$$anon$3$$anonfun$apply$2.apply(System.scala:44)
      at sbt.std.Transform$$anon$4.work(System.scala:63)
      at sbt.Execute$$anonfun$submit$1$$anonfun$apply$1.apply(Execute.scala:226)
      at sbt.Execute$$anonfun$submit$1$$anonfun$apply$1.apply(Execute.scala:226)
      at sbt.ErrorHandling$.wideConvert(ErrorHandling.scala:17)
      at sbt.Execute.work(Execute.scala:235)
      at sbt.Execute$$anonfun$submit$1.apply(Execute.scala:226)
      at sbt.Execute$$anonfun$submit$1.apply(Execute.scala:226)
      at sbt.ConcurrentRestrictions$$anon$4$$anonfun$1.apply(ConcurrentRestrictions.scala:159)
      at sbt.CompletionService$$anon$2.call(CompletionService.scala:28)
      at java.util.concurrent.FutureTask.run(FutureTask.java:266)
      at java.util.concurrent.Executors$RunnableAdapter.call(Executors.java:511)
      at java.util.concurrent.FutureTask.run(FutureTask.java:266)
      at java.util.concurrent.ThreadPoolExecutor.runWorker(ThreadPoolExecutor.java:1142)
      at java.util.concurrent.ThreadPoolExecutor$Worker.run(ThreadPoolExecutor.java:617)
      at java.lang.Thread.run(Thread.java:745)
</pre>

          </div>

        </td>

        <td class="passed">passed

        </td>

        <td class="no-run">didn't run</td>

        <td class="no-run">didn't run</td>

        <td class="passed">passed

        </td>

    </tr>

    <tr>
        <td>a.last</td>

        <td class="passed">passed

        </td>

        <td class="passed">passed

        </td>

        <td class="passed">passed

        </td>

        <td class="no-spec">no spec

          <div class="add-info">

              <div class="message">no expected result</div>

              <pre class="trace">
      org.scalatest.exceptions.TestFailedException: no expected result
      at org.scalatest.Assertions$class.newAssertionFailedException(Assertions.scala:495)
      at org.scalatest.FunSuite.newAssertionFailedException(FunSuite.scala:1555)
      at org.scalatest.Assertions$class.fail(Assertions.scala:1328)
      at org.scalatest.FunSuite.fail(FunSuite.scala:1555)
      at io.kaitai.struct.translators.TranslatorSpec$$anonfun$2$$anonfun$apply$3$$anonfun$apply$2.apply$mcV$sp(TranslatorSpec.scala:327)
      at io.kaitai.struct.translators.TranslatorSpec$$anonfun$2$$anonfun$apply$3$$anonfun$apply$2.apply(TranslatorSpec.scala:319)
      at io.kaitai.struct.translators.TranslatorSpec$$anonfun$2$$anonfun$apply$3$$anonfun$apply$2.apply(TranslatorSpec.scala:319)
      at org.scalatest.Transformer$$anonfun$apply$1.apply$mcV$sp(Transformer.scala:22)
      at org.scalatest.OutcomeOf$class.outcomeOf(OutcomeOf.scala:85)
      at org.scalatest.OutcomeOf$.outcomeOf(OutcomeOf.scala:104)
      at org.scalatest.Transformer.apply(Transformer.scala:22)
      at org.scalatest.Transformer.apply(Transformer.scala:20)
      at org.scalatest.FunSuiteLike$$anon$1.apply(FunSuiteLike.scala:166)
      at org.scalatest.Suite$class.withFixture(Suite.scala:1122)
      at org.scalatest.FunSuite.withFixture(FunSuite.scala:1555)
      at org.scalatest.FunSuiteLike$class.invokeWithFixture$1(FunSuiteLike.scala:163)
      at org.scalatest.FunSuiteLike$$anonfun$runTest$1.apply(FunSuiteLike.scala:175)
      at org.scalatest.FunSuiteLike$$anonfun$runTest$1.apply(FunSuiteLike.scala:175)
      at org.scalatest.SuperEngine.runTestImpl(Engine.scala:306)
      at org.scalatest.FunSuiteLike$class.runTest(FunSuiteLike.scala:175)
      at org.scalatest.FunSuite.runTest(FunSuite.scala:1555)
      at org.scalatest.FunSuiteLike$$anonfun$runTests$1.apply(FunSuiteLike.scala:208)
      at org.scalatest.FunSuiteLike$$anonfun$runTests$1.apply(FunSuiteLike.scala:208)
      at org.scalatest.SuperEngine$$anonfun$traverseSubNodes$1$1.apply(Engine.scala:413)
      at org.scalatest.SuperEngine$$anonfun$traverseSubNodes$1$1.apply(Engine.scala:401)
      at scala.collection.immutable.List.foreach(List.scala:381)
      at org.scalatest.SuperEngine.traverseSubNodes$1(Engine.scala:401)
      at org.scalatest.SuperEngine.org$scalatest$SuperEngine$$runTestsInBranch(Engine.scala:396)
      at org.scalatest.SuperEngine.runTestsImpl(Engine.scala:483)
      at org.scalatest.FunSuiteLike$class.runTests(FunSuiteLike.scala:208)
      at org.scalatest.FunSuite.runTests(FunSuite.scala:1555)
      at org.scalatest.Suite$class.run(Suite.scala:1424)
      at org.scalatest.FunSuite.org$scalatest$FunSuiteLike$$super$run(FunSuite.scala:1555)
      at org.scalatest.FunSuiteLike$$anonfun$run$1.apply(FunSuiteLike.scala:212)
      at org.scalatest.FunSuiteLike$$anonfun$run$1.apply(FunSuiteLike.scala:212)
      at org.scalatest.SuperEngine.runImpl(Engine.scala:545)
      at org.scalatest.FunSuiteLike$class.run(FunSuiteLike.scala:212)
      at org.scalatest.FunSuite.run(FunSuite.scala:1555)
      at org.scalatest.tools.Framework.org$scalatest$tools$Framework$$runSuite(Framework.scala:357)
      at org.scalatest.tools.Framework$ScalaTestTask.execute(Framework.scala:502)
      at sbt.TestRunner.runTest$1(TestFramework.scala:76)
      at sbt.TestRunner.run(TestFramework.scala:85)
      at sbt.TestFramework$$anon$2$$anonfun$$init$$1$$anonfun$apply$8.apply(TestFramework.scala:202)
      at sbt.TestFramework$$anon$2$$anonfun$$init$$1$$anonfun$apply$8.apply(TestFramework.scala:202)
      at sbt.TestFramework$.sbt$TestFramework$$withContextLoader(TestFramework.scala:185)
      at sbt.TestFramework$$anon$2$$anonfun$$init$$1.apply(TestFramework.scala:202)
      at sbt.TestFramework$$anon$2$$anonfun$$init$$1.apply(TestFramework.scala:202)
      at sbt.TestFunction.apply(TestFramework.scala:207)
      at sbt.Tests$$anonfun$9.apply(Tests.scala:216)
      at sbt.Tests$$anonfun$9.apply(Tests.scala:216)
      at sbt.std.Transform$$anon$3$$anonfun$apply$2.apply(System.scala:44)
      at sbt.std.Transform$$anon$3$$anonfun$apply$2.apply(System.scala:44)
      at sbt.std.Transform$$anon$4.work(System.scala:63)
      at sbt.Execute$$anonfun$submit$1$$anonfun$apply$1.apply(Execute.scala:226)
      at sbt.Execute$$anonfun$submit$1$$anonfun$apply$1.apply(Execute.scala:226)
      at sbt.ErrorHandling$.wideConvert(ErrorHandling.scala:17)
      at sbt.Execute.work(Execute.scala:235)
      at sbt.Execute$$anonfun$submit$1.apply(Execute.scala:226)
      at sbt.Execute$$anonfun$submit$1.apply(Execute.scala:226)
      at sbt.ConcurrentRestrictions$$anon$4$$anonfun$1.apply(ConcurrentRestrictions.scala:159)
      at sbt.CompletionService$$anon$2.call(CompletionService.scala:28)
      at java.util.concurrent.FutureTask.run(FutureTask.java:266)
      at java.util.concurrent.Executors$RunnableAdapter.call(Executors.java:511)
      at java.util.concurrent.FutureTask.run(FutureTask.java:266)
      at java.util.concurrent.ThreadPoolExecutor.runWorker(ThreadPoolExecutor.java:1142)
      at java.util.concurrent.ThreadPoolExecutor$Worker.run(ThreadPoolExecutor.java:617)
      at java.lang.Thread.run(Thread.java:745)
</pre>

          </div>

        </td>

        <td class="passed">passed

        </td>

        <td class="passed">passed

        </td>

        <td class="no-spec">no spec

          <div class="add-info">

              <div class="message">no expected result</div>

              <pre class="trace">
      org.scalatest.exceptions.TestFailedException: no expected result
      at org.scalatest.Assertions$class.newAssertionFailedException(Assertions.scala:495)
      at org.scalatest.FunSuite.newAssertionFailedException(FunSuite.scala:1555)
      at org.scalatest.Assertions$class.fail(Assertions.scala:1328)
      at org.scalatest.FunSuite.fail(FunSuite.scala:1555)
      at io.kaitai.struct.translators.TranslatorSpec$$anonfun$2$$anonfun$apply$3$$anonfun$apply$2.apply$mcV$sp(TranslatorSpec.scala:327)
      at io.kaitai.struct.translators.TranslatorSpec$$anonfun$2$$anonfun$apply$3$$anonfun$apply$2.apply(TranslatorSpec.scala:319)
      at io.kaitai.struct.translators.TranslatorSpec$$anonfun$2$$anonfun$apply$3$$anonfun$apply$2.apply(TranslatorSpec.scala:319)
      at org.scalatest.Transformer$$anonfun$apply$1.apply$mcV$sp(Transformer.scala:22)
      at org.scalatest.OutcomeOf$class.outcomeOf(OutcomeOf.scala:85)
      at org.scalatest.OutcomeOf$.outcomeOf(OutcomeOf.scala:104)
      at org.scalatest.Transformer.apply(Transformer.scala:22)
      at org.scalatest.Transformer.apply(Transformer.scala:20)
      at org.scalatest.FunSuiteLike$$anon$1.apply(FunSuiteLike.scala:166)
      at org.scalatest.Suite$class.withFixture(Suite.scala:1122)
      at org.scalatest.FunSuite.withFixture(FunSuite.scala:1555)
      at org.scalatest.FunSuiteLike$class.invokeWithFixture$1(FunSuiteLike.scala:163)
      at org.scalatest.FunSuiteLike$$anonfun$runTest$1.apply(FunSuiteLike.scala:175)
      at org.scalatest.FunSuiteLike$$anonfun$runTest$1.apply(FunSuiteLike.scala:175)
      at org.scalatest.SuperEngine.runTestImpl(Engine.scala:306)
      at org.scalatest.FunSuiteLike$class.runTest(FunSuiteLike.scala:175)
      at org.scalatest.FunSuite.runTest(FunSuite.scala:1555)
      at org.scalatest.FunSuiteLike$$anonfun$runTests$1.apply(FunSuiteLike.scala:208)
      at org.scalatest.FunSuiteLike$$anonfun$runTests$1.apply(FunSuiteLike.scala:208)
      at org.scalatest.SuperEngine$$anonfun$traverseSubNodes$1$1.apply(Engine.scala:413)
      at org.scalatest.SuperEngine$$anonfun$traverseSubNodes$1$1.apply(Engine.scala:401)
      at scala.collection.immutable.List.foreach(List.scala:381)
      at org.scalatest.SuperEngine.traverseSubNodes$1(Engine.scala:401)
      at org.scalatest.SuperEngine.org$scalatest$SuperEngine$$runTestsInBranch(Engine.scala:396)
      at org.scalatest.SuperEngine.runTestsImpl(Engine.scala:483)
      at org.scalatest.FunSuiteLike$class.runTests(FunSuiteLike.scala:208)
      at org.scalatest.FunSuite.runTests(FunSuite.scala:1555)
      at org.scalatest.Suite$class.run(Suite.scala:1424)
      at org.scalatest.FunSuite.org$scalatest$FunSuiteLike$$super$run(FunSuite.scala:1555)
      at org.scalatest.FunSuiteLike$$anonfun$run$1.apply(FunSuiteLike.scala:212)
      at org.scalatest.FunSuiteLike$$anonfun$run$1.apply(FunSuiteLike.scala:212)
      at org.scalatest.SuperEngine.runImpl(Engine.scala:545)
      at org.scalatest.FunSuiteLike$class.run(FunSuiteLike.scala:212)
      at org.scalatest.FunSuite.run(FunSuite.scala:1555)
      at org.scalatest.tools.Framework.org$scalatest$tools$Framework$$runSuite(Framework.scala:357)
      at org.scalatest.tools.Framework$ScalaTestTask.execute(Framework.scala:502)
      at sbt.TestRunner.runTest$1(TestFramework.scala:76)
      at sbt.TestRunner.run(TestFramework.scala:85)
      at sbt.TestFramework$$anon$2$$anonfun$$init$$1$$anonfun$apply$8.apply(TestFramework.scala:202)
      at sbt.TestFramework$$anon$2$$anonfun$$init$$1$$anonfun$apply$8.apply(TestFramework.scala:202)
      at sbt.TestFramework$.sbt$TestFramework$$withContextLoader(TestFramework.scala:185)
      at sbt.TestFramework$$anon$2$$anonfun$$init$$1.apply(TestFramework.scala:202)
      at sbt.TestFramework$$anon$2$$anonfun$$init$$1.apply(TestFramework.scala:202)
      at sbt.TestFunction.apply(TestFramework.scala:207)
      at sbt.Tests$$anonfun$9.apply(Tests.scala:216)
      at sbt.Tests$$anonfun$9.apply(Tests.scala:216)
      at sbt.std.Transform$$anon$3$$anonfun$apply$2.apply(System.scala:44)
      at sbt.std.Transform$$anon$3$$anonfun$apply$2.apply(System.scala:44)
      at sbt.std.Transform$$anon$4.work(System.scala:63)
      at sbt.Execute$$anonfun$submit$1$$anonfun$apply$1.apply(Execute.scala:226)
      at sbt.Execute$$anonfun$submit$1$$anonfun$apply$1.apply(Execute.scala:226)
      at sbt.ErrorHandling$.wideConvert(ErrorHandling.scala:17)
      at sbt.Execute.work(Execute.scala:235)
      at sbt.Execute$$anonfun$submit$1.apply(Execute.scala:226)
      at sbt.Execute$$anonfun$submit$1.apply(Execute.scala:226)
      at sbt.ConcurrentRestrictions$$anon$4$$anonfun$1.apply(ConcurrentRestrictions.scala:159)
      at sbt.CompletionService$$anon$2.call(CompletionService.scala:28)
      at java.util.concurrent.FutureTask.run(FutureTask.java:266)
      at java.util.concurrent.Executors$RunnableAdapter.call(Executors.java:511)
      at java.util.concurrent.FutureTask.run(FutureTask.java:266)
      at java.util.concurrent.ThreadPoolExecutor.runWorker(ThreadPoolExecutor.java:1142)
      at java.util.concurrent.ThreadPoolExecutor$Worker.run(ThreadPoolExecutor.java:617)
      at java.lang.Thread.run(Thread.java:745)
</pre>

          </div>

        </td>

        <td class="no-spec">no spec

          <div class="add-info">

              <div class="message">no expected result</div>

              <pre class="trace">
      org.scalatest.exceptions.TestFailedException: no expected result
      at org.scalatest.Assertions$class.newAssertionFailedException(Assertions.scala:495)
      at org.scalatest.FunSuite.newAssertionFailedException(FunSuite.scala:1555)
      at org.scalatest.Assertions$class.fail(Assertions.scala:1328)
      at org.scalatest.FunSuite.fail(FunSuite.scala:1555)
      at io.kaitai.struct.translators.TranslatorSpec$$anonfun$2$$anonfun$apply$3$$anonfun$apply$2.apply$mcV$sp(TranslatorSpec.scala:327)
      at io.kaitai.struct.translators.TranslatorSpec$$anonfun$2$$anonfun$apply$3$$anonfun$apply$2.apply(TranslatorSpec.scala:319)
      at io.kaitai.struct.translators.TranslatorSpec$$anonfun$2$$anonfun$apply$3$$anonfun$apply$2.apply(TranslatorSpec.scala:319)
      at org.scalatest.Transformer$$anonfun$apply$1.apply$mcV$sp(Transformer.scala:22)
      at org.scalatest.OutcomeOf$class.outcomeOf(OutcomeOf.scala:85)
      at org.scalatest.OutcomeOf$.outcomeOf(OutcomeOf.scala:104)
      at org.scalatest.Transformer.apply(Transformer.scala:22)
      at org.scalatest.Transformer.apply(Transformer.scala:20)
      at org.scalatest.FunSuiteLike$$anon$1.apply(FunSuiteLike.scala:166)
      at org.scalatest.Suite$class.withFixture(Suite.scala:1122)
      at org.scalatest.FunSuite.withFixture(FunSuite.scala:1555)
      at org.scalatest.FunSuiteLike$class.invokeWithFixture$1(FunSuiteLike.scala:163)
      at org.scalatest.FunSuiteLike$$anonfun$runTest$1.apply(FunSuiteLike.scala:175)
      at org.scalatest.FunSuiteLike$$anonfun$runTest$1.apply(FunSuiteLike.scala:175)
      at org.scalatest.SuperEngine.runTestImpl(Engine.scala:306)
      at org.scalatest.FunSuiteLike$class.runTest(FunSuiteLike.scala:175)
      at org.scalatest.FunSuite.runTest(FunSuite.scala:1555)
      at org.scalatest.FunSuiteLike$$anonfun$runTests$1.apply(FunSuiteLike.scala:208)
      at org.scalatest.FunSuiteLike$$anonfun$runTests$1.apply(FunSuiteLike.scala:208)
      at org.scalatest.SuperEngine$$anonfun$traverseSubNodes$1$1.apply(Engine.scala:413)
      at org.scalatest.SuperEngine$$anonfun$traverseSubNodes$1$1.apply(Engine.scala:401)
      at scala.collection.immutable.List.foreach(List.scala:381)
      at org.scalatest.SuperEngine.traverseSubNodes$1(Engine.scala:401)
      at org.scalatest.SuperEngine.org$scalatest$SuperEngine$$runTestsInBranch(Engine.scala:396)
      at org.scalatest.SuperEngine.runTestsImpl(Engine.scala:483)
      at org.scalatest.FunSuiteLike$class.runTests(FunSuiteLike.scala:208)
      at org.scalatest.FunSuite.runTests(FunSuite.scala:1555)
      at org.scalatest.Suite$class.run(Suite.scala:1424)
      at org.scalatest.FunSuite.org$scalatest$FunSuiteLike$$super$run(FunSuite.scala:1555)
      at org.scalatest.FunSuiteLike$$anonfun$run$1.apply(FunSuiteLike.scala:212)
      at org.scalatest.FunSuiteLike$$anonfun$run$1.apply(FunSuiteLike.scala:212)
      at org.scalatest.SuperEngine.runImpl(Engine.scala:545)
      at org.scalatest.FunSuiteLike$class.run(FunSuiteLike.scala:212)
      at org.scalatest.FunSuite.run(FunSuite.scala:1555)
      at org.scalatest.tools.Framework.org$scalatest$tools$Framework$$runSuite(Framework.scala:357)
      at org.scalatest.tools.Framework$ScalaTestTask.execute(Framework.scala:502)
      at sbt.TestRunner.runTest$1(TestFramework.scala:76)
      at sbt.TestRunner.run(TestFramework.scala:85)
      at sbt.TestFramework$$anon$2$$anonfun$$init$$1$$anonfun$apply$8.apply(TestFramework.scala:202)
      at sbt.TestFramework$$anon$2$$anonfun$$init$$1$$anonfun$apply$8.apply(TestFramework.scala:202)
      at sbt.TestFramework$.sbt$TestFramework$$withContextLoader(TestFramework.scala:185)
      at sbt.TestFramework$$anon$2$$anonfun$$init$$1.apply(TestFramework.scala:202)
      at sbt.TestFramework$$anon$2$$anonfun$$init$$1.apply(TestFramework.scala:202)
      at sbt.TestFunction.apply(TestFramework.scala:207)
      at sbt.Tests$$anonfun$9.apply(Tests.scala:216)
      at sbt.Tests$$anonfun$9.apply(Tests.scala:216)
      at sbt.std.Transform$$anon$3$$anonfun$apply$2.apply(System.scala:44)
      at sbt.std.Transform$$anon$3$$anonfun$apply$2.apply(System.scala:44)
      at sbt.std.Transform$$anon$4.work(System.scala:63)
      at sbt.Execute$$anonfun$submit$1$$anonfun$apply$1.apply(Execute.scala:226)
      at sbt.Execute$$anonfun$submit$1$$anonfun$apply$1.apply(Execute.scala:226)
      at sbt.ErrorHandling$.wideConvert(ErrorHandling.scala:17)
      at sbt.Execute.work(Execute.scala:235)
      at sbt.Execute$$anonfun$submit$1.apply(Execute.scala:226)
      at sbt.Execute$$anonfun$submit$1.apply(Execute.scala:226)
      at sbt.ConcurrentRestrictions$$anon$4$$anonfun$1.apply(ConcurrentRestrictions.scala:159)
      at sbt.CompletionService$$anon$2.call(CompletionService.scala:28)
      at java.util.concurrent.FutureTask.run(FutureTask.java:266)
      at java.util.concurrent.Executors$RunnableAdapter.call(Executors.java:511)
      at java.util.concurrent.FutureTask.run(FutureTask.java:266)
      at java.util.concurrent.ThreadPoolExecutor.runWorker(ThreadPoolExecutor.java:1142)
      at java.util.concurrent.ThreadPoolExecutor$Worker.run(ThreadPoolExecutor.java:617)
      at java.lang.Thread.run(Thread.java:745)
</pre>

          </div>

        </td>

        <td class="passed">passed

        </td>

        <td class="no-run">didn't run</td>

        <td class="no-run">didn't run</td>

        <td class="passed">passed

        </td>

    </tr>

    <tr>
        <td>a[42 - 2]</td>

        <td class="passed">passed

        </td>

        <td class="passed">passed

        </td>

        <td class="passed">passed

        </td>

        <td class="no-spec">no spec

          <div class="add-info">

              <div class="message">no expected result</div>

              <pre class="trace">
      org.scalatest.exceptions.TestFailedException: no expected result
      at org.scalatest.Assertions$class.newAssertionFailedException(Assertions.scala:495)
      at org.scalatest.FunSuite.newAssertionFailedException(FunSuite.scala:1555)
      at org.scalatest.Assertions$class.fail(Assertions.scala:1328)
      at org.scalatest.FunSuite.fail(FunSuite.scala:1555)
      at io.kaitai.struct.translators.TranslatorSpec$$anonfun$2$$anonfun$apply$3$$anonfun$apply$2.apply$mcV$sp(TranslatorSpec.scala:327)
      at io.kaitai.struct.translators.TranslatorSpec$$anonfun$2$$anonfun$apply$3$$anonfun$apply$2.apply(TranslatorSpec.scala:319)
      at io.kaitai.struct.translators.TranslatorSpec$$anonfun$2$$anonfun$apply$3$$anonfun$apply$2.apply(TranslatorSpec.scala:319)
      at org.scalatest.Transformer$$anonfun$apply$1.apply$mcV$sp(Transformer.scala:22)
      at org.scalatest.OutcomeOf$class.outcomeOf(OutcomeOf.scala:85)
      at org.scalatest.OutcomeOf$.outcomeOf(OutcomeOf.scala:104)
      at org.scalatest.Transformer.apply(Transformer.scala:22)
      at org.scalatest.Transformer.apply(Transformer.scala:20)
      at org.scalatest.FunSuiteLike$$anon$1.apply(FunSuiteLike.scala:166)
      at org.scalatest.Suite$class.withFixture(Suite.scala:1122)
      at org.scalatest.FunSuite.withFixture(FunSuite.scala:1555)
      at org.scalatest.FunSuiteLike$class.invokeWithFixture$1(FunSuiteLike.scala:163)
      at org.scalatest.FunSuiteLike$$anonfun$runTest$1.apply(FunSuiteLike.scala:175)
      at org.scalatest.FunSuiteLike$$anonfun$runTest$1.apply(FunSuiteLike.scala:175)
      at org.scalatest.SuperEngine.runTestImpl(Engine.scala:306)
      at org.scalatest.FunSuiteLike$class.runTest(FunSuiteLike.scala:175)
      at org.scalatest.FunSuite.runTest(FunSuite.scala:1555)
      at org.scalatest.FunSuiteLike$$anonfun$runTests$1.apply(FunSuiteLike.scala:208)
      at org.scalatest.FunSuiteLike$$anonfun$runTests$1.apply(FunSuiteLike.scala:208)
      at org.scalatest.SuperEngine$$anonfun$traverseSubNodes$1$1.apply(Engine.scala:413)
      at org.scalatest.SuperEngine$$anonfun$traverseSubNodes$1$1.apply(Engine.scala:401)
      at scala.collection.immutable.List.foreach(List.scala:381)
      at org.scalatest.SuperEngine.traverseSubNodes$1(Engine.scala:401)
      at org.scalatest.SuperEngine.org$scalatest$SuperEngine$$runTestsInBranch(Engine.scala:396)
      at org.scalatest.SuperEngine.runTestsImpl(Engine.scala:483)
      at org.scalatest.FunSuiteLike$class.runTests(FunSuiteLike.scala:208)
      at org.scalatest.FunSuite.runTests(FunSuite.scala:1555)
      at org.scalatest.Suite$class.run(Suite.scala:1424)
      at org.scalatest.FunSuite.org$scalatest$FunSuiteLike$$super$run(FunSuite.scala:1555)
      at org.scalatest.FunSuiteLike$$anonfun$run$1.apply(FunSuiteLike.scala:212)
      at org.scalatest.FunSuiteLike$$anonfun$run$1.apply(FunSuiteLike.scala:212)
      at org.scalatest.SuperEngine.runImpl(Engine.scala:545)
      at org.scalatest.FunSuiteLike$class.run(FunSuiteLike.scala:212)
      at org.scalatest.FunSuite.run(FunSuite.scala:1555)
      at org.scalatest.tools.Framework.org$scalatest$tools$Framework$$runSuite(Framework.scala:357)
      at org.scalatest.tools.Framework$ScalaTestTask.execute(Framework.scala:502)
      at sbt.TestRunner.runTest$1(TestFramework.scala:76)
      at sbt.TestRunner.run(TestFramework.scala:85)
      at sbt.TestFramework$$anon$2$$anonfun$$init$$1$$anonfun$apply$8.apply(TestFramework.scala:202)
      at sbt.TestFramework$$anon$2$$anonfun$$init$$1$$anonfun$apply$8.apply(TestFramework.scala:202)
      at sbt.TestFramework$.sbt$TestFramework$$withContextLoader(TestFramework.scala:185)
      at sbt.TestFramework$$anon$2$$anonfun$$init$$1.apply(TestFramework.scala:202)
      at sbt.TestFramework$$anon$2$$anonfun$$init$$1.apply(TestFramework.scala:202)
      at sbt.TestFunction.apply(TestFramework.scala:207)
      at sbt.Tests$$anonfun$9.apply(Tests.scala:216)
      at sbt.Tests$$anonfun$9.apply(Tests.scala:216)
      at sbt.std.Transform$$anon$3$$anonfun$apply$2.apply(System.scala:44)
      at sbt.std.Transform$$anon$3$$anonfun$apply$2.apply(System.scala:44)
      at sbt.std.Transform$$anon$4.work(System.scala:63)
      at sbt.Execute$$anonfun$submit$1$$anonfun$apply$1.apply(Execute.scala:226)
      at sbt.Execute$$anonfun$submit$1$$anonfun$apply$1.apply(Execute.scala:226)
      at sbt.ErrorHandling$.wideConvert(ErrorHandling.scala:17)
      at sbt.Execute.work(Execute.scala:235)
      at sbt.Execute$$anonfun$submit$1.apply(Execute.scala:226)
      at sbt.Execute$$anonfun$submit$1.apply(Execute.scala:226)
      at sbt.ConcurrentRestrictions$$anon$4$$anonfun$1.apply(ConcurrentRestrictions.scala:159)
      at sbt.CompletionService$$anon$2.call(CompletionService.scala:28)
      at java.util.concurrent.FutureTask.run(FutureTask.java:266)
      at java.util.concurrent.Executors$RunnableAdapter.call(Executors.java:511)
      at java.util.concurrent.FutureTask.run(FutureTask.java:266)
      at java.util.concurrent.ThreadPoolExecutor.runWorker(ThreadPoolExecutor.java:1142)
      at java.util.concurrent.ThreadPoolExecutor$Worker.run(ThreadPoolExecutor.java:617)
      at java.lang.Thread.run(Thread.java:745)
</pre>

          </div>

        </td>

        <td class="passed">passed

        </td>

        <td class="passed">passed

        </td>

        <td class="no-spec">no spec

          <div class="add-info">

              <div class="message">no expected result</div>

              <pre class="trace">
      org.scalatest.exceptions.TestFailedException: no expected result
      at org.scalatest.Assertions$class.newAssertionFailedException(Assertions.scala:495)
      at org.scalatest.FunSuite.newAssertionFailedException(FunSuite.scala:1555)
      at org.scalatest.Assertions$class.fail(Assertions.scala:1328)
      at org.scalatest.FunSuite.fail(FunSuite.scala:1555)
      at io.kaitai.struct.translators.TranslatorSpec$$anonfun$2$$anonfun$apply$3$$anonfun$apply$2.apply$mcV$sp(TranslatorSpec.scala:327)
      at io.kaitai.struct.translators.TranslatorSpec$$anonfun$2$$anonfun$apply$3$$anonfun$apply$2.apply(TranslatorSpec.scala:319)
      at io.kaitai.struct.translators.TranslatorSpec$$anonfun$2$$anonfun$apply$3$$anonfun$apply$2.apply(TranslatorSpec.scala:319)
      at org.scalatest.Transformer$$anonfun$apply$1.apply$mcV$sp(Transformer.scala:22)
      at org.scalatest.OutcomeOf$class.outcomeOf(OutcomeOf.scala:85)
      at org.scalatest.OutcomeOf$.outcomeOf(OutcomeOf.scala:104)
      at org.scalatest.Transformer.apply(Transformer.scala:22)
      at org.scalatest.Transformer.apply(Transformer.scala:20)
      at org.scalatest.FunSuiteLike$$anon$1.apply(FunSuiteLike.scala:166)
      at org.scalatest.Suite$class.withFixture(Suite.scala:1122)
      at org.scalatest.FunSuite.withFixture(FunSuite.scala:1555)
      at org.scalatest.FunSuiteLike$class.invokeWithFixture$1(FunSuiteLike.scala:163)
      at org.scalatest.FunSuiteLike$$anonfun$runTest$1.apply(FunSuiteLike.scala:175)
      at org.scalatest.FunSuiteLike$$anonfun$runTest$1.apply(FunSuiteLike.scala:175)
      at org.scalatest.SuperEngine.runTestImpl(Engine.scala:306)
      at org.scalatest.FunSuiteLike$class.runTest(FunSuiteLike.scala:175)
      at org.scalatest.FunSuite.runTest(FunSuite.scala:1555)
      at org.scalatest.FunSuiteLike$$anonfun$runTests$1.apply(FunSuiteLike.scala:208)
      at org.scalatest.FunSuiteLike$$anonfun$runTests$1.apply(FunSuiteLike.scala:208)
      at org.scalatest.SuperEngine$$anonfun$traverseSubNodes$1$1.apply(Engine.scala:413)
      at org.scalatest.SuperEngine$$anonfun$traverseSubNodes$1$1.apply(Engine.scala:401)
      at scala.collection.immutable.List.foreach(List.scala:381)
      at org.scalatest.SuperEngine.traverseSubNodes$1(Engine.scala:401)
      at org.scalatest.SuperEngine.org$scalatest$SuperEngine$$runTestsInBranch(Engine.scala:396)
      at org.scalatest.SuperEngine.runTestsImpl(Engine.scala:483)
      at org.scalatest.FunSuiteLike$class.runTests(FunSuiteLike.scala:208)
      at org.scalatest.FunSuite.runTests(FunSuite.scala:1555)
      at org.scalatest.Suite$class.run(Suite.scala:1424)
      at org.scalatest.FunSuite.org$scalatest$FunSuiteLike$$super$run(FunSuite.scala:1555)
      at org.scalatest.FunSuiteLike$$anonfun$run$1.apply(FunSuiteLike.scala:212)
      at org.scalatest.FunSuiteLike$$anonfun$run$1.apply(FunSuiteLike.scala:212)
      at org.scalatest.SuperEngine.runImpl(Engine.scala:545)
      at org.scalatest.FunSuiteLike$class.run(FunSuiteLike.scala:212)
      at org.scalatest.FunSuite.run(FunSuite.scala:1555)
      at org.scalatest.tools.Framework.org$scalatest$tools$Framework$$runSuite(Framework.scala:357)
      at org.scalatest.tools.Framework$ScalaTestTask.execute(Framework.scala:502)
      at sbt.TestRunner.runTest$1(TestFramework.scala:76)
      at sbt.TestRunner.run(TestFramework.scala:85)
      at sbt.TestFramework$$anon$2$$anonfun$$init$$1$$anonfun$apply$8.apply(TestFramework.scala:202)
      at sbt.TestFramework$$anon$2$$anonfun$$init$$1$$anonfun$apply$8.apply(TestFramework.scala:202)
      at sbt.TestFramework$.sbt$TestFramework$$withContextLoader(TestFramework.scala:185)
      at sbt.TestFramework$$anon$2$$anonfun$$init$$1.apply(TestFramework.scala:202)
      at sbt.TestFramework$$anon$2$$anonfun$$init$$1.apply(TestFramework.scala:202)
      at sbt.TestFunction.apply(TestFramework.scala:207)
      at sbt.Tests$$anonfun$9.apply(Tests.scala:216)
      at sbt.Tests$$anonfun$9.apply(Tests.scala:216)
      at sbt.std.Transform$$anon$3$$anonfun$apply$2.apply(System.scala:44)
      at sbt.std.Transform$$anon$3$$anonfun$apply$2.apply(System.scala:44)
      at sbt.std.Transform$$anon$4.work(System.scala:63)
      at sbt.Execute$$anonfun$submit$1$$anonfun$apply$1.apply(Execute.scala:226)
      at sbt.Execute$$anonfun$submit$1$$anonfun$apply$1.apply(Execute.scala:226)
      at sbt.ErrorHandling$.wideConvert(ErrorHandling.scala:17)
      at sbt.Execute.work(Execute.scala:235)
      at sbt.Execute$$anonfun$submit$1.apply(Execute.scala:226)
      at sbt.Execute$$anonfun$submit$1.apply(Execute.scala:226)
      at sbt.ConcurrentRestrictions$$anon$4$$anonfun$1.apply(ConcurrentRestrictions.scala:159)
      at sbt.CompletionService$$anon$2.call(CompletionService.scala:28)
      at java.util.concurrent.FutureTask.run(FutureTask.java:266)
      at java.util.concurrent.Executors$RunnableAdapter.call(Executors.java:511)
      at java.util.concurrent.FutureTask.run(FutureTask.java:266)
      at java.util.concurrent.ThreadPoolExecutor.runWorker(ThreadPoolExecutor.java:1142)
      at java.util.concurrent.ThreadPoolExecutor$Worker.run(ThreadPoolExecutor.java:617)
      at java.lang.Thread.run(Thread.java:745)
</pre>

          </div>

        </td>

        <td class="no-spec">no spec

          <div class="add-info">

              <div class="message">no expected result</div>

              <pre class="trace">
      org.scalatest.exceptions.TestFailedException: no expected result
      at org.scalatest.Assertions$class.newAssertionFailedException(Assertions.scala:495)
      at org.scalatest.FunSuite.newAssertionFailedException(FunSuite.scala:1555)
      at org.scalatest.Assertions$class.fail(Assertions.scala:1328)
      at org.scalatest.FunSuite.fail(FunSuite.scala:1555)
      at io.kaitai.struct.translators.TranslatorSpec$$anonfun$2$$anonfun$apply$3$$anonfun$apply$2.apply$mcV$sp(TranslatorSpec.scala:327)
      at io.kaitai.struct.translators.TranslatorSpec$$anonfun$2$$anonfun$apply$3$$anonfun$apply$2.apply(TranslatorSpec.scala:319)
      at io.kaitai.struct.translators.TranslatorSpec$$anonfun$2$$anonfun$apply$3$$anonfun$apply$2.apply(TranslatorSpec.scala:319)
      at org.scalatest.Transformer$$anonfun$apply$1.apply$mcV$sp(Transformer.scala:22)
      at org.scalatest.OutcomeOf$class.outcomeOf(OutcomeOf.scala:85)
      at org.scalatest.OutcomeOf$.outcomeOf(OutcomeOf.scala:104)
      at org.scalatest.Transformer.apply(Transformer.scala:22)
      at org.scalatest.Transformer.apply(Transformer.scala:20)
      at org.scalatest.FunSuiteLike$$anon$1.apply(FunSuiteLike.scala:166)
      at org.scalatest.Suite$class.withFixture(Suite.scala:1122)
      at org.scalatest.FunSuite.withFixture(FunSuite.scala:1555)
      at org.scalatest.FunSuiteLike$class.invokeWithFixture$1(FunSuiteLike.scala:163)
      at org.scalatest.FunSuiteLike$$anonfun$runTest$1.apply(FunSuiteLike.scala:175)
      at org.scalatest.FunSuiteLike$$anonfun$runTest$1.apply(FunSuiteLike.scala:175)
      at org.scalatest.SuperEngine.runTestImpl(Engine.scala:306)
      at org.scalatest.FunSuiteLike$class.runTest(FunSuiteLike.scala:175)
      at org.scalatest.FunSuite.runTest(FunSuite.scala:1555)
      at org.scalatest.FunSuiteLike$$anonfun$runTests$1.apply(FunSuiteLike.scala:208)
      at org.scalatest.FunSuiteLike$$anonfun$runTests$1.apply(FunSuiteLike.scala:208)
      at org.scalatest.SuperEngine$$anonfun$traverseSubNodes$1$1.apply(Engine.scala:413)
      at org.scalatest.SuperEngine$$anonfun$traverseSubNodes$1$1.apply(Engine.scala:401)
      at scala.collection.immutable.List.foreach(List.scala:381)
      at org.scalatest.SuperEngine.traverseSubNodes$1(Engine.scala:401)
      at org.scalatest.SuperEngine.org$scalatest$SuperEngine$$runTestsInBranch(Engine.scala:396)
      at org.scalatest.SuperEngine.runTestsImpl(Engine.scala:483)
      at org.scalatest.FunSuiteLike$class.runTests(FunSuiteLike.scala:208)
      at org.scalatest.FunSuite.runTests(FunSuite.scala:1555)
      at org.scalatest.Suite$class.run(Suite.scala:1424)
      at org.scalatest.FunSuite.org$scalatest$FunSuiteLike$$super$run(FunSuite.scala:1555)
      at org.scalatest.FunSuiteLike$$anonfun$run$1.apply(FunSuiteLike.scala:212)
      at org.scalatest.FunSuiteLike$$anonfun$run$1.apply(FunSuiteLike.scala:212)
      at org.scalatest.SuperEngine.runImpl(Engine.scala:545)
      at org.scalatest.FunSuiteLike$class.run(FunSuiteLike.scala:212)
      at org.scalatest.FunSuite.run(FunSuite.scala:1555)
      at org.scalatest.tools.Framework.org$scalatest$tools$Framework$$runSuite(Framework.scala:357)
      at org.scalatest.tools.Framework$ScalaTestTask.execute(Framework.scala:502)
      at sbt.TestRunner.runTest$1(TestFramework.scala:76)
      at sbt.TestRunner.run(TestFramework.scala:85)
      at sbt.TestFramework$$anon$2$$anonfun$$init$$1$$anonfun$apply$8.apply(TestFramework.scala:202)
      at sbt.TestFramework$$anon$2$$anonfun$$init$$1$$anonfun$apply$8.apply(TestFramework.scala:202)
      at sbt.TestFramework$.sbt$TestFramework$$withContextLoader(TestFramework.scala:185)
      at sbt.TestFramework$$anon$2$$anonfun$$init$$1.apply(TestFramework.scala:202)
      at sbt.TestFramework$$anon$2$$anonfun$$init$$1.apply(TestFramework.scala:202)
      at sbt.TestFunction.apply(TestFramework.scala:207)
      at sbt.Tests$$anonfun$9.apply(Tests.scala:216)
      at sbt.Tests$$anonfun$9.apply(Tests.scala:216)
      at sbt.std.Transform$$anon$3$$anonfun$apply$2.apply(System.scala:44)
      at sbt.std.Transform$$anon$3$$anonfun$apply$2.apply(System.scala:44)
      at sbt.std.Transform$$anon$4.work(System.scala:63)
      at sbt.Execute$$anonfun$submit$1$$anonfun$apply$1.apply(Execute.scala:226)
      at sbt.Execute$$anonfun$submit$1$$anonfun$apply$1.apply(Execute.scala:226)
      at sbt.ErrorHandling$.wideConvert(ErrorHandling.scala:17)
      at sbt.Execute.work(Execute.scala:235)
      at sbt.Execute$$anonfun$submit$1.apply(Execute.scala:226)
      at sbt.Execute$$anonfun$submit$1.apply(Execute.scala:226)
      at sbt.ConcurrentRestrictions$$anon$4$$anonfun$1.apply(ConcurrentRestrictions.scala:159)
      at sbt.CompletionService$$anon$2.call(CompletionService.scala:28)
      at java.util.concurrent.FutureTask.run(FutureTask.java:266)
      at java.util.concurrent.Executors$RunnableAdapter.call(Executors.java:511)
      at java.util.concurrent.FutureTask.run(FutureTask.java:266)
      at java.util.concurrent.ThreadPoolExecutor.runWorker(ThreadPoolExecutor.java:1142)
      at java.util.concurrent.ThreadPoolExecutor$Worker.run(ThreadPoolExecutor.java:617)
      at java.lang.Thread.run(Thread.java:745)
</pre>

          </div>

        </td>

        <td class="passed">passed

        </td>

        <td class="no-run">didn't run</td>

        <td class="no-run">didn't run</td>

        <td class="passed">passed

        </td>

    </tr>

    <tr>
        <td>a[42]</td>

        <td class="passed">passed

        </td>

        <td class="passed">passed

        </td>

        <td class="passed">passed

        </td>

        <td class="no-spec">no spec

          <div class="add-info">

              <div class="message">no expected result</div>

              <pre class="trace">
      org.scalatest.exceptions.TestFailedException: no expected result
      at org.scalatest.Assertions$class.newAssertionFailedException(Assertions.scala:495)
      at org.scalatest.FunSuite.newAssertionFailedException(FunSuite.scala:1555)
      at org.scalatest.Assertions$class.fail(Assertions.scala:1328)
      at org.scalatest.FunSuite.fail(FunSuite.scala:1555)
      at io.kaitai.struct.translators.TranslatorSpec$$anonfun$2$$anonfun$apply$3$$anonfun$apply$2.apply$mcV$sp(TranslatorSpec.scala:327)
      at io.kaitai.struct.translators.TranslatorSpec$$anonfun$2$$anonfun$apply$3$$anonfun$apply$2.apply(TranslatorSpec.scala:319)
      at io.kaitai.struct.translators.TranslatorSpec$$anonfun$2$$anonfun$apply$3$$anonfun$apply$2.apply(TranslatorSpec.scala:319)
      at org.scalatest.Transformer$$anonfun$apply$1.apply$mcV$sp(Transformer.scala:22)
      at org.scalatest.OutcomeOf$class.outcomeOf(OutcomeOf.scala:85)
      at org.scalatest.OutcomeOf$.outcomeOf(OutcomeOf.scala:104)
      at org.scalatest.Transformer.apply(Transformer.scala:22)
      at org.scalatest.Transformer.apply(Transformer.scala:20)
      at org.scalatest.FunSuiteLike$$anon$1.apply(FunSuiteLike.scala:166)
      at org.scalatest.Suite$class.withFixture(Suite.scala:1122)
      at org.scalatest.FunSuite.withFixture(FunSuite.scala:1555)
      at org.scalatest.FunSuiteLike$class.invokeWithFixture$1(FunSuiteLike.scala:163)
      at org.scalatest.FunSuiteLike$$anonfun$runTest$1.apply(FunSuiteLike.scala:175)
      at org.scalatest.FunSuiteLike$$anonfun$runTest$1.apply(FunSuiteLike.scala:175)
      at org.scalatest.SuperEngine.runTestImpl(Engine.scala:306)
      at org.scalatest.FunSuiteLike$class.runTest(FunSuiteLike.scala:175)
      at org.scalatest.FunSuite.runTest(FunSuite.scala:1555)
      at org.scalatest.FunSuiteLike$$anonfun$runTests$1.apply(FunSuiteLike.scala:208)
      at org.scalatest.FunSuiteLike$$anonfun$runTests$1.apply(FunSuiteLike.scala:208)
      at org.scalatest.SuperEngine$$anonfun$traverseSubNodes$1$1.apply(Engine.scala:413)
      at org.scalatest.SuperEngine$$anonfun$traverseSubNodes$1$1.apply(Engine.scala:401)
      at scala.collection.immutable.List.foreach(List.scala:381)
      at org.scalatest.SuperEngine.traverseSubNodes$1(Engine.scala:401)
      at org.scalatest.SuperEngine.org$scalatest$SuperEngine$$runTestsInBranch(Engine.scala:396)
      at org.scalatest.SuperEngine.runTestsImpl(Engine.scala:483)
      at org.scalatest.FunSuiteLike$class.runTests(FunSuiteLike.scala:208)
      at org.scalatest.FunSuite.runTests(FunSuite.scala:1555)
      at org.scalatest.Suite$class.run(Suite.scala:1424)
      at org.scalatest.FunSuite.org$scalatest$FunSuiteLike$$super$run(FunSuite.scala:1555)
      at org.scalatest.FunSuiteLike$$anonfun$run$1.apply(FunSuiteLike.scala:212)
      at org.scalatest.FunSuiteLike$$anonfun$run$1.apply(FunSuiteLike.scala:212)
      at org.scalatest.SuperEngine.runImpl(Engine.scala:545)
      at org.scalatest.FunSuiteLike$class.run(FunSuiteLike.scala:212)
      at org.scalatest.FunSuite.run(FunSuite.scala:1555)
      at org.scalatest.tools.Framework.org$scalatest$tools$Framework$$runSuite(Framework.scala:357)
      at org.scalatest.tools.Framework$ScalaTestTask.execute(Framework.scala:502)
      at sbt.TestRunner.runTest$1(TestFramework.scala:76)
      at sbt.TestRunner.run(TestFramework.scala:85)
      at sbt.TestFramework$$anon$2$$anonfun$$init$$1$$anonfun$apply$8.apply(TestFramework.scala:202)
      at sbt.TestFramework$$anon$2$$anonfun$$init$$1$$anonfun$apply$8.apply(TestFramework.scala:202)
      at sbt.TestFramework$.sbt$TestFramework$$withContextLoader(TestFramework.scala:185)
      at sbt.TestFramework$$anon$2$$anonfun$$init$$1.apply(TestFramework.scala:202)
      at sbt.TestFramework$$anon$2$$anonfun$$init$$1.apply(TestFramework.scala:202)
      at sbt.TestFunction.apply(TestFramework.scala:207)
      at sbt.Tests$$anonfun$9.apply(Tests.scala:216)
      at sbt.Tests$$anonfun$9.apply(Tests.scala:216)
      at sbt.std.Transform$$anon$3$$anonfun$apply$2.apply(System.scala:44)
      at sbt.std.Transform$$anon$3$$anonfun$apply$2.apply(System.scala:44)
      at sbt.std.Transform$$anon$4.work(System.scala:63)
      at sbt.Execute$$anonfun$submit$1$$anonfun$apply$1.apply(Execute.scala:226)
      at sbt.Execute$$anonfun$submit$1$$anonfun$apply$1.apply(Execute.scala:226)
      at sbt.ErrorHandling$.wideConvert(ErrorHandling.scala:17)
      at sbt.Execute.work(Execute.scala:235)
      at sbt.Execute$$anonfun$submit$1.apply(Execute.scala:226)
      at sbt.Execute$$anonfun$submit$1.apply(Execute.scala:226)
      at sbt.ConcurrentRestrictions$$anon$4$$anonfun$1.apply(ConcurrentRestrictions.scala:159)
      at sbt.CompletionService$$anon$2.call(CompletionService.scala:28)
      at java.util.concurrent.FutureTask.run(FutureTask.java:266)
      at java.util.concurrent.Executors$RunnableAdapter.call(Executors.java:511)
      at java.util.concurrent.FutureTask.run(FutureTask.java:266)
      at java.util.concurrent.ThreadPoolExecutor.runWorker(ThreadPoolExecutor.java:1142)
      at java.util.concurrent.ThreadPoolExecutor$Worker.run(ThreadPoolExecutor.java:617)
      at java.lang.Thread.run(Thread.java:745)
</pre>

          </div>

        </td>

        <td class="passed">passed

        </td>

        <td class="passed">passed

        </td>

        <td class="no-spec">no spec

          <div class="add-info">

              <div class="message">no expected result</div>

              <pre class="trace">
      org.scalatest.exceptions.TestFailedException: no expected result
      at org.scalatest.Assertions$class.newAssertionFailedException(Assertions.scala:495)
      at org.scalatest.FunSuite.newAssertionFailedException(FunSuite.scala:1555)
      at org.scalatest.Assertions$class.fail(Assertions.scala:1328)
      at org.scalatest.FunSuite.fail(FunSuite.scala:1555)
      at io.kaitai.struct.translators.TranslatorSpec$$anonfun$2$$anonfun$apply$3$$anonfun$apply$2.apply$mcV$sp(TranslatorSpec.scala:327)
      at io.kaitai.struct.translators.TranslatorSpec$$anonfun$2$$anonfun$apply$3$$anonfun$apply$2.apply(TranslatorSpec.scala:319)
      at io.kaitai.struct.translators.TranslatorSpec$$anonfun$2$$anonfun$apply$3$$anonfun$apply$2.apply(TranslatorSpec.scala:319)
      at org.scalatest.Transformer$$anonfun$apply$1.apply$mcV$sp(Transformer.scala:22)
      at org.scalatest.OutcomeOf$class.outcomeOf(OutcomeOf.scala:85)
      at org.scalatest.OutcomeOf$.outcomeOf(OutcomeOf.scala:104)
      at org.scalatest.Transformer.apply(Transformer.scala:22)
      at org.scalatest.Transformer.apply(Transformer.scala:20)
      at org.scalatest.FunSuiteLike$$anon$1.apply(FunSuiteLike.scala:166)
      at org.scalatest.Suite$class.withFixture(Suite.scala:1122)
      at org.scalatest.FunSuite.withFixture(FunSuite.scala:1555)
      at org.scalatest.FunSuiteLike$class.invokeWithFixture$1(FunSuiteLike.scala:163)
      at org.scalatest.FunSuiteLike$$anonfun$runTest$1.apply(FunSuiteLike.scala:175)
      at org.scalatest.FunSuiteLike$$anonfun$runTest$1.apply(FunSuiteLike.scala:175)
      at org.scalatest.SuperEngine.runTestImpl(Engine.scala:306)
      at org.scalatest.FunSuiteLike$class.runTest(FunSuiteLike.scala:175)
      at org.scalatest.FunSuite.runTest(FunSuite.scala:1555)
      at org.scalatest.FunSuiteLike$$anonfun$runTests$1.apply(FunSuiteLike.scala:208)
      at org.scalatest.FunSuiteLike$$anonfun$runTests$1.apply(FunSuiteLike.scala:208)
      at org.scalatest.SuperEngine$$anonfun$traverseSubNodes$1$1.apply(Engine.scala:413)
      at org.scalatest.SuperEngine$$anonfun$traverseSubNodes$1$1.apply(Engine.scala:401)
      at scala.collection.immutable.List.foreach(List.scala:381)
      at org.scalatest.SuperEngine.traverseSubNodes$1(Engine.scala:401)
      at org.scalatest.SuperEngine.org$scalatest$SuperEngine$$runTestsInBranch(Engine.scala:396)
      at org.scalatest.SuperEngine.runTestsImpl(Engine.scala:483)
      at org.scalatest.FunSuiteLike$class.runTests(FunSuiteLike.scala:208)
      at org.scalatest.FunSuite.runTests(FunSuite.scala:1555)
      at org.scalatest.Suite$class.run(Suite.scala:1424)
      at org.scalatest.FunSuite.org$scalatest$FunSuiteLike$$super$run(FunSuite.scala:1555)
      at org.scalatest.FunSuiteLike$$anonfun$run$1.apply(FunSuiteLike.scala:212)
      at org.scalatest.FunSuiteLike$$anonfun$run$1.apply(FunSuiteLike.scala:212)
      at org.scalatest.SuperEngine.runImpl(Engine.scala:545)
      at org.scalatest.FunSuiteLike$class.run(FunSuiteLike.scala:212)
      at org.scalatest.FunSuite.run(FunSuite.scala:1555)
      at org.scalatest.tools.Framework.org$scalatest$tools$Framework$$runSuite(Framework.scala:357)
      at org.scalatest.tools.Framework$ScalaTestTask.execute(Framework.scala:502)
      at sbt.TestRunner.runTest$1(TestFramework.scala:76)
      at sbt.TestRunner.run(TestFramework.scala:85)
      at sbt.TestFramework$$anon$2$$anonfun$$init$$1$$anonfun$apply$8.apply(TestFramework.scala:202)
      at sbt.TestFramework$$anon$2$$anonfun$$init$$1$$anonfun$apply$8.apply(TestFramework.scala:202)
      at sbt.TestFramework$.sbt$TestFramework$$withContextLoader(TestFramework.scala:185)
      at sbt.TestFramework$$anon$2$$anonfun$$init$$1.apply(TestFramework.scala:202)
      at sbt.TestFramework$$anon$2$$anonfun$$init$$1.apply(TestFramework.scala:202)
      at sbt.TestFunction.apply(TestFramework.scala:207)
      at sbt.Tests$$anonfun$9.apply(Tests.scala:216)
      at sbt.Tests$$anonfun$9.apply(Tests.scala:216)
      at sbt.std.Transform$$anon$3$$anonfun$apply$2.apply(System.scala:44)
      at sbt.std.Transform$$anon$3$$anonfun$apply$2.apply(System.scala:44)
      at sbt.std.Transform$$anon$4.work(System.scala:63)
      at sbt.Execute$$anonfun$submit$1$$anonfun$apply$1.apply(Execute.scala:226)
      at sbt.Execute$$anonfun$submit$1$$anonfun$apply$1.apply(Execute.scala:226)
      at sbt.ErrorHandling$.wideConvert(ErrorHandling.scala:17)
      at sbt.Execute.work(Execute.scala:235)
      at sbt.Execute$$anonfun$submit$1.apply(Execute.scala:226)
      at sbt.Execute$$anonfun$submit$1.apply(Execute.scala:226)
      at sbt.ConcurrentRestrictions$$anon$4$$anonfun$1.apply(ConcurrentRestrictions.scala:159)
      at sbt.CompletionService$$anon$2.call(CompletionService.scala:28)
      at java.util.concurrent.FutureTask.run(FutureTask.java:266)
      at java.util.concurrent.Executors$RunnableAdapter.call(Executors.java:511)
      at java.util.concurrent.FutureTask.run(FutureTask.java:266)
      at java.util.concurrent.ThreadPoolExecutor.runWorker(ThreadPoolExecutor.java:1142)
      at java.util.concurrent.ThreadPoolExecutor$Worker.run(ThreadPoolExecutor.java:617)
      at java.lang.Thread.run(Thread.java:745)
</pre>

          </div>

        </td>

        <td class="no-spec">no spec

          <div class="add-info">

              <div class="message">no expected result</div>

              <pre class="trace">
      org.scalatest.exceptions.TestFailedException: no expected result
      at org.scalatest.Assertions$class.newAssertionFailedException(Assertions.scala:495)
      at org.scalatest.FunSuite.newAssertionFailedException(FunSuite.scala:1555)
      at org.scalatest.Assertions$class.fail(Assertions.scala:1328)
      at org.scalatest.FunSuite.fail(FunSuite.scala:1555)
      at io.kaitai.struct.translators.TranslatorSpec$$anonfun$2$$anonfun$apply$3$$anonfun$apply$2.apply$mcV$sp(TranslatorSpec.scala:327)
      at io.kaitai.struct.translators.TranslatorSpec$$anonfun$2$$anonfun$apply$3$$anonfun$apply$2.apply(TranslatorSpec.scala:319)
      at io.kaitai.struct.translators.TranslatorSpec$$anonfun$2$$anonfun$apply$3$$anonfun$apply$2.apply(TranslatorSpec.scala:319)
      at org.scalatest.Transformer$$anonfun$apply$1.apply$mcV$sp(Transformer.scala:22)
      at org.scalatest.OutcomeOf$class.outcomeOf(OutcomeOf.scala:85)
      at org.scalatest.OutcomeOf$.outcomeOf(OutcomeOf.scala:104)
      at org.scalatest.Transformer.apply(Transformer.scala:22)
      at org.scalatest.Transformer.apply(Transformer.scala:20)
      at org.scalatest.FunSuiteLike$$anon$1.apply(FunSuiteLike.scala:166)
      at org.scalatest.Suite$class.withFixture(Suite.scala:1122)
      at org.scalatest.FunSuite.withFixture(FunSuite.scala:1555)
      at org.scalatest.FunSuiteLike$class.invokeWithFixture$1(FunSuiteLike.scala:163)
      at org.scalatest.FunSuiteLike$$anonfun$runTest$1.apply(FunSuiteLike.scala:175)
      at org.scalatest.FunSuiteLike$$anonfun$runTest$1.apply(FunSuiteLike.scala:175)
      at org.scalatest.SuperEngine.runTestImpl(Engine.scala:306)
      at org.scalatest.FunSuiteLike$class.runTest(FunSuiteLike.scala:175)
      at org.scalatest.FunSuite.runTest(FunSuite.scala:1555)
      at org.scalatest.FunSuiteLike$$anonfun$runTests$1.apply(FunSuiteLike.scala:208)
      at org.scalatest.FunSuiteLike$$anonfun$runTests$1.apply(FunSuiteLike.scala:208)
      at org.scalatest.SuperEngine$$anonfun$traverseSubNodes$1$1.apply(Engine.scala:413)
      at org.scalatest.SuperEngine$$anonfun$traverseSubNodes$1$1.apply(Engine.scala:401)
      at scala.collection.immutable.List.foreach(List.scala:381)
      at org.scalatest.SuperEngine.traverseSubNodes$1(Engine.scala:401)
      at org.scalatest.SuperEngine.org$scalatest$SuperEngine$$runTestsInBranch(Engine.scala:396)
      at org.scalatest.SuperEngine.runTestsImpl(Engine.scala:483)
      at org.scalatest.FunSuiteLike$class.runTests(FunSuiteLike.scala:208)
      at org.scalatest.FunSuite.runTests(FunSuite.scala:1555)
      at org.scalatest.Suite$class.run(Suite.scala:1424)
      at org.scalatest.FunSuite.org$scalatest$FunSuiteLike$$super$run(FunSuite.scala:1555)
      at org.scalatest.FunSuiteLike$$anonfun$run$1.apply(FunSuiteLike.scala:212)
      at org.scalatest.FunSuiteLike$$anonfun$run$1.apply(FunSuiteLike.scala:212)
      at org.scalatest.SuperEngine.runImpl(Engine.scala:545)
      at org.scalatest.FunSuiteLike$class.run(FunSuiteLike.scala:212)
      at org.scalatest.FunSuite.run(FunSuite.scala:1555)
      at org.scalatest.tools.Framework.org$scalatest$tools$Framework$$runSuite(Framework.scala:357)
      at org.scalatest.tools.Framework$ScalaTestTask.execute(Framework.scala:502)
      at sbt.TestRunner.runTest$1(TestFramework.scala:76)
      at sbt.TestRunner.run(TestFramework.scala:85)
      at sbt.TestFramework$$anon$2$$anonfun$$init$$1$$anonfun$apply$8.apply(TestFramework.scala:202)
      at sbt.TestFramework$$anon$2$$anonfun$$init$$1$$anonfun$apply$8.apply(TestFramework.scala:202)
      at sbt.TestFramework$.sbt$TestFramework$$withContextLoader(TestFramework.scala:185)
      at sbt.TestFramework$$anon$2$$anonfun$$init$$1.apply(TestFramework.scala:202)
      at sbt.TestFramework$$anon$2$$anonfun$$init$$1.apply(TestFramework.scala:202)
      at sbt.TestFunction.apply(TestFramework.scala:207)
      at sbt.Tests$$anonfun$9.apply(Tests.scala:216)
      at sbt.Tests$$anonfun$9.apply(Tests.scala:216)
      at sbt.std.Transform$$anon$3$$anonfun$apply$2.apply(System.scala:44)
      at sbt.std.Transform$$anon$3$$anonfun$apply$2.apply(System.scala:44)
      at sbt.std.Transform$$anon$4.work(System.scala:63)
      at sbt.Execute$$anonfun$submit$1$$anonfun$apply$1.apply(Execute.scala:226)
      at sbt.Execute$$anonfun$submit$1$$anonfun$apply$1.apply(Execute.scala:226)
      at sbt.ErrorHandling$.wideConvert(ErrorHandling.scala:17)
      at sbt.Execute.work(Execute.scala:235)
      at sbt.Execute$$anonfun$submit$1.apply(Execute.scala:226)
      at sbt.Execute$$anonfun$submit$1.apply(Execute.scala:226)
      at sbt.ConcurrentRestrictions$$anon$4$$anonfun$1.apply(ConcurrentRestrictions.scala:159)
      at sbt.CompletionService$$anon$2.call(CompletionService.scala:28)
      at java.util.concurrent.FutureTask.run(FutureTask.java:266)
      at java.util.concurrent.Executors$RunnableAdapter.call(Executors.java:511)
      at java.util.concurrent.FutureTask.run(FutureTask.java:266)
      at java.util.concurrent.ThreadPoolExecutor.runWorker(ThreadPoolExecutor.java:1142)
      at java.util.concurrent.ThreadPoolExecutor$Worker.run(ThreadPoolExecutor.java:617)
      at java.lang.Thread.run(Thread.java:745)
</pre>

          </div>

        </td>

        <td class="passed">passed

        </td>

        <td class="no-run">didn't run</td>

        <td class="no-run">didn't run</td>

        <td class="passed">passed

        </td>

    </tr>

    <tr>
        <td>false</td>

        <td class="passed">passed

        </td>

        <td class="passed">passed

        </td>

        <td class="passed">passed

        </td>

        <td class="no-spec">no spec

          <div class="add-info">

              <div class="message">no expected result</div>

              <pre class="trace">
      org.scalatest.exceptions.TestFailedException: no expected result
      at org.scalatest.Assertions$class.newAssertionFailedException(Assertions.scala:495)
      at org.scalatest.FunSuite.newAssertionFailedException(FunSuite.scala:1555)
      at org.scalatest.Assertions$class.fail(Assertions.scala:1328)
      at org.scalatest.FunSuite.fail(FunSuite.scala:1555)
      at io.kaitai.struct.translators.TranslatorSpec$$anonfun$2$$anonfun$apply$3$$anonfun$apply$2.apply$mcV$sp(TranslatorSpec.scala:327)
      at io.kaitai.struct.translators.TranslatorSpec$$anonfun$2$$anonfun$apply$3$$anonfun$apply$2.apply(TranslatorSpec.scala:319)
      at io.kaitai.struct.translators.TranslatorSpec$$anonfun$2$$anonfun$apply$3$$anonfun$apply$2.apply(TranslatorSpec.scala:319)
      at org.scalatest.Transformer$$anonfun$apply$1.apply$mcV$sp(Transformer.scala:22)
      at org.scalatest.OutcomeOf$class.outcomeOf(OutcomeOf.scala:85)
      at org.scalatest.OutcomeOf$.outcomeOf(OutcomeOf.scala:104)
      at org.scalatest.Transformer.apply(Transformer.scala:22)
      at org.scalatest.Transformer.apply(Transformer.scala:20)
      at org.scalatest.FunSuiteLike$$anon$1.apply(FunSuiteLike.scala:166)
      at org.scalatest.Suite$class.withFixture(Suite.scala:1122)
      at org.scalatest.FunSuite.withFixture(FunSuite.scala:1555)
      at org.scalatest.FunSuiteLike$class.invokeWithFixture$1(FunSuiteLike.scala:163)
      at org.scalatest.FunSuiteLike$$anonfun$runTest$1.apply(FunSuiteLike.scala:175)
      at org.scalatest.FunSuiteLike$$anonfun$runTest$1.apply(FunSuiteLike.scala:175)
      at org.scalatest.SuperEngine.runTestImpl(Engine.scala:306)
      at org.scalatest.FunSuiteLike$class.runTest(FunSuiteLike.scala:175)
      at org.scalatest.FunSuite.runTest(FunSuite.scala:1555)
      at org.scalatest.FunSuiteLike$$anonfun$runTests$1.apply(FunSuiteLike.scala:208)
      at org.scalatest.FunSuiteLike$$anonfun$runTests$1.apply(FunSuiteLike.scala:208)
      at org.scalatest.SuperEngine$$anonfun$traverseSubNodes$1$1.apply(Engine.scala:413)
      at org.scalatest.SuperEngine$$anonfun$traverseSubNodes$1$1.apply(Engine.scala:401)
      at scala.collection.immutable.List.foreach(List.scala:381)
      at org.scalatest.SuperEngine.traverseSubNodes$1(Engine.scala:401)
      at org.scalatest.SuperEngine.org$scalatest$SuperEngine$$runTestsInBranch(Engine.scala:396)
      at org.scalatest.SuperEngine.runTestsImpl(Engine.scala:483)
      at org.scalatest.FunSuiteLike$class.runTests(FunSuiteLike.scala:208)
      at org.scalatest.FunSuite.runTests(FunSuite.scala:1555)
      at org.scalatest.Suite$class.run(Suite.scala:1424)
      at org.scalatest.FunSuite.org$scalatest$FunSuiteLike$$super$run(FunSuite.scala:1555)
      at org.scalatest.FunSuiteLike$$anonfun$run$1.apply(FunSuiteLike.scala:212)
      at org.scalatest.FunSuiteLike$$anonfun$run$1.apply(FunSuiteLike.scala:212)
      at org.scalatest.SuperEngine.runImpl(Engine.scala:545)
      at org.scalatest.FunSuiteLike$class.run(FunSuiteLike.scala:212)
      at org.scalatest.FunSuite.run(FunSuite.scala:1555)
      at org.scalatest.tools.Framework.org$scalatest$tools$Framework$$runSuite(Framework.scala:357)
      at org.scalatest.tools.Framework$ScalaTestTask.execute(Framework.scala:502)
      at sbt.TestRunner.runTest$1(TestFramework.scala:76)
      at sbt.TestRunner.run(TestFramework.scala:85)
      at sbt.TestFramework$$anon$2$$anonfun$$init$$1$$anonfun$apply$8.apply(TestFramework.scala:202)
      at sbt.TestFramework$$anon$2$$anonfun$$init$$1$$anonfun$apply$8.apply(TestFramework.scala:202)
      at sbt.TestFramework$.sbt$TestFramework$$withContextLoader(TestFramework.scala:185)
      at sbt.TestFramework$$anon$2$$anonfun$$init$$1.apply(TestFramework.scala:202)
      at sbt.TestFramework$$anon$2$$anonfun$$init$$1.apply(TestFramework.scala:202)
      at sbt.TestFunction.apply(TestFramework.scala:207)
      at sbt.Tests$$anonfun$9.apply(Tests.scala:216)
      at sbt.Tests$$anonfun$9.apply(Tests.scala:216)
      at sbt.std.Transform$$anon$3$$anonfun$apply$2.apply(System.scala:44)
      at sbt.std.Transform$$anon$3$$anonfun$apply$2.apply(System.scala:44)
      at sbt.std.Transform$$anon$4.work(System.scala:63)
      at sbt.Execute$$anonfun$submit$1$$anonfun$apply$1.apply(Execute.scala:226)
      at sbt.Execute$$anonfun$submit$1$$anonfun$apply$1.apply(Execute.scala:226)
      at sbt.ErrorHandling$.wideConvert(ErrorHandling.scala:17)
      at sbt.Execute.work(Execute.scala:235)
      at sbt.Execute$$anonfun$submit$1.apply(Execute.scala:226)
      at sbt.Execute$$anonfun$submit$1.apply(Execute.scala:226)
      at sbt.ConcurrentRestrictions$$anon$4$$anonfun$1.apply(ConcurrentRestrictions.scala:159)
      at sbt.CompletionService$$anon$2.call(CompletionService.scala:28)
      at java.util.concurrent.FutureTask.run(FutureTask.java:266)
      at java.util.concurrent.Executors$RunnableAdapter.call(Executors.java:511)
      at java.util.concurrent.FutureTask.run(FutureTask.java:266)
      at java.util.concurrent.ThreadPoolExecutor.runWorker(ThreadPoolExecutor.java:1142)
      at java.util.concurrent.ThreadPoolExecutor$Worker.run(ThreadPoolExecutor.java:617)
      at java.lang.Thread.run(Thread.java:745)
</pre>

          </div>

        </td>

        <td class="passed">passed

        </td>

        <td class="passed">passed

        </td>

        <td class="passed">passed

        </td>

        <td class="passed">passed

        </td>

        <td class="passed">passed

        </td>

        <td class="no-run">didn't run</td>

        <td class="no-run">didn't run</td>

        <td class="passed">passed

        </td>

    </tr>

    <tr>
        <td>foo.bar</td>

        <td class="passed">passed

        </td>

        <td class="passed">passed

        </td>

        <td class="passed">passed

        </td>

        <td class="no-spec">no spec

          <div class="add-info">

              <div class="message">no expected result</div>

              <pre class="trace">
      org.scalatest.exceptions.TestFailedException: no expected result
      at org.scalatest.Assertions$class.newAssertionFailedException(Assertions.scala:495)
      at org.scalatest.FunSuite.newAssertionFailedException(FunSuite.scala:1555)
      at org.scalatest.Assertions$class.fail(Assertions.scala:1328)
      at org.scalatest.FunSuite.fail(FunSuite.scala:1555)
      at io.kaitai.struct.translators.TranslatorSpec$$anonfun$2$$anonfun$apply$3$$anonfun$apply$2.apply$mcV$sp(TranslatorSpec.scala:327)
      at io.kaitai.struct.translators.TranslatorSpec$$anonfun$2$$anonfun$apply$3$$anonfun$apply$2.apply(TranslatorSpec.scala:319)
      at io.kaitai.struct.translators.TranslatorSpec$$anonfun$2$$anonfun$apply$3$$anonfun$apply$2.apply(TranslatorSpec.scala:319)
      at org.scalatest.Transformer$$anonfun$apply$1.apply$mcV$sp(Transformer.scala:22)
      at org.scalatest.OutcomeOf$class.outcomeOf(OutcomeOf.scala:85)
      at org.scalatest.OutcomeOf$.outcomeOf(OutcomeOf.scala:104)
      at org.scalatest.Transformer.apply(Transformer.scala:22)
      at org.scalatest.Transformer.apply(Transformer.scala:20)
      at org.scalatest.FunSuiteLike$$anon$1.apply(FunSuiteLike.scala:166)
      at org.scalatest.Suite$class.withFixture(Suite.scala:1122)
      at org.scalatest.FunSuite.withFixture(FunSuite.scala:1555)
      at org.scalatest.FunSuiteLike$class.invokeWithFixture$1(FunSuiteLike.scala:163)
      at org.scalatest.FunSuiteLike$$anonfun$runTest$1.apply(FunSuiteLike.scala:175)
      at org.scalatest.FunSuiteLike$$anonfun$runTest$1.apply(FunSuiteLike.scala:175)
      at org.scalatest.SuperEngine.runTestImpl(Engine.scala:306)
      at org.scalatest.FunSuiteLike$class.runTest(FunSuiteLike.scala:175)
      at org.scalatest.FunSuite.runTest(FunSuite.scala:1555)
      at org.scalatest.FunSuiteLike$$anonfun$runTests$1.apply(FunSuiteLike.scala:208)
      at org.scalatest.FunSuiteLike$$anonfun$runTests$1.apply(FunSuiteLike.scala:208)
      at org.scalatest.SuperEngine$$anonfun$traverseSubNodes$1$1.apply(Engine.scala:413)
      at org.scalatest.SuperEngine$$anonfun$traverseSubNodes$1$1.apply(Engine.scala:401)
      at scala.collection.immutable.List.foreach(List.scala:381)
      at org.scalatest.SuperEngine.traverseSubNodes$1(Engine.scala:401)
      at org.scalatest.SuperEngine.org$scalatest$SuperEngine$$runTestsInBranch(Engine.scala:396)
      at org.scalatest.SuperEngine.runTestsImpl(Engine.scala:483)
      at org.scalatest.FunSuiteLike$class.runTests(FunSuiteLike.scala:208)
      at org.scalatest.FunSuite.runTests(FunSuite.scala:1555)
      at org.scalatest.Suite$class.run(Suite.scala:1424)
      at org.scalatest.FunSuite.org$scalatest$FunSuiteLike$$super$run(FunSuite.scala:1555)
      at org.scalatest.FunSuiteLike$$anonfun$run$1.apply(FunSuiteLike.scala:212)
      at org.scalatest.FunSuiteLike$$anonfun$run$1.apply(FunSuiteLike.scala:212)
      at org.scalatest.SuperEngine.runImpl(Engine.scala:545)
      at org.scalatest.FunSuiteLike$class.run(FunSuiteLike.scala:212)
      at org.scalatest.FunSuite.run(FunSuite.scala:1555)
      at org.scalatest.tools.Framework.org$scalatest$tools$Framework$$runSuite(Framework.scala:357)
      at org.scalatest.tools.Framework$ScalaTestTask.execute(Framework.scala:502)
      at sbt.TestRunner.runTest$1(TestFramework.scala:76)
      at sbt.TestRunner.run(TestFramework.scala:85)
      at sbt.TestFramework$$anon$2$$anonfun$$init$$1$$anonfun$apply$8.apply(TestFramework.scala:202)
      at sbt.TestFramework$$anon$2$$anonfun$$init$$1$$anonfun$apply$8.apply(TestFramework.scala:202)
      at sbt.TestFramework$.sbt$TestFramework$$withContextLoader(TestFramework.scala:185)
      at sbt.TestFramework$$anon$2$$anonfun$$init$$1.apply(TestFramework.scala:202)
      at sbt.TestFramework$$anon$2$$anonfun$$init$$1.apply(TestFramework.scala:202)
      at sbt.TestFunction.apply(TestFramework.scala:207)
      at sbt.Tests$$anonfun$9.apply(Tests.scala:216)
      at sbt.Tests$$anonfun$9.apply(Tests.scala:216)
      at sbt.std.Transform$$anon$3$$anonfun$apply$2.apply(System.scala:44)
      at sbt.std.Transform$$anon$3$$anonfun$apply$2.apply(System.scala:44)
      at sbt.std.Transform$$anon$4.work(System.scala:63)
      at sbt.Execute$$anonfun$submit$1$$anonfun$apply$1.apply(Execute.scala:226)
      at sbt.Execute$$anonfun$submit$1$$anonfun$apply$1.apply(Execute.scala:226)
      at sbt.ErrorHandling$.wideConvert(ErrorHandling.scala:17)
      at sbt.Execute.work(Execute.scala:235)
      at sbt.Execute$$anonfun$submit$1.apply(Execute.scala:226)
      at sbt.Execute$$anonfun$submit$1.apply(Execute.scala:226)
      at sbt.ConcurrentRestrictions$$anon$4$$anonfun$1.apply(ConcurrentRestrictions.scala:159)
      at sbt.CompletionService$$anon$2.call(CompletionService.scala:28)
      at java.util.concurrent.FutureTask.run(FutureTask.java:266)
      at java.util.concurrent.Executors$RunnableAdapter.call(Executors.java:511)
      at java.util.concurrent.FutureTask.run(FutureTask.java:266)
      at java.util.concurrent.ThreadPoolExecutor.runWorker(ThreadPoolExecutor.java:1142)
      at java.util.concurrent.ThreadPoolExecutor$Worker.run(ThreadPoolExecutor.java:617)
      at java.lang.Thread.run(Thread.java:745)
</pre>

          </div>

        </td>

        <td class="passed">passed

        </td>

        <td class="passed">passed

        </td>

        <td class="passed">passed

        </td>

        <td class="passed">passed

        </td>

        <td class="passed">passed

        </td>

        <td class="no-run">didn't run</td>

        <td class="no-run">didn't run</td>

        <td class="passed">passed

        </td>

    </tr>

    <tr>
        <td>foo.inner.baz</td>

        <td class="passed">passed

        </td>

        <td class="passed">passed

        </td>

        <td class="passed">passed

        </td>

        <td class="no-spec">no spec

          <div class="add-info">

              <div class="message">no expected result</div>

              <pre class="trace">
      org.scalatest.exceptions.TestFailedException: no expected result
      at org.scalatest.Assertions$class.newAssertionFailedException(Assertions.scala:495)
      at org.scalatest.FunSuite.newAssertionFailedException(FunSuite.scala:1555)
      at org.scalatest.Assertions$class.fail(Assertions.scala:1328)
      at org.scalatest.FunSuite.fail(FunSuite.scala:1555)
      at io.kaitai.struct.translators.TranslatorSpec$$anonfun$2$$anonfun$apply$3$$anonfun$apply$2.apply$mcV$sp(TranslatorSpec.scala:327)
      at io.kaitai.struct.translators.TranslatorSpec$$anonfun$2$$anonfun$apply$3$$anonfun$apply$2.apply(TranslatorSpec.scala:319)
      at io.kaitai.struct.translators.TranslatorSpec$$anonfun$2$$anonfun$apply$3$$anonfun$apply$2.apply(TranslatorSpec.scala:319)
      at org.scalatest.Transformer$$anonfun$apply$1.apply$mcV$sp(Transformer.scala:22)
      at org.scalatest.OutcomeOf$class.outcomeOf(OutcomeOf.scala:85)
      at org.scalatest.OutcomeOf$.outcomeOf(OutcomeOf.scala:104)
      at org.scalatest.Transformer.apply(Transformer.scala:22)
      at org.scalatest.Transformer.apply(Transformer.scala:20)
      at org.scalatest.FunSuiteLike$$anon$1.apply(FunSuiteLike.scala:166)
      at org.scalatest.Suite$class.withFixture(Suite.scala:1122)
      at org.scalatest.FunSuite.withFixture(FunSuite.scala:1555)
      at org.scalatest.FunSuiteLike$class.invokeWithFixture$1(FunSuiteLike.scala:163)
      at org.scalatest.FunSuiteLike$$anonfun$runTest$1.apply(FunSuiteLike.scala:175)
      at org.scalatest.FunSuiteLike$$anonfun$runTest$1.apply(FunSuiteLike.scala:175)
      at org.scalatest.SuperEngine.runTestImpl(Engine.scala:306)
      at org.scalatest.FunSuiteLike$class.runTest(FunSuiteLike.scala:175)
      at org.scalatest.FunSuite.runTest(FunSuite.scala:1555)
      at org.scalatest.FunSuiteLike$$anonfun$runTests$1.apply(FunSuiteLike.scala:208)
      at org.scalatest.FunSuiteLike$$anonfun$runTests$1.apply(FunSuiteLike.scala:208)
      at org.scalatest.SuperEngine$$anonfun$traverseSubNodes$1$1.apply(Engine.scala:413)
      at org.scalatest.SuperEngine$$anonfun$traverseSubNodes$1$1.apply(Engine.scala:401)
      at scala.collection.immutable.List.foreach(List.scala:381)
      at org.scalatest.SuperEngine.traverseSubNodes$1(Engine.scala:401)
      at org.scalatest.SuperEngine.org$scalatest$SuperEngine$$runTestsInBranch(Engine.scala:396)
      at org.scalatest.SuperEngine.runTestsImpl(Engine.scala:483)
      at org.scalatest.FunSuiteLike$class.runTests(FunSuiteLike.scala:208)
      at org.scalatest.FunSuite.runTests(FunSuite.scala:1555)
      at org.scalatest.Suite$class.run(Suite.scala:1424)
      at org.scalatest.FunSuite.org$scalatest$FunSuiteLike$$super$run(FunSuite.scala:1555)
      at org.scalatest.FunSuiteLike$$anonfun$run$1.apply(FunSuiteLike.scala:212)
      at org.scalatest.FunSuiteLike$$anonfun$run$1.apply(FunSuiteLike.scala:212)
      at org.scalatest.SuperEngine.runImpl(Engine.scala:545)
      at org.scalatest.FunSuiteLike$class.run(FunSuiteLike.scala:212)
      at org.scalatest.FunSuite.run(FunSuite.scala:1555)
      at org.scalatest.tools.Framework.org$scalatest$tools$Framework$$runSuite(Framework.scala:357)
      at org.scalatest.tools.Framework$ScalaTestTask.execute(Framework.scala:502)
      at sbt.TestRunner.runTest$1(TestFramework.scala:76)
      at sbt.TestRunner.run(TestFramework.scala:85)
      at sbt.TestFramework$$anon$2$$anonfun$$init$$1$$anonfun$apply$8.apply(TestFramework.scala:202)
      at sbt.TestFramework$$anon$2$$anonfun$$init$$1$$anonfun$apply$8.apply(TestFramework.scala:202)
      at sbt.TestFramework$.sbt$TestFramework$$withContextLoader(TestFramework.scala:185)
      at sbt.TestFramework$$anon$2$$anonfun$$init$$1.apply(TestFramework.scala:202)
      at sbt.TestFramework$$anon$2$$anonfun$$init$$1.apply(TestFramework.scala:202)
      at sbt.TestFunction.apply(TestFramework.scala:207)
      at sbt.Tests$$anonfun$9.apply(Tests.scala:216)
      at sbt.Tests$$anonfun$9.apply(Tests.scala:216)
      at sbt.std.Transform$$anon$3$$anonfun$apply$2.apply(System.scala:44)
      at sbt.std.Transform$$anon$3$$anonfun$apply$2.apply(System.scala:44)
      at sbt.std.Transform$$anon$4.work(System.scala:63)
      at sbt.Execute$$anonfun$submit$1$$anonfun$apply$1.apply(Execute.scala:226)
      at sbt.Execute$$anonfun$submit$1$$anonfun$apply$1.apply(Execute.scala:226)
      at sbt.ErrorHandling$.wideConvert(ErrorHandling.scala:17)
      at sbt.Execute.work(Execute.scala:235)
      at sbt.Execute$$anonfun$submit$1.apply(Execute.scala:226)
      at sbt.Execute$$anonfun$submit$1.apply(Execute.scala:226)
      at sbt.ConcurrentRestrictions$$anon$4$$anonfun$1.apply(ConcurrentRestrictions.scala:159)
      at sbt.CompletionService$$anon$2.call(CompletionService.scala:28)
      at java.util.concurrent.FutureTask.run(FutureTask.java:266)
      at java.util.concurrent.Executors$RunnableAdapter.call(Executors.java:511)
      at java.util.concurrent.FutureTask.run(FutureTask.java:266)
      at java.util.concurrent.ThreadPoolExecutor.runWorker(ThreadPoolExecutor.java:1142)
      at java.util.concurrent.ThreadPoolExecutor$Worker.run(ThreadPoolExecutor.java:617)
      at java.lang.Thread.run(Thread.java:745)
</pre>

          </div>

        </td>

        <td class="passed">passed

        </td>

        <td class="passed">passed

        </td>

        <td class="passed">passed

        </td>

        <td class="passed">passed

        </td>

        <td class="passed">passed

        </td>

        <td class="no-run">didn't run</td>

        <td class="no-run">didn't run</td>

        <td class="passed">passed

        </td>

    </tr>

    <tr>
        <td>foo_block</td>

        <td class="passed">passed

        </td>

        <td class="passed">passed

        </td>

        <td class="passed">passed

        </td>

        <td class="no-spec">no spec

          <div class="add-info">

              <div class="message">no expected result</div>

              <pre class="trace">
      org.scalatest.exceptions.TestFailedException: no expected result
      at org.scalatest.Assertions$class.newAssertionFailedException(Assertions.scala:495)
      at org.scalatest.FunSuite.newAssertionFailedException(FunSuite.scala:1555)
      at org.scalatest.Assertions$class.fail(Assertions.scala:1328)
      at org.scalatest.FunSuite.fail(FunSuite.scala:1555)
      at io.kaitai.struct.translators.TranslatorSpec$$anonfun$2$$anonfun$apply$3$$anonfun$apply$2.apply$mcV$sp(TranslatorSpec.scala:327)
      at io.kaitai.struct.translators.TranslatorSpec$$anonfun$2$$anonfun$apply$3$$anonfun$apply$2.apply(TranslatorSpec.scala:319)
      at io.kaitai.struct.translators.TranslatorSpec$$anonfun$2$$anonfun$apply$3$$anonfun$apply$2.apply(TranslatorSpec.scala:319)
      at org.scalatest.Transformer$$anonfun$apply$1.apply$mcV$sp(Transformer.scala:22)
      at org.scalatest.OutcomeOf$class.outcomeOf(OutcomeOf.scala:85)
      at org.scalatest.OutcomeOf$.outcomeOf(OutcomeOf.scala:104)
      at org.scalatest.Transformer.apply(Transformer.scala:22)
      at org.scalatest.Transformer.apply(Transformer.scala:20)
      at org.scalatest.FunSuiteLike$$anon$1.apply(FunSuiteLike.scala:166)
      at org.scalatest.Suite$class.withFixture(Suite.scala:1122)
      at org.scalatest.FunSuite.withFixture(FunSuite.scala:1555)
      at org.scalatest.FunSuiteLike$class.invokeWithFixture$1(FunSuiteLike.scala:163)
      at org.scalatest.FunSuiteLike$$anonfun$runTest$1.apply(FunSuiteLike.scala:175)
      at org.scalatest.FunSuiteLike$$anonfun$runTest$1.apply(FunSuiteLike.scala:175)
      at org.scalatest.SuperEngine.runTestImpl(Engine.scala:306)
      at org.scalatest.FunSuiteLike$class.runTest(FunSuiteLike.scala:175)
      at org.scalatest.FunSuite.runTest(FunSuite.scala:1555)
      at org.scalatest.FunSuiteLike$$anonfun$runTests$1.apply(FunSuiteLike.scala:208)
      at org.scalatest.FunSuiteLike$$anonfun$runTests$1.apply(FunSuiteLike.scala:208)
      at org.scalatest.SuperEngine$$anonfun$traverseSubNodes$1$1.apply(Engine.scala:413)
      at org.scalatest.SuperEngine$$anonfun$traverseSubNodes$1$1.apply(Engine.scala:401)
      at scala.collection.immutable.List.foreach(List.scala:381)
      at org.scalatest.SuperEngine.traverseSubNodes$1(Engine.scala:401)
      at org.scalatest.SuperEngine.org$scalatest$SuperEngine$$runTestsInBranch(Engine.scala:396)
      at org.scalatest.SuperEngine.runTestsImpl(Engine.scala:483)
      at org.scalatest.FunSuiteLike$class.runTests(FunSuiteLike.scala:208)
      at org.scalatest.FunSuite.runTests(FunSuite.scala:1555)
      at org.scalatest.Suite$class.run(Suite.scala:1424)
      at org.scalatest.FunSuite.org$scalatest$FunSuiteLike$$super$run(FunSuite.scala:1555)
      at org.scalatest.FunSuiteLike$$anonfun$run$1.apply(FunSuiteLike.scala:212)
      at org.scalatest.FunSuiteLike$$anonfun$run$1.apply(FunSuiteLike.scala:212)
      at org.scalatest.SuperEngine.runImpl(Engine.scala:545)
      at org.scalatest.FunSuiteLike$class.run(FunSuiteLike.scala:212)
      at org.scalatest.FunSuite.run(FunSuite.scala:1555)
      at org.scalatest.tools.Framework.org$scalatest$tools$Framework$$runSuite(Framework.scala:357)
      at org.scalatest.tools.Framework$ScalaTestTask.execute(Framework.scala:502)
      at sbt.TestRunner.runTest$1(TestFramework.scala:76)
      at sbt.TestRunner.run(TestFramework.scala:85)
      at sbt.TestFramework$$anon$2$$anonfun$$init$$1$$anonfun$apply$8.apply(TestFramework.scala:202)
      at sbt.TestFramework$$anon$2$$anonfun$$init$$1$$anonfun$apply$8.apply(TestFramework.scala:202)
      at sbt.TestFramework$.sbt$TestFramework$$withContextLoader(TestFramework.scala:185)
      at sbt.TestFramework$$anon$2$$anonfun$$init$$1.apply(TestFramework.scala:202)
      at sbt.TestFramework$$anon$2$$anonfun$$init$$1.apply(TestFramework.scala:202)
      at sbt.TestFunction.apply(TestFramework.scala:207)
      at sbt.Tests$$anonfun$9.apply(Tests.scala:216)
      at sbt.Tests$$anonfun$9.apply(Tests.scala:216)
      at sbt.std.Transform$$anon$3$$anonfun$apply$2.apply(System.scala:44)
      at sbt.std.Transform$$anon$3$$anonfun$apply$2.apply(System.scala:44)
      at sbt.std.Transform$$anon$4.work(System.scala:63)
      at sbt.Execute$$anonfun$submit$1$$anonfun$apply$1.apply(Execute.scala:226)
      at sbt.Execute$$anonfun$submit$1$$anonfun$apply$1.apply(Execute.scala:226)
      at sbt.ErrorHandling$.wideConvert(ErrorHandling.scala:17)
      at sbt.Execute.work(Execute.scala:235)
      at sbt.Execute$$anonfun$submit$1.apply(Execute.scala:226)
      at sbt.Execute$$anonfun$submit$1.apply(Execute.scala:226)
      at sbt.ConcurrentRestrictions$$anon$4$$anonfun$1.apply(ConcurrentRestrictions.scala:159)
      at sbt.CompletionService$$anon$2.call(CompletionService.scala:28)
      at java.util.concurrent.FutureTask.run(FutureTask.java:266)
      at java.util.concurrent.Executors$RunnableAdapter.call(Executors.java:511)
      at java.util.concurrent.FutureTask.run(FutureTask.java:266)
      at java.util.concurrent.ThreadPoolExecutor.runWorker(ThreadPoolExecutor.java:1142)
      at java.util.concurrent.ThreadPoolExecutor$Worker.run(ThreadPoolExecutor.java:617)
      at java.lang.Thread.run(Thread.java:745)
</pre>

          </div>

        </td>

        <td class="passed">passed

        </td>

        <td class="passed">passed

        </td>

        <td class="passed">passed

        </td>

        <td class="passed">passed

        </td>

        <td class="passed">passed

        </td>

        <td class="no-run">didn't run</td>

        <td class="no-run">didn't run</td>

        <td class="passed">passed

        </td>

    </tr>

    <tr>
        <td>foo_str</td>

        <td class="passed">passed

        </td>

        <td class="passed">passed

        </td>

        <td class="passed">passed

        </td>

        <td class="no-spec">no spec

          <div class="add-info">

              <div class="message">no expected result</div>

              <pre class="trace">
      org.scalatest.exceptions.TestFailedException: no expected result
      at org.scalatest.Assertions$class.newAssertionFailedException(Assertions.scala:495)
      at org.scalatest.FunSuite.newAssertionFailedException(FunSuite.scala:1555)
      at org.scalatest.Assertions$class.fail(Assertions.scala:1328)
      at org.scalatest.FunSuite.fail(FunSuite.scala:1555)
      at io.kaitai.struct.translators.TranslatorSpec$$anonfun$2$$anonfun$apply$3$$anonfun$apply$2.apply$mcV$sp(TranslatorSpec.scala:327)
      at io.kaitai.struct.translators.TranslatorSpec$$anonfun$2$$anonfun$apply$3$$anonfun$apply$2.apply(TranslatorSpec.scala:319)
      at io.kaitai.struct.translators.TranslatorSpec$$anonfun$2$$anonfun$apply$3$$anonfun$apply$2.apply(TranslatorSpec.scala:319)
      at org.scalatest.Transformer$$anonfun$apply$1.apply$mcV$sp(Transformer.scala:22)
      at org.scalatest.OutcomeOf$class.outcomeOf(OutcomeOf.scala:85)
      at org.scalatest.OutcomeOf$.outcomeOf(OutcomeOf.scala:104)
      at org.scalatest.Transformer.apply(Transformer.scala:22)
      at org.scalatest.Transformer.apply(Transformer.scala:20)
      at org.scalatest.FunSuiteLike$$anon$1.apply(FunSuiteLike.scala:166)
      at org.scalatest.Suite$class.withFixture(Suite.scala:1122)
      at org.scalatest.FunSuite.withFixture(FunSuite.scala:1555)
      at org.scalatest.FunSuiteLike$class.invokeWithFixture$1(FunSuiteLike.scala:163)
      at org.scalatest.FunSuiteLike$$anonfun$runTest$1.apply(FunSuiteLike.scala:175)
      at org.scalatest.FunSuiteLike$$anonfun$runTest$1.apply(FunSuiteLike.scala:175)
      at org.scalatest.SuperEngine.runTestImpl(Engine.scala:306)
      at org.scalatest.FunSuiteLike$class.runTest(FunSuiteLike.scala:175)
      at org.scalatest.FunSuite.runTest(FunSuite.scala:1555)
      at org.scalatest.FunSuiteLike$$anonfun$runTests$1.apply(FunSuiteLike.scala:208)
      at org.scalatest.FunSuiteLike$$anonfun$runTests$1.apply(FunSuiteLike.scala:208)
      at org.scalatest.SuperEngine$$anonfun$traverseSubNodes$1$1.apply(Engine.scala:413)
      at org.scalatest.SuperEngine$$anonfun$traverseSubNodes$1$1.apply(Engine.scala:401)
      at scala.collection.immutable.List.foreach(List.scala:381)
      at org.scalatest.SuperEngine.traverseSubNodes$1(Engine.scala:401)
      at org.scalatest.SuperEngine.org$scalatest$SuperEngine$$runTestsInBranch(Engine.scala:396)
      at org.scalatest.SuperEngine.runTestsImpl(Engine.scala:483)
      at org.scalatest.FunSuiteLike$class.runTests(FunSuiteLike.scala:208)
      at org.scalatest.FunSuite.runTests(FunSuite.scala:1555)
      at org.scalatest.Suite$class.run(Suite.scala:1424)
      at org.scalatest.FunSuite.org$scalatest$FunSuiteLike$$super$run(FunSuite.scala:1555)
      at org.scalatest.FunSuiteLike$$anonfun$run$1.apply(FunSuiteLike.scala:212)
      at org.scalatest.FunSuiteLike$$anonfun$run$1.apply(FunSuiteLike.scala:212)
      at org.scalatest.SuperEngine.runImpl(Engine.scala:545)
      at org.scalatest.FunSuiteLike$class.run(FunSuiteLike.scala:212)
      at org.scalatest.FunSuite.run(FunSuite.scala:1555)
      at org.scalatest.tools.Framework.org$scalatest$tools$Framework$$runSuite(Framework.scala:357)
      at org.scalatest.tools.Framework$ScalaTestTask.execute(Framework.scala:502)
      at sbt.TestRunner.runTest$1(TestFramework.scala:76)
      at sbt.TestRunner.run(TestFramework.scala:85)
      at sbt.TestFramework$$anon$2$$anonfun$$init$$1$$anonfun$apply$8.apply(TestFramework.scala:202)
      at sbt.TestFramework$$anon$2$$anonfun$$init$$1$$anonfun$apply$8.apply(TestFramework.scala:202)
      at sbt.TestFramework$.sbt$TestFramework$$withContextLoader(TestFramework.scala:185)
      at sbt.TestFramework$$anon$2$$anonfun$$init$$1.apply(TestFramework.scala:202)
      at sbt.TestFramework$$anon$2$$anonfun$$init$$1.apply(TestFramework.scala:202)
      at sbt.TestFunction.apply(TestFramework.scala:207)
      at sbt.Tests$$anonfun$9.apply(Tests.scala:216)
      at sbt.Tests$$anonfun$9.apply(Tests.scala:216)
      at sbt.std.Transform$$anon$3$$anonfun$apply$2.apply(System.scala:44)
      at sbt.std.Transform$$anon$3$$anonfun$apply$2.apply(System.scala:44)
      at sbt.std.Transform$$anon$4.work(System.scala:63)
      at sbt.Execute$$anonfun$submit$1$$anonfun$apply$1.apply(Execute.scala:226)
      at sbt.Execute$$anonfun$submit$1$$anonfun$apply$1.apply(Execute.scala:226)
      at sbt.ErrorHandling$.wideConvert(ErrorHandling.scala:17)
      at sbt.Execute.work(Execute.scala:235)
      at sbt.Execute$$anonfun$submit$1.apply(Execute.scala:226)
      at sbt.Execute$$anonfun$submit$1.apply(Execute.scala:226)
      at sbt.ConcurrentRestrictions$$anon$4$$anonfun$1.apply(ConcurrentRestrictions.scala:159)
      at sbt.CompletionService$$anon$2.call(CompletionService.scala:28)
      at java.util.concurrent.FutureTask.run(FutureTask.java:266)
      at java.util.concurrent.Executors$RunnableAdapter.call(Executors.java:511)
      at java.util.concurrent.FutureTask.run(FutureTask.java:266)
      at java.util.concurrent.ThreadPoolExecutor.runWorker(ThreadPoolExecutor.java:1142)
      at java.util.concurrent.ThreadPoolExecutor$Worker.run(ThreadPoolExecutor.java:617)
      at java.lang.Thread.run(Thread.java:745)
</pre>

          </div>

        </td>

        <td class="passed">passed

        </td>

        <td class="passed">passed

        </td>

        <td class="passed">passed

        </td>

        <td class="passed">passed

        </td>

        <td class="passed">passed

        </td>

        <td class="no-run">didn't run</td>

        <td class="no-run">didn't run</td>

        <td class="passed">passed

        </td>

    </tr>

    <tr>
        <td>true</td>

        <td class="passed">passed

        </td>

        <td class="passed">passed

        </td>

        <td class="passed">passed

        </td>

        <td class="no-spec">no spec

          <div class="add-info">

              <div class="message">no expected result</div>

              <pre class="trace">
      org.scalatest.exceptions.TestFailedException: no expected result
      at org.scalatest.Assertions$class.newAssertionFailedException(Assertions.scala:495)
      at org.scalatest.FunSuite.newAssertionFailedException(FunSuite.scala:1555)
      at org.scalatest.Assertions$class.fail(Assertions.scala:1328)
      at org.scalatest.FunSuite.fail(FunSuite.scala:1555)
      at io.kaitai.struct.translators.TranslatorSpec$$anonfun$2$$anonfun$apply$3$$anonfun$apply$2.apply$mcV$sp(TranslatorSpec.scala:327)
      at io.kaitai.struct.translators.TranslatorSpec$$anonfun$2$$anonfun$apply$3$$anonfun$apply$2.apply(TranslatorSpec.scala:319)
      at io.kaitai.struct.translators.TranslatorSpec$$anonfun$2$$anonfun$apply$3$$anonfun$apply$2.apply(TranslatorSpec.scala:319)
      at org.scalatest.Transformer$$anonfun$apply$1.apply$mcV$sp(Transformer.scala:22)
      at org.scalatest.OutcomeOf$class.outcomeOf(OutcomeOf.scala:85)
      at org.scalatest.OutcomeOf$.outcomeOf(OutcomeOf.scala:104)
      at org.scalatest.Transformer.apply(Transformer.scala:22)
      at org.scalatest.Transformer.apply(Transformer.scala:20)
      at org.scalatest.FunSuiteLike$$anon$1.apply(FunSuiteLike.scala:166)
      at org.scalatest.Suite$class.withFixture(Suite.scala:1122)
      at org.scalatest.FunSuite.withFixture(FunSuite.scala:1555)
      at org.scalatest.FunSuiteLike$class.invokeWithFixture$1(FunSuiteLike.scala:163)
      at org.scalatest.FunSuiteLike$$anonfun$runTest$1.apply(FunSuiteLike.scala:175)
      at org.scalatest.FunSuiteLike$$anonfun$runTest$1.apply(FunSuiteLike.scala:175)
      at org.scalatest.SuperEngine.runTestImpl(Engine.scala:306)
      at org.scalatest.FunSuiteLike$class.runTest(FunSuiteLike.scala:175)
      at org.scalatest.FunSuite.runTest(FunSuite.scala:1555)
      at org.scalatest.FunSuiteLike$$anonfun$runTests$1.apply(FunSuiteLike.scala:208)
      at org.scalatest.FunSuiteLike$$anonfun$runTests$1.apply(FunSuiteLike.scala:208)
      at org.scalatest.SuperEngine$$anonfun$traverseSubNodes$1$1.apply(Engine.scala:413)
      at org.scalatest.SuperEngine$$anonfun$traverseSubNodes$1$1.apply(Engine.scala:401)
      at scala.collection.immutable.List.foreach(List.scala:381)
      at org.scalatest.SuperEngine.traverseSubNodes$1(Engine.scala:401)
      at org.scalatest.SuperEngine.org$scalatest$SuperEngine$$runTestsInBranch(Engine.scala:396)
      at org.scalatest.SuperEngine.runTestsImpl(Engine.scala:483)
      at org.scalatest.FunSuiteLike$class.runTests(FunSuiteLike.scala:208)
      at org.scalatest.FunSuite.runTests(FunSuite.scala:1555)
      at org.scalatest.Suite$class.run(Suite.scala:1424)
      at org.scalatest.FunSuite.org$scalatest$FunSuiteLike$$super$run(FunSuite.scala:1555)
      at org.scalatest.FunSuiteLike$$anonfun$run$1.apply(FunSuiteLike.scala:212)
      at org.scalatest.FunSuiteLike$$anonfun$run$1.apply(FunSuiteLike.scala:212)
      at org.scalatest.SuperEngine.runImpl(Engine.scala:545)
      at org.scalatest.FunSuiteLike$class.run(FunSuiteLike.scala:212)
      at org.scalatest.FunSuite.run(FunSuite.scala:1555)
      at org.scalatest.tools.Framework.org$scalatest$tools$Framework$$runSuite(Framework.scala:357)
      at org.scalatest.tools.Framework$ScalaTestTask.execute(Framework.scala:502)
      at sbt.TestRunner.runTest$1(TestFramework.scala:76)
      at sbt.TestRunner.run(TestFramework.scala:85)
      at sbt.TestFramework$$anon$2$$anonfun$$init$$1$$anonfun$apply$8.apply(TestFramework.scala:202)
      at sbt.TestFramework$$anon$2$$anonfun$$init$$1$$anonfun$apply$8.apply(TestFramework.scala:202)
      at sbt.TestFramework$.sbt$TestFramework$$withContextLoader(TestFramework.scala:185)
      at sbt.TestFramework$$anon$2$$anonfun$$init$$1.apply(TestFramework.scala:202)
      at sbt.TestFramework$$anon$2$$anonfun$$init$$1.apply(TestFramework.scala:202)
      at sbt.TestFunction.apply(TestFramework.scala:207)
      at sbt.Tests$$anonfun$9.apply(Tests.scala:216)
      at sbt.Tests$$anonfun$9.apply(Tests.scala:216)
      at sbt.std.Transform$$anon$3$$anonfun$apply$2.apply(System.scala:44)
      at sbt.std.Transform$$anon$3$$anonfun$apply$2.apply(System.scala:44)
      at sbt.std.Transform$$anon$4.work(System.scala:63)
      at sbt.Execute$$anonfun$submit$1$$anonfun$apply$1.apply(Execute.scala:226)
      at sbt.Execute$$anonfun$submit$1$$anonfun$apply$1.apply(Execute.scala:226)
      at sbt.ErrorHandling$.wideConvert(ErrorHandling.scala:17)
      at sbt.Execute.work(Execute.scala:235)
      at sbt.Execute$$anonfun$submit$1.apply(Execute.scala:226)
      at sbt.Execute$$anonfun$submit$1.apply(Execute.scala:226)
      at sbt.ConcurrentRestrictions$$anon$4$$anonfun$1.apply(ConcurrentRestrictions.scala:159)
      at sbt.CompletionService$$anon$2.call(CompletionService.scala:28)
      at java.util.concurrent.FutureTask.run(FutureTask.java:266)
      at java.util.concurrent.Executors$RunnableAdapter.call(Executors.java:511)
      at java.util.concurrent.FutureTask.run(FutureTask.java:266)
      at java.util.concurrent.ThreadPoolExecutor.runWorker(ThreadPoolExecutor.java:1142)
      at java.util.concurrent.ThreadPoolExecutor$Worker.run(ThreadPoolExecutor.java:617)
      at java.lang.Thread.run(Thread.java:745)
</pre>

          </div>

        </td>

        <td class="passed">passed

        </td>

        <td class="passed">passed

        </td>

        <td class="passed">passed

        </td>

        <td class="passed">passed

        </td>

        <td class="passed">passed

        </td>

        <td class="no-run">didn't run</td>

        <td class="no-run">didn't run</td>

        <td class="passed">passed

        </td>

    </tr>

    <tr>
        <td>~(7+3)</td>

        <td class="passed">passed

        </td>

        <td class="passed">passed

        </td>

        <td class="passed">passed

        </td>

        <td class="passed">passed

        </td>

        <td class="passed">passed

        </td>

        <td class="passed">passed

        </td>

        <td class="passed">passed

        </td>

        <td class="passed">passed

        </td>

        <td class="passed">passed

        </td>

        <td class="no-run">didn't run</td>

        <td class="no-run">didn't run</td>

        <td class="passed">passed

        </td>

    </tr>

    <tr>
        <td>~777</td>

        <td class="passed">passed

        </td>

        <td class="passed">passed

        </td>

        <td class="passed">passed

        </td>

        <td class="passed">passed

        </td>

        <td class="passed">passed

        </td>

        <td class="passed">passed

        </td>

        <td class="passed">passed

        </td>

        <td class="passed">passed

        </td>

        <td class="passed">passed

        </td>

        <td class="no-run">didn't run</td>

        <td class="no-run">didn't run</td>

        <td class="passed">passed

        </td>

    </tr>

    <tr>
        <th colspan="13" class="section">
            KSY compilation
        </th>
    </tr>

    <tr>
        <th>% passed</th>

        <td></td>

        <td>100%</td>

        <td>100%</td>

        <td>0%</td>

        <td>98%</td>

        <td>96%</td>

        <td>88%</td>

        <td>96%</td>

        <td>0%</td>

        <td>98%</td>

        <td>98%</td>

        <td>100%</td>

    </tr>


    <tr>
        <td>BufferedStruct</td>

        <td></td>

        <td class="passed">passed

        </td>

        <td class="passed">passed

        </td>

        <td class="no-run">didn't run</td>

        <td class="passed">passed

        </td>

        <td class="passed">passed

        </td>

        <td class="passed">passed

        </td>

        <td class="passed">passed

        </td>

        <td class="no-run">didn't run</td>

        <td class="passed">passed

        </td>

        <td class="passed">passed

        </td>

        <td class="passed">passed

        </td>

    </tr>

    <tr>
        <td>DefaultBigEndian</td>

        <td></td>

        <td class="passed">passed

        </td>

        <td class="passed">passed

        </td>

        <td class="no-run">didn't run</td>

        <td class="passed">passed

        </td>

        <td class="passed">passed

        </td>

        <td class="passed">passed

        </td>

        <td class="passed">passed

        </td>

        <td class="no-run">didn't run</td>

        <td class="passed">passed

        </td>

        <td class="passed">passed

        </td>

        <td class="passed">passed

        </td>

    </tr>

    <tr>
        <td>Enum0</td>

        <td></td>

        <td class="passed">passed

        </td>

        <td class="passed">passed

        </td>

        <td class="no-run">didn't run</td>

        <td class="passed">passed

        </td>

        <td class="passed">passed

        </td>

        <td class="passed">passed

        </td>

        <td class="passed">passed

        </td>

        <td class="no-run">didn't run</td>

        <td class="passed">passed

        </td>

        <td class="passed">passed

        </td>

        <td class="passed">passed

        </td>

    </tr>

    <tr>
        <td>EnumIf</td>

        <td></td>

        <td class="passed">passed

        </td>

        <td class="passed">passed

        </td>

        <td class="no-run">didn't run</td>

        <td class="passed">passed

        </td>

        <td class="passed">passed

        </td>

        <td class="passed">passed

        </td>

        <td class="passed">passed

        </td>

        <td class="no-run">didn't run</td>

        <td class="passed">passed

        </td>

        <td class="passed">passed

        </td>

        <td class="passed">passed

        </td>

    </tr>

    <tr>
        <td>EofExceptionBytes</td>

        <td></td>

        <td class="passed">passed

        </td>

        <td class="passed">passed

        </td>

        <td class="no-run">didn't run</td>

        <td class="passed">passed

        </td>

        <td class="passed">passed

        </td>

        <td class="passed">passed

        </td>

        <td class="passed">passed

        </td>

        <td class="no-run">didn't run</td>

        <td class="passed">passed

        </td>

        <td class="passed">passed

        </td>

        <td class="passed">passed

        </td>

    </tr>

    <tr>
        <td>Expr0</td>

        <td></td>

        <td class="passed">passed

        </td>

        <td class="passed">passed

        </td>

        <td class="no-run">didn't run</td>

        <td class="passed">passed

        </td>

        <td class="passed">passed

        </td>

        <td class="passed">passed

        </td>

        <td class="passed">passed

        </td>

        <td class="no-run">didn't run</td>

        <td class="passed">passed

        </td>

        <td class="passed">passed

        </td>

        <td class="passed">passed

        </td>

    </tr>

    <tr>
        <td>Expr1</td>

        <td></td>

        <td class="passed">passed

        </td>

        <td class="passed">passed

        </td>

        <td class="no-run">didn't run</td>

        <td class="passed">passed

        </td>

        <td class="passed">passed

        </td>

        <td class="passed">passed

        </td>

        <td class="passed">passed

        </td>

        <td class="no-run">didn't run</td>

        <td class="passed">passed

        </td>

        <td class="passed">passed

        </td>

        <td class="passed">passed

        </td>

    </tr>

    <tr>
        <td>Expr2</td>

        <td></td>

        <td class="passed">passed

        </td>

        <td class="passed">passed

        </td>

        <td class="no-run">didn't run</td>

        <td class="passed">passed

        </td>

        <td class="passed">passed

        </td>

        <td class="passed">passed

        </td>

        <td class="passed">passed

        </td>

        <td class="no-run">didn't run</td>

        <td class="passed">passed

        </td>

        <td class="passed">passed

        </td>

        <td class="passed">passed

        </td>

    </tr>

    <tr>
        <td>Expr3</td>

        <td></td>

        <td class="passed">passed

        </td>

        <td class="passed">passed

        </td>

        <td class="no-run">didn't run</td>

        <td class="passed">passed

        </td>

        <td class="passed">passed

        </td>

        <td class="passed">passed

        </td>

        <td class="passed">passed

        </td>

        <td class="no-run">didn't run</td>

        <td class="passed">passed

        </td>

        <td class="passed">passed

        </td>

        <td class="passed">passed

        </td>

    </tr>

    <tr>
        <td>ExprMod</td>

        <td></td>

        <td class="passed">passed

        </td>

        <td class="passed">passed

        </td>

        <td class="no-run">didn't run</td>

        <td class="format-build-failed">format build failed

        </td>

        <td class="passed">passed

        </td>

        <td class="passed">passed

        </td>

        <td class="failed">failed

          <div class="add-info">

              <div class="message"></div>

              <pre class="trace">Kaitai\Struct\Tests\ExprModTest::testExprMod
Failed asserting that -9 matches expected 4.

/home/travis/build/kaitai-io/kaitai_struct/tests/spec/php/ExprModTest.php:12
</pre>

          </div>

        </td>

        <td class="no-run">didn't run</td>

        <td class="passed">passed

        </td>

        <td class="passed">passed

        </td>

        <td class="passed">passed

        </td>

    </tr>

    <tr>
        <td>FixedStruct</td>

        <td></td>

        <td class="passed">passed

        </td>

        <td class="passed">passed

        </td>

        <td class="no-run">didn't run</td>

        <td class="passed">passed

        </td>

        <td class="passed">passed

        </td>

        <td class="passed">passed

        </td>

        <td class="passed">passed

        </td>

        <td class="no-run">didn't run</td>

        <td class="passed">passed

        </td>

        <td class="passed">passed

        </td>

        <td class="passed">passed

        </td>

    </tr>

    <tr>
        <td>FloatingPoints</td>

        <td></td>

        <td class="passed">passed

        </td>

        <td class="passed">passed

        </td>

        <td class="no-run">didn't run</td>

        <td class="passed">passed

        </td>

        <td class="passed">passed

        </td>

        <td class="passed">passed

        </td>

        <td class="passed">passed

        </td>

        <td class="no-run">didn't run</td>

        <td class="passed">passed

        </td>

        <td class="passed">passed

        </td>

        <td class="passed">passed

        </td>

    </tr>

    <tr>
        <td>HelloWorld</td>

        <td></td>

        <td class="passed">passed

        </td>

        <td class="passed">passed

        </td>

        <td class="no-run">didn't run</td>

        <td class="passed">passed

        </td>

        <td class="passed">passed

        </td>

        <td class="passed">passed

        </td>

        <td class="passed">passed

        </td>

        <td class="no-run">didn't run</td>

        <td class="passed">passed

        </td>

        <td class="passed">passed

        </td>

        <td class="passed">passed

        </td>

    </tr>

    <tr>
        <td>IfStruct</td>

        <td></td>

        <td class="passed">passed

        </td>

        <td class="passed">passed

        </td>

        <td class="no-run">didn't run</td>

        <td class="passed">passed

        </td>

        <td class="passed">passed

        </td>

        <td class="passed">passed

        </td>

        <td class="passed">passed

        </td>

        <td class="no-run">didn't run</td>

        <td class="passed">passed

        </td>

        <td class="passed">passed

        </td>

        <td class="passed">passed

        </td>

    </tr>

    <tr>
        <td>InstanceIoUser</td>

        <td></td>

        <td class="passed">passed

        </td>

        <td class="passed">passed

        </td>

        <td class="no-run">didn't run</td>

        <td class="passed">passed

        </td>

        <td class="passed">passed

        </td>

        <td class="passed">passed

        </td>

        <td class="passed">passed

        </td>

        <td class="no-run">didn't run</td>

        <td class="passed">passed

        </td>

        <td class="passed">passed

        </td>

        <td class="passed">passed

        </td>

    </tr>

    <tr>
        <td>InstanceStd</td>

        <td></td>

        <td class="passed">passed

        </td>

        <td class="passed">passed

        </td>

        <td class="no-run">didn't run</td>

        <td class="passed">passed

        </td>

        <td class="passed">passed

        </td>

        <td class="passed">passed

        </td>

        <td class="passed">passed

        </td>

        <td class="no-run">didn't run</td>

        <td class="passed">passed

        </td>

        <td class="passed">passed

        </td>

        <td class="passed">passed

        </td>

    </tr>

    <tr>
        <td>InstanceStdArray</td>

        <td></td>

        <td class="passed">passed

        </td>

        <td class="passed">passed

        </td>

        <td class="no-run">didn't run</td>

        <td class="passed">passed

        </td>

        <td class="passed">passed

        </td>

        <td class="passed">passed

        </td>

        <td class="passed">passed

        </td>

        <td class="no-run">didn't run</td>

        <td class="passed">passed

        </td>

        <td class="passed">passed

        </td>

        <td class="passed">passed

        </td>

    </tr>

    <tr>
        <td>InstanceUserArray</td>

        <td></td>

        <td class="passed">passed

        </td>

        <td class="passed">passed

        </td>

        <td class="no-run">didn't run</td>

        <td class="passed">passed

        </td>

        <td class="passed">passed

        </td>

        <td class="passed">passed

        </td>

        <td class="passed">passed

        </td>

        <td class="no-run">didn't run</td>

        <td class="passed">passed

        </td>

        <td class="passed">passed

        </td>

        <td class="passed">passed

        </td>

    </tr>

    <tr>
        <td>MultipleUse</td>

        <td></td>

        <td class="passed">passed

        </td>

        <td class="passed">passed

        </td>

        <td class="no-run">didn't run</td>

        <td class="passed">passed

        </td>

        <td class="passed">passed

        </td>

        <td class="passed">passed

        </td>

        <td class="passed">passed

        </td>

        <td class="no-run">didn't run</td>

        <td class="passed">passed

        </td>

        <td class="passed">passed

        </td>

        <td class="passed">passed

        </td>

    </tr>

    <tr>
        <td>NavParent</td>

        <td></td>

        <td class="passed">passed

        </td>

        <td class="passed">passed

        </td>

        <td class="no-run">didn't run</td>

        <td class="passed">passed

        </td>

        <td class="passed">passed

        </td>

        <td class="passed">passed

        </td>

        <td class="passed">passed

        </td>

        <td class="no-run">didn't run</td>

        <td class="passed">passed

        </td>

        <td class="passed">passed

        </td>

        <td class="passed">passed

        </td>

    </tr>

    <tr>
        <td>NavRoot</td>

        <td></td>

        <td class="passed">passed

        </td>

        <td class="passed">passed

        </td>

        <td class="no-run">didn't run</td>

        <td class="passed">passed

        </td>

        <td class="passed">passed

        </td>

        <td class="passed">passed

        </td>

        <td class="passed">passed

        </td>

        <td class="no-run">didn't run</td>

        <td class="passed">passed

        </td>

        <td class="passed">passed

        </td>

        <td class="passed">passed

        </td>

    </tr>

    <tr>
        <td>NestedSameName</td>

        <td></td>

        <td class="passed">passed

        </td>

        <td class="passed">passed

        </td>

        <td class="no-run">didn't run</td>

        <td class="passed">passed

        </td>

        <td class="passed">passed

        </td>

        <td class="no-run">didn't run</td>

        <td class="passed">passed

        </td>

        <td class="no-run">didn't run</td>

        <td class="passed">passed

        </td>

        <td class="passed">passed

        </td>

        <td class="passed">passed

        </td>

    </tr>

    <tr>
        <td>NestedSameName2</td>

        <td></td>

        <td class="passed">passed

        </td>

        <td class="passed">passed

        </td>

        <td class="no-run">didn't run</td>

        <td class="passed">passed

        </td>

        <td class="passed">passed

        </td>

        <td class="no-run">didn't run</td>

        <td class="passed">passed

        </td>

        <td class="no-run">didn't run</td>

        <td class="passed">passed

        </td>

        <td class="passed">passed

        </td>

        <td class="passed">passed

        </td>

    </tr>

    <tr>
        <td>NestedTypes</td>

        <td></td>

        <td class="passed">passed

        </td>

        <td class="passed">passed

        </td>

        <td class="no-run">didn't run</td>

        <td class="passed">passed

        </td>

        <td class="passed">passed

        </td>

        <td class="passed">passed

        </td>

        <td class="passed">passed

        </td>

        <td class="no-run">didn't run</td>

        <td class="passed">passed

        </td>

        <td class="passed">passed

        </td>

        <td class="passed">passed

        </td>

    </tr>

    <tr>
        <td>NestedTypes2</td>

        <td></td>

        <td class="passed">passed

        </td>

        <td class="passed">passed

        </td>

        <td class="no-run">didn't run</td>

        <td class="passed">passed

        </td>

        <td class="passed">passed

        </td>

        <td class="passed">passed

        </td>

        <td class="passed">passed

        </td>

        <td class="no-run">didn't run</td>

        <td class="passed">passed

        </td>

        <td class="passed">passed

        </td>

        <td class="passed">passed

        </td>

    </tr>

    <tr>
        <td>PositionAbs</td>

        <td></td>

        <td class="passed">passed

        </td>

        <td class="passed">passed

        </td>

        <td class="no-run">didn't run</td>

        <td class="passed">passed

        </td>

        <td class="passed">passed

        </td>

        <td class="passed">passed

        </td>

        <td class="passed">passed

        </td>

        <td class="no-run">didn't run</td>

        <td class="passed">passed

        </td>

        <td class="passed">passed

        </td>

        <td class="passed">passed

        </td>

    </tr>

    <tr>
        <td>PositionInSeq</td>

        <td></td>

        <td class="passed">passed

        </td>

        <td class="passed">passed

        </td>

        <td class="no-run">didn't run</td>

        <td class="passed">passed

        </td>

        <td class="passed">passed

        </td>

        <td class="passed">passed

        </td>

        <td class="passed">passed

        </td>

        <td class="no-run">didn't run</td>

        <td class="passed">passed

        </td>

        <td class="passed">passed

        </td>

        <td class="passed">passed

        </td>

    </tr>

    <tr>
        <td>PositionToEnd</td>

        <td></td>

        <td class="passed">passed

        </td>

        <td class="passed">passed

        </td>

        <td class="no-run">didn't run</td>

        <td class="passed">passed

        </td>

        <td class="passed">passed

        </td>

        <td class="passed">passed

        </td>

        <td class="passed">passed

        </td>

        <td class="no-run">didn't run</td>

        <td class="passed">passed

        </td>

        <td class="passed">passed

        </td>

        <td class="passed">passed

        </td>

    </tr>

    <tr>
        <td>ProcessRotate</td>

        <td></td>

        <td class="passed">passed

        </td>

        <td class="passed">passed

        </td>

        <td class="no-run">didn't run</td>

        <td class="passed">passed

        </td>

        <td class="passed">passed

        </td>

        <td class="passed">passed

        </td>

        <td class="passed">passed

        </td>

        <td class="no-run">didn't run</td>

        <td class="passed">passed

        </td>

        <td class="passed">passed

        </td>

        <td class="passed">passed

        </td>

    </tr>

    <tr>
        <td>ProcessToUser</td>

        <td></td>

        <td class="passed">passed

        </td>

        <td class="passed">passed

        </td>

        <td class="no-run">didn't run</td>

        <td class="passed">passed

        </td>

        <td class="passed">passed

        </td>

        <td class="passed">passed

        </td>

        <td class="passed">passed

        </td>

        <td class="no-run">didn't run</td>

        <td class="passed">passed

        </td>

        <td class="passed">passed

        </td>

        <td class="passed">passed

        </td>

    </tr>

    <tr>
        <td>ProcessXor4Const</td>

        <td></td>

        <td class="passed">passed

        </td>

        <td class="passed">passed

        </td>

        <td class="no-run">didn't run</td>

        <td class="passed">passed

        </td>

        <td class="passed">passed

        </td>

        <td class="passed">passed

        </td>

        <td class="passed">passed

        </td>

        <td class="no-run">didn't run</td>

        <td class="passed">passed

        </td>

        <td class="passed">passed

        </td>

        <td class="passed">passed

        </td>

    </tr>

    <tr>
        <td>ProcessXor4Value</td>

        <td></td>

        <td class="passed">passed

        </td>

        <td class="passed">passed

        </td>

        <td class="no-run">didn't run</td>

        <td class="passed">passed

        </td>

        <td class="passed">passed

        </td>

        <td class="passed">passed

        </td>

        <td class="passed">passed

        </td>

        <td class="no-run">didn't run</td>

        <td class="passed">passed

        </td>

        <td class="passed">passed

        </td>

        <td class="passed">passed

        </td>

    </tr>

    <tr>
        <td>ProcessXorConst</td>

        <td></td>

        <td class="passed">passed

        </td>

        <td class="passed">passed

        </td>

        <td class="no-run">didn't run</td>

        <td class="passed">passed

        </td>

        <td class="passed">passed

        </td>

        <td class="passed">passed

        </td>

        <td class="passed">passed

        </td>

        <td class="no-run">didn't run</td>

        <td class="passed">passed

        </td>

        <td class="passed">passed

        </td>

        <td class="passed">passed

        </td>

    </tr>

    <tr>
        <td>ProcessXorValue</td>

        <td></td>

        <td class="passed">passed

        </td>

        <td class="passed">passed

        </td>

        <td class="no-run">didn't run</td>

        <td class="passed">passed

        </td>

        <td class="passed">passed

        </td>

        <td class="passed">passed

        </td>

        <td class="passed">passed

        </td>

        <td class="no-run">didn't run</td>

        <td class="passed">passed

        </td>

        <td class="passed">passed

        </td>

        <td class="passed">passed

        </td>

    </tr>

    <tr>
        <td>RepeatEosStruct</td>

        <td></td>

        <td class="passed">passed

        </td>

        <td class="passed">passed

        </td>

        <td class="no-run">didn't run</td>

        <td class="passed">passed

        </td>

        <td class="passed">passed

        </td>

        <td class="passed">passed

        </td>

        <td class="passed">passed

        </td>

        <td class="no-run">didn't run</td>

        <td class="passed">passed

        </td>

        <td class="passed">passed

        </td>

        <td class="passed">passed

        </td>

    </tr>

    <tr>
        <td>RepeatEosU4</td>

        <td></td>

        <td class="passed">passed

        </td>

        <td class="passed">passed

        </td>

        <td class="no-run">didn't run</td>

        <td class="passed">passed

        </td>

        <td class="passed">passed

        </td>

        <td class="passed">passed

        </td>

        <td class="passed">passed

        </td>

        <td class="no-run">didn't run</td>

        <td class="passed">passed

        </td>

        <td class="passed">passed

        </td>

        <td class="passed">passed

        </td>

    </tr>

    <tr>
        <td>RepeatNStruct</td>

        <td></td>

        <td class="passed">passed

        </td>

        <td class="passed">passed

        </td>

        <td class="no-run">didn't run</td>

        <td class="passed">passed

        </td>

        <td class="passed">passed

        </td>

        <td class="passed">passed

        </td>

        <td class="passed">passed

        </td>

        <td class="no-run">didn't run</td>

        <td class="passed">passed

        </td>

        <td class="passed">passed

        </td>

        <td class="passed">passed

        </td>

    </tr>

    <tr>
        <td>RepeatNStrz</td>

        <td></td>

        <td class="passed">passed

        </td>

        <td class="passed">passed

        </td>

        <td class="no-run">didn't run</td>

        <td class="passed">passed

        </td>

        <td class="passed">passed

        </td>

        <td class="passed">passed

        </td>

        <td class="passed">passed

        </td>

        <td class="no-run">didn't run</td>

        <td class="passed">passed

        </td>

        <td class="passed">passed

        </td>

        <td class="passed">passed

        </td>

    </tr>

    <tr>
        <td>RepeatNStrzDouble</td>

        <td></td>

        <td class="passed">passed

        </td>

        <td class="passed">passed

        </td>

        <td class="no-run">didn't run</td>

        <td class="passed">passed

        </td>

        <td class="passed">passed

        </td>

        <td class="passed">passed

        </td>

        <td class="passed">passed

        </td>

        <td class="no-run">didn't run</td>

        <td class="passed">passed

        </td>

        <td class="passed">passed

        </td>

        <td class="passed">passed

        </td>

    </tr>

    <tr>
        <td>RepeatUntilComplex</td>

        <td></td>

        <td class="passed">passed

        </td>

        <td class="passed">passed

        </td>

        <td class="no-run">didn't run</td>

        <td class="passed">passed

        </td>

        <td class="passed">passed

        </td>

        <td class="passed">passed

        </td>

        <td class="passed">passed

        </td>

        <td class="no-run">didn't run</td>

        <td class="passed">passed

        </td>

        <td class="passed">passed

        </td>

        <td class="passed">passed

        </td>

    </tr>

    <tr>
        <td>RepeatUntilS4</td>

        <td></td>

        <td class="passed">passed

        </td>

        <td class="passed">passed

        </td>

        <td class="no-run">didn't run</td>

        <td class="passed">passed

        </td>

        <td class="passed">passed

        </td>

        <td class="passed">passed

        </td>

        <td class="passed">passed

        </td>

        <td class="no-run">didn't run</td>

        <td class="passed">passed

        </td>

        <td class="passed">passed

        </td>

        <td class="passed">passed

        </td>

    </tr>

    <tr>
        <td>StrEncodings</td>

        <td></td>

        <td class="passed">passed

        </td>

        <td class="passed">passed

        </td>

        <td class="no-run">didn't run</td>

        <td class="passed">passed

        </td>

        <td class="failed">failed

          <div class="add-info">

              <div class="message"></div>

              <pre class="trace">Cannot find module 'iconv-lite'
Error: Cannot find module 'iconv-lite'
    at require (internal/module.js:20:19)
    at Function.KaitaiStream.arrayToString (/home/travis/build/kaitai-io/kaitai_struct/runtime/javascript/KaitaiStream.js:577:38)
    at Object.KaitaiStream.readStrByteLimit (/home/travis/build/kaitai-io/kaitai_struct/runtime/javascript/KaitaiStream.js:412:23)
    at new StrEncodings (compiled/javascript/StrEncodings.js:14:26)
    at helpers/javascript/testHelper.js:12:17
    at FSReqWrap.readFileAfterClose [as oncomplete] (fs.js:404:3)</pre>

          </div>

        </td>

        <td class="passed">passed

        </td>

        <td class="passed">passed

        </td>

        <td class="no-run">didn't run</td>

        <td class="passed">passed

        </td>

        <td class="passed">passed

        </td>

        <td class="passed">passed

        </td>

    </tr>

    <tr>
        <td>StrEos</td>

        <td></td>

        <td class="passed">passed

        </td>

        <td class="passed">passed

        </td>

        <td class="no-run">didn't run</td>

        <td class="passed">passed

        </td>

        <td class="passed">passed

        </td>

        <td class="passed">passed

        </td>

        <td class="passed">passed

        </td>

        <td class="no-run">didn't run</td>

        <td class="passed">passed

        </td>

        <td class="passed">passed

        </td>

        <td class="passed">passed

        </td>

    </tr>

    <tr>
        <td>SwitchManualEnum</td>

        <td></td>

        <td class="passed">passed

        </td>

        <td class="passed">passed

        </td>

        <td class="no-run">didn't run</td>

        <td class="passed">passed

        </td>

        <td class="failed">failed

          <div class="add-info">

              <div class="message"></div>

              <pre class="trace">Cannot read property 'INTVAL' of undefined
TypeError: Cannot read property 'INTVAL' of undefined
    at new Opcode (compiled/javascript/SwitchManualEnum.js:27:43)
    at new SwitchManualEnum (compiled/javascript/SwitchManualEnum.js:11:25)
    at helpers/javascript/testHelper.js:12:17
    at FSReqWrap.readFileAfterClose [as oncomplete] (fs.js:404:3)</pre>

          </div>

        </td>

        <td class="failed">failed

          <div class="add-info">

              <div class="message">The test suite died before a plan was produced. You need to have a plan.</div>

              <pre class="trace">No plan</pre>

          </div>

        </td>

        <td class="failed">failed

          <div class="add-info">

              <div class="message"></div>

              <pre class="trace">Kaitai\Struct\Tests\SwitchManualEnumTest::testSwitchManualEnum
attempt to autoload "Kaitai\Struct\Tests\SwitchManualEnum\CodeEnum" failed

/home/travis/build/kaitai-io/kaitai_struct/tests/spec/php/_bootstrap.php:16
/home/travis/build/kaitai-io/kaitai_struct/tests/compiled/php/SwitchManualEnum.php:33
/home/travis/build/kaitai-io/kaitai_struct/tests/compiled/php/SwitchManualEnum.php:28
/home/travis/build/kaitai-io/kaitai_struct/tests/compiled/php/SwitchManualEnum.php:15
/home/travis/build/kaitai-io/kaitai_struct/tests/compiled/php/SwitchManualEnum.php:10
/home/travis/build/kaitai-io/kaitai_struct/runtime/php/lib/Kaitai/Struct/Struct.php:18
/home/travis/build/kaitai-io/kaitai_struct/tests/spec/php/SwitchManualEnumTest.php:6
</pre>

          </div>

        </td>

        <td class="no-run">didn't run</td>

        <td class="failed">failed

          <div class="add-info">

              <div class="message">SwitchManualEnum instance has no attribute 'CodeEnum'</div>

              <pre class="trace">

Traceback (most recent call last):
  File "/home/travis/build/kaitai-io/kaitai_struct/tests/spec/python/test_switch_manual_enum.py", line 7, in test_switch_manual_enum
    with SwitchManualEnum.from_file("src/switch_opcodes.bin") as r:
  File "/home/travis/build/kaitai-io/kaitai_struct/runtime/python/kaitaistruct.py", line 28, in from_file
    return cls(KaitaiStream(f))
  File "/home/travis/build/kaitai-io/kaitai_struct/tests/compiled/python/switch_manual_enum.py", line 18, in __init__
    self.opcodes.append(self._root.Opcode(self._io, self, self._root))
  File "/home/travis/build/kaitai-io/kaitai_struct/tests/compiled/python/switch_manual_enum.py", line 30, in __init__
    self.code = self._root.CodeEnum(self._io.read_u1())
AttributeError: SwitchManualEnum instance has no attribute 'CodeEnum'

		</pre>

          </div>

        </td>

        <td class="failed">failed

          <div class="add-info">

              <div class="message">'SwitchManualEnum' object has no attribute 'CodeEnum'</div>

              <pre class="trace">

Traceback (most recent call last):
  File "/home/travis/build/kaitai-io/kaitai_struct/tests/spec/python/test_switch_manual_enum.py", line 7, in test_switch_manual_enum
    with SwitchManualEnum.from_file("src/switch_opcodes.bin") as r:
  File "/home/travis/build/kaitai-io/kaitai_struct/runtime/python/kaitaistruct.py", line 28, in from_file
    return cls(KaitaiStream(f))
  File "/home/travis/build/kaitai-io/kaitai_struct/tests/compiled/python/switch_manual_enum.py", line 18, in __init__
    self.opcodes.append(self._root.Opcode(self._io, self, self._root))
  File "/home/travis/build/kaitai-io/kaitai_struct/tests/compiled/python/switch_manual_enum.py", line 30, in __init__
    self.code = self._root.CodeEnum(self._io.read_u1())
AttributeError: 'SwitchManualEnum' object has no attribute 'CodeEnum'

		</pre>

          </div>

        </td>

        <td class="passed">passed

        </td>

    </tr>

    <tr>
        <td>SwitchManualInt</td>

        <td></td>

        <td class="passed">passed

        </td>

        <td class="passed">passed

        </td>

        <td class="no-run">didn't run</td>

        <td class="passed">passed

        </td>

        <td class="passed">passed

        </td>

        <td class="passed">passed

        </td>

        <td class="passed">passed

        </td>

        <td class="no-run">didn't run</td>

        <td class="passed">passed

        </td>

        <td class="passed">passed

        </td>

        <td class="passed">passed

        </td>

    </tr>

    <tr>
        <td>SwitchManualIntElse</td>

        <td></td>

        <td class="passed">passed

        </td>

        <td class="passed">passed

        </td>

        <td class="no-run">didn't run</td>

        <td class="passed">passed

        </td>

        <td class="passed">passed

        </td>

        <td class="passed">passed

        </td>

        <td class="passed">passed

        </td>

        <td class="no-run">didn't run</td>

        <td class="passed">passed

        </td>

        <td class="passed">passed

        </td>

        <td class="passed">passed

        </td>

    </tr>

    <tr>
        <td>SwitchManualIntSize</td>

        <td></td>

        <td class="passed">passed

        </td>

        <td class="passed">passed

        </td>

        <td class="no-run">didn't run</td>

        <td class="passed">passed

        </td>

        <td class="passed">passed

        </td>

        <td class="no-run">didn't run</td>

        <td class="passed">passed

        </td>

        <td class="no-run">didn't run</td>

        <td class="passed">passed

        </td>

        <td class="passed">passed

        </td>

        <td class="passed">passed

        </td>

    </tr>

    <tr>
        <td>SwitchManualIntSizeElse</td>

        <td></td>

        <td class="passed">passed

        </td>

        <td class="passed">passed

        </td>

        <td class="no-run">didn't run</td>

        <td class="passed">passed

        </td>

        <td class="passed">passed

        </td>

        <td class="no-run">didn't run</td>

        <td class="passed">passed

        </td>

        <td class="no-run">didn't run</td>

        <td class="passed">passed

        </td>

        <td class="passed">passed

        </td>

        <td class="passed">passed

        </td>

    </tr>

    <tr>
        <td>SwitchManualIntSizeEos</td>

        <td></td>

        <td class="passed">passed

        </td>

        <td class="passed">passed

        </td>

        <td class="no-run">didn't run</td>

        <td class="passed">passed

        </td>

        <td class="passed">passed

        </td>

        <td class="no-run">didn't run</td>

        <td class="passed">passed

        </td>

        <td class="no-run">didn't run</td>

        <td class="passed">passed

        </td>

        <td class="passed">passed

        </td>

        <td class="passed">passed

        </td>

    </tr>

    <tr>
        <td>SwitchManualStr</td>

        <td></td>

        <td class="passed">passed

        </td>

        <td class="passed">passed

        </td>

        <td class="no-run">didn't run</td>

        <td class="passed">passed

        </td>

        <td class="passed">passed

        </td>

        <td class="passed">passed

        </td>

        <td class="passed">passed

        </td>

        <td class="no-run">didn't run</td>

        <td class="passed">passed

        </td>

        <td class="passed">passed

        </td>

        <td class="passed">passed

        </td>

    </tr>

    <tr>
        <td>TermStrz</td>

        <td></td>

        <td class="passed">passed

        </td>

        <td class="passed">passed

        </td>

        <td class="no-run">didn't run</td>

        <td class="passed">passed

        </td>

        <td class="passed">passed

        </td>

        <td class="passed">passed

        </td>

        <td class="passed">passed

        </td>

        <td class="no-run">didn't run</td>

        <td class="passed">passed

        </td>

        <td class="passed">passed

        </td>

        <td class="passed">passed

        </td>

    </tr>

    <tr>
        <td>TypeIntUnaryOp</td>

        <td></td>

        <td class="passed">passed

        </td>

        <td class="passed">passed

        </td>

        <td class="no-run">didn't run</td>

        <td class="passed">passed

        </td>

        <td class="passed">passed

        </td>

        <td class="passed">passed

        </td>

        <td class="passed">passed

        </td>

        <td class="no-run">didn't run</td>

        <td class="passed">passed

        </td>

        <td class="passed">passed

        </td>

        <td class="passed">passed

        </td>

    </tr>

    <tr>
        <td>ZlibWithHeader78</td>

        <td></td>

        <td class="passed">passed

        </td>

        <td class="passed">passed

        </td>

        <td class="no-run">didn't run</td>

        <td class="passed">passed

        </td>

        <td class="passed">passed

        </td>

        <td class="passed">passed

        </td>

        <td class="passed">passed

        </td>

        <td class="no-run">didn't run</td>

        <td class="passed">passed

        </td>

        <td class="passed">passed

        </td>

        <td class="passed">passed

        </td>

    </tr>

    </table>
    </div>

<script>
$('.failed').on('click', function(ev) {
     $(ev.target).find('.add-info').toggle();
});
</script>

</body>
</html>
